OMNeT++ Discrete Event Simulation  (C) 1992-2024 Andras Varga, OpenSim Ltd.
Version: 6.1, build: 241008-f7568267cd, edition: Academic Public License -- NOT FOR COMMERCIAL USE
See the license for distribution terms and warranty disclaimer

Setting up Cmdenv...

Loading NED files from .:  5
Loading NED files from ned:  5
Loading NED files from /home/ubuntu/Desktop/theis/project_g_f/thesis-main:  5
Loading NED files from /home/ubuntu/Desktop/theis/project_g_f/thesis-main/ned:  5

Preparing for running configuration Secure_20, run #0...
Assigned runID=Secure_20-0-20250818-17:39:26-5515
Setting up network "ned.LightIoTNetwork"...
Recording eventlog to file `results/Secure_20-#0.elog'...
Initializing...
Initializing module LightIoTNetwork, stage 0
Initializing module LightIoTNetwork.sensor[0], stage 0
Initializing module LightIoTNetwork.sensor[1], stage 0
Initializing module LightIoTNetwork.sensor[2], stage 0
Initializing module LightIoTNetwork.sensor[3], stage 0
Initializing module LightIoTNetwork.sensor[4], stage 0
Initializing module LightIoTNetwork.sensor[5], stage 0
Initializing module LightIoTNetwork.sensor[6], stage 0
Initializing module LightIoTNetwork.sensor[7], stage 0
Initializing module LightIoTNetwork.sensor[8], stage 0
Initializing module LightIoTNetwork.sensor[9], stage 0
Initializing module LightIoTNetwork.sensor[10], stage 0
Initializing module LightIoTNetwork.sensor[11], stage 0
Initializing module LightIoTNetwork.sensor[12], stage 0
Initializing module LightIoTNetwork.sensor[13], stage 0
Initializing module LightIoTNetwork.sensor[14], stage 0
Initializing module LightIoTNetwork.sensor[15], stage 0
Initializing module LightIoTNetwork.sensor[16], stage 0
Initializing module LightIoTNetwork.sensor[17], stage 0
Initializing module LightIoTNetwork.sensor[18], stage 0
Initializing module LightIoTNetwork.sensor[19], stage 0
Initializing module LightIoTNetwork.gateway, stage 0
Initializing module LightIoTNetwork.cloud, stage 0
Initializing module LightIoTNetwork.fakeNode, stage 0

Running simulation...
** Event #1  t=0.556712975726  5% completed  (5% total)   LightIoTNetwork.sensor[15] (SensorNode, id=17)
** Event #2  t=0.556712975726  5% completed  (5% total)   LightIoTNetwork.gateway (GatewayNode, id=22)
** Event #3  t=0.557712975726  5% completed  (5% total)   LightIoTNetwork.cloud (CloudServer, id=23)
[INFO]	[CloudServer] Received message ID=1600000 | Delay: 0.001s
** Event #4  t=0.772656294517  7% completed  (7% total)   LightIoTNetwork.sensor[17] (SensorNode, id=19)
** Event #5  t=0.772656294517  7% completed  (7% total)   LightIoTNetwork.gateway (GatewayNode, id=22)
** Event #6  t=0.773656294517  7% completed  (7% total)   LightIoTNetwork.cloud (CloudServer, id=23)
[INFO]	[CloudServer] Received message ID=1800000 | Delay: 0.001s
** Event #7  t=0.797534605255  7% completed  (7% total)   LightIoTNetwork.sensor[13] (SensorNode, id=15)
** Event #8  t=0.797534605255  7% completed  (7% total)   LightIoTNetwork.gateway (GatewayNode, id=22)
** Event #9  t=0.798534605255  7% completed  (7% total)   LightIoTNetwork.cloud (CloudServer, id=23)
[INFO]	[CloudServer] Received message ID=1400000 | Delay: 0.001s
** Event #10  t=0.88344152132  8% completed  (8% total)   LightIoTNetwork.sensor[18] (SensorNode, id=20)
** Event #11  t=0.88344152132  8% completed  (8% total)   LightIoTNetwork.gateway (GatewayNode, id=22)
** Event #12  t=0.884381708223  8% completed  (8% total)   LightIoTNetwork.sensor[11] (SensorNode, id=13)
** Event #13  t=0.884381708223  8% completed  (8% total)   LightIoTNetwork.gateway (GatewayNode, id=22)
** Event #14  t=0.88444152132  8% completed  (8% total)   LightIoTNetwork.cloud (CloudServer, id=23)
[INFO]	[CloudServer] Received message ID=1900000 | Delay: 0.001s
** Event #15  t=0.885381708223  8% completed  (8% total)   LightIoTNetwork.cloud (CloudServer, id=23)
[INFO]	[CloudServer] Received message ID=1200000 | Delay: 0.001s
** Event #16  t=0.923654796788  9% completed  (9% total)   LightIoTNetwork.sensor[8] (SensorNode, id=10)
** Event #17  t=0.923654796788  9% completed  (9% total)   LightIoTNetwork.gateway (GatewayNode, id=22)
** Event #18  t=0.924654796788  9% completed  (9% total)   LightIoTNetwork.cloud (CloudServer, id=23)
[INFO]	[CloudServer] Received message ID=900000 | Delay: 0.001s
** Event #19  t=0.937587209977  9% completed  (9% total)   LightIoTNetwork.sensor[12] (SensorNode, id=14)
** Event #20  t=0.937587209977  9% completed  (9% total)   LightIoTNetwork.gateway (GatewayNode, id=22)
** Event #21  t=0.938587209977  9% completed  (9% total)   LightIoTNetwork.cloud (CloudServer, id=23)
[INFO]	[CloudServer] Received message ID=1300000 | Delay: 0.001s
** Event #22  t=0.977665111655  9% completed  (9% total)   LightIoTNetwork.sensor[19] (SensorNode, id=21)
** Event #23  t=0.977665111655  9% completed  (9% total)   LightIoTNetwork.gateway (GatewayNode, id=22)
** Event #24  t=0.978665111655  9% completed  (9% total)   LightIoTNetwork.cloud (CloudServer, id=23)
[INFO]	[CloudServer] Received message ID=2000000 | Delay: 0.001s
** Event #25  t=1.044883177383  10% completed  (10% total)   LightIoTNetwork.sensor[6] (SensorNode, id=8)
** Event #26  t=1.044883177383  10% completed  (10% total)   LightIoTNetwork.gateway (GatewayNode, id=22)
** Event #27  t=1.045883177383  10% completed  (10% total)   LightIoTNetwork.cloud (CloudServer, id=23)
[INFO]	[CloudServer] Received message ID=700000 | Delay: 0.001s
** Event #28  t=1.048813502304  10% completed  (10% total)   LightIoTNetwork.sensor[0] (SensorNode, id=2)
** Event #29  t=1.048813502304  10% completed  (10% total)   LightIoTNetwork.gateway (GatewayNode, id=22)
** Event #30  t=1.049813502304  10% completed  (10% total)   LightIoTNetwork.cloud (CloudServer, id=23)
[INFO]	[CloudServer] Received message ID=100000 | Delay: 0.001s
** Event #31  t=1.092844616389  10% completed  (10% total)   LightIoTNetwork.sensor[1] (SensorNode, id=3)
** Event #32  t=1.092844616389  10% completed  (10% total)   LightIoTNetwork.gateway (GatewayNode, id=22)
** Event #33  t=1.093844616389  10% completed  (10% total)   LightIoTNetwork.cloud (CloudServer, id=23)
[INFO]	[CloudServer] Received message ID=200000 | Delay: 0.001s
** Event #34  t=1.102763370378  11% completed  (11% total)   LightIoTNetwork.sensor[4] (SensorNode, id=6)
** Event #35  t=1.102763370378  11% completed  (11% total)   LightIoTNetwork.gateway (GatewayNode, id=22)
** Event #36  t=1.103763370378  11% completed  (11% total)   LightIoTNetwork.cloud (CloudServer, id=23)
[INFO]	[CloudServer] Received message ID=500000 | Delay: 0.001s
** Event #37  t=1.123563696397  11% completed  (11% total)   LightIoTNetwork.sensor[9] (SensorNode, id=11)
** Event #38  t=1.123563696397  11% completed  (11% total)   LightIoTNetwork.gateway (GatewayNode, id=22)
** Event #39  t=1.124563696397  11% completed  (11% total)   LightIoTNetwork.cloud (CloudServer, id=23)
[INFO]	[CloudServer] Received message ID=1000000 | Delay: 0.001s
** Event #40  t=1.145894115092  11% completed  (11% total)   LightIoTNetwork.sensor[10] (SensorNode, id=12)
** Event #41  t=1.145894115092  11% completed  (11% total)   LightIoTNetwork.gateway (GatewayNode, id=22)
** Event #42  t=1.146894115092  11% completed  (11% total)   LightIoTNetwork.cloud (CloudServer, id=23)
[INFO]	[CloudServer] Received message ID=1100000 | Delay: 0.001s
** Event #43  t=1.215189364972  12% completed  (12% total)   LightIoTNetwork.sensor[2] (SensorNode, id=4)
** Event #44  t=1.215189364972  12% completed  (12% total)   LightIoTNetwork.gateway (GatewayNode, id=22)
** Event #45  t=1.216189364972  12% completed  (12% total)   LightIoTNetwork.cloud (CloudServer, id=23)
[INFO]	[CloudServer] Received message ID=300000 | Delay: 0.001s
** Event #46  t=1.34426574409  13% completed  (13% total)   LightIoTNetwork.sensor[3] (SensorNode, id=5)
** Event #47  t=1.34426574409  13% completed  (13% total)   LightIoTNetwork.gateway (GatewayNode, id=22)
** Event #48  t=1.34526574409  13% completed  (13% total)   LightIoTNetwork.cloud (CloudServer, id=23)
[INFO]	[CloudServer] Received message ID=400000 | Delay: 0.001s
** Event #49  t=1.347251737257  13% completed  (13% total)   LightIoTNetwork.sensor[7] (SensorNode, id=9)
** Event #50  t=1.347251737257  13% completed  (13% total)   LightIoTNetwork.gateway (GatewayNode, id=22)
** Event #51  t=1.348251737257  13% completed  (13% total)   LightIoTNetwork.cloud (CloudServer, id=23)
[INFO]	[CloudServer] Received message ID=800000 | Delay: 0.001s
** Event #52  t=1.357945619849  13% completed  (13% total)   LightIoTNetwork.sensor[5] (SensorNode, id=7)
** Event #53  t=1.357945619849  13% completed  (13% total)   LightIoTNetwork.gateway (GatewayNode, id=22)
** Event #54  t=1.358945619849  13% completed  (13% total)   LightIoTNetwork.cloud (CloudServer, id=23)
[INFO]	[CloudServer] Received message ID=600000 | Delay: 0.001s
** Event #55  t=1.391773001757  13% completed  (13% total)   LightIoTNetwork.sensor[14] (SensorNode, id=16)
** Event #56  t=1.391773001757  13% completed  (13% total)   LightIoTNetwork.gateway (GatewayNode, id=22)
** Event #57  t=1.392773001757  13% completed  (13% total)   LightIoTNetwork.cloud (CloudServer, id=23)
[INFO]	[CloudServer] Received message ID=1500000 | Delay: 0.001s
** Event #58  t=1.463662764058  14% completed  (14% total)   LightIoTNetwork.sensor[16] (SensorNode, id=18)
** Event #59  t=1.463662764058  14% completed  (14% total)   LightIoTNetwork.gateway (GatewayNode, id=22)
** Event #60  t=1.464662764058  14% completed  (14% total)   LightIoTNetwork.cloud (CloudServer, id=23)
[INFO]	[CloudServer] Received message ID=1700000 | Delay: 0.001s
** Event #61  t=1.619146721019  16% completed  (16% total)   LightIoTNetwork.sensor[15] (SensorNode, id=17)
** Event #62  t=1.619146721019  16% completed  (16% total)   LightIoTNetwork.gateway (GatewayNode, id=22)
** Event #63  t=1.620146721019  16% completed  (16% total)   LightIoTNetwork.cloud (CloudServer, id=23)
[INFO]	[CloudServer] Received message ID=1600001 | Delay: 0.001s
** Event #64  t=1.778435278823  17% completed  (17% total)   LightIoTNetwork.sensor[17] (SensorNode, id=19)
** Event #65  t=1.778435278823  17% completed  (17% total)   LightIoTNetwork.gateway (GatewayNode, id=22)
** Event #66  t=1.779435278823  17% completed  (17% total)   LightIoTNetwork.cloud (CloudServer, id=23)
[INFO]	[CloudServer] Received message ID=1800001 | Delay: 0.001s
** Event #67  t=1.793530039535  17% completed  (17% total)   LightIoTNetwork.sensor[13] (SensorNode, id=15)
** Event #68  t=1.793530039535  17% completed  (17% total)   LightIoTNetwork.gateway (GatewayNode, id=22)
** Event #69  t=1.794530039535  17% completed  (17% total)   LightIoTNetwork.cloud (CloudServer, id=23)
[INFO]	[CloudServer] Received message ID=1400001 | Delay: 0.001s
** Event #70  t=1.862938666856  18% completed  (18% total)   LightIoTNetwork.sensor[11] (SensorNode, id=13)
** Event #71  t=1.862938666856  18% completed  (18% total)   LightIoTNetwork.gateway (GatewayNode, id=22)
** Event #72  t=1.863938666856  18% completed  (18% total)   LightIoTNetwork.cloud (CloudServer, id=23)
[INFO]	[CloudServer] Received message ID=1200001 | Delay: 0.001s
** Event #73  t=1.891872323397  18% completed  (18% total)   LightIoTNetwork.sensor[19] (SensorNode, id=21)
** Event #74  t=1.891872323397  18% completed  (18% total)   LightIoTNetwork.gateway (GatewayNode, id=22)
** Event #75  t=1.892872323397  18% completed  (18% total)   LightIoTNetwork.cloud (CloudServer, id=23)
[INFO]	[CloudServer] Received message ID=2000001 | Delay: 0.001s
** Event #76  t=1.897050434071  18% completed  (18% total)   LightIoTNetwork.sensor[18] (SensorNode, id=20)
** Event #77  t=1.897050434071  18% completed  (18% total)   LightIoTNetwork.gateway (GatewayNode, id=22)
** Event #78  t=1.898050434071  18% completed  (18% total)   LightIoTNetwork.cloud (CloudServer, id=23)
[INFO]	[CloudServer] Received message ID=1900001 | Delay: 0.001s
** Event #79  t=1.966239361698  19% completed  (19% total)   LightIoTNetwork.sensor[0] (SensorNode, id=2)
** Event #80  t=1.966239361698  19% completed  (19% total)   LightIoTNetwork.gateway (GatewayNode, id=22)
** Event #81  t=1.967239361698  19% completed  (19% total)   LightIoTNetwork.cloud (CloudServer, id=23)
[INFO]	[CloudServer] Received message ID=100001 | Delay: 0.001s
** Event #82  t=2.004802963743  20% completed  (20% total)   LightIoTNetwork.sensor[12] (SensorNode, id=14)
** Event #83  t=2.004802963743  20% completed  (20% total)   LightIoTNetwork.gateway (GatewayNode, id=22)
** Event #84  t=2.005802963743  20% completed  (20% total)   LightIoTNetwork.cloud (CloudServer, id=23)
[INFO]	[CloudServer] Received message ID=1300001 | Delay: 0.001s
** Event #85  t=2.006807050202  20% completed  (20% total)   LightIoTNetwork.sensor[4] (SensorNode, id=6)
** Event #86  t=2.006807050202  20% completed  (20% total)   LightIoTNetwork.gateway (GatewayNode, id=22)
** Event #87  t=2.007807050202  20% completed  (20% total)   LightIoTNetwork.cloud (CloudServer, id=23)
[INFO]	[CloudServer] Received message ID=500001 | Delay: 0.001s
** Event #88  t=2.008774123434  20% completed  (20% total)   LightIoTNetwork.sensor[8] (SensorNode, id=10)
** Event #89  t=2.008774123434  20% completed  (20% total)   LightIoTNetwork.gateway (GatewayNode, id=22)
** Event #90  t=2.009774123434  20% completed  (20% total)   LightIoTNetwork.cloud (CloudServer, id=23)
[INFO]	[CloudServer] Received message ID=900001 | Delay: 0.001s
** Event #91  t=2.012362409709  20% completed  (20% total)   LightIoTNetwork.sensor[6] (SensorNode, id=8)
** Event #92  t=2.012362409709  20% completed  (20% total)   LightIoTNetwork.gateway (GatewayNode, id=22)
** Event #93  t=2.013362409709  20% completed  (20% total)   LightIoTNetwork.cloud (CloudServer, id=23)
[INFO]	[CloudServer] Received message ID=700001 | Delay: 0.001s
** Event #94  t=2.097212003869  20% completed  (20% total)   LightIoTNetwork.sensor[9] (SensorNode, id=11)
** Event #95  t=2.097212003869  20% completed  (20% total)   LightIoTNetwork.gateway (GatewayNode, id=22)
** Event #96  t=2.098212003869  20% completed  (20% total)   LightIoTNetwork.cloud (CloudServer, id=23)
[INFO]	[CloudServer] Received message ID=1000001 | Delay: 0.001s
** Event #97  t=2.1224789917  21% completed  (21% total)   LightIoTNetwork.sensor[1] (SensorNode, id=3)
** Event #98  t=2.1224789917  21% completed  (21% total)   LightIoTNetwork.gateway (GatewayNode, id=22)
** Event #99  t=2.1234789917  21% completed  (21% total)   LightIoTNetwork.cloud (CloudServer, id=23)
[INFO]	[CloudServer] Received message ID=200001 | Delay: 0.001s
** Event #100  t=2.21241808366  22% completed  (22% total)   LightIoTNetwork.sensor[10] (SensorNode, id=12)
** Event #101  t=2.21241808366  22% completed  (22% total)   LightIoTNetwork.gateway (GatewayNode, id=22)
** Event #102  t=2.21341808366  22% completed  (22% total)   LightIoTNetwork.cloud (CloudServer, id=23)
[INFO]	[CloudServer] Received message ID=1100001 | Delay: 0.001s
** Event #103  t=2.275321892742  22% completed  (22% total)   LightIoTNetwork.sensor[7] (SensorNode, id=9)
** Event #104  t=2.275321892742  22% completed  (22% total)   LightIoTNetwork.gateway (GatewayNode, id=22)
** Event #105  t=2.276321892742  22% completed  (22% total)   LightIoTNetwork.cloud (CloudServer, id=23)
[INFO]	[CloudServer] Received message ID=800001 | Delay: 0.001s
** Event #106  t=2.306620395836  23% completed  (23% total)   LightIoTNetwork.sensor[2] (SensorNode, id=4)
** Event #107  t=2.306620395836  23% completed  (23% total)   LightIoTNetwork.gateway (GatewayNode, id=22)
** Event #108  t=2.307620395836  23% completed  (23% total)   LightIoTNetwork.cloud (CloudServer, id=23)
[INFO]	[CloudServer] Received message ID=300001 | Delay: 0.001s
** Event #109  t=2.399897095468  23% completed  (23% total)   LightIoTNetwork.sensor[3] (SensorNode, id=5)
** Event #110  t=2.399897095468  23% completed  (23% total)   LightIoTNetwork.gateway (GatewayNode, id=22)
** Event #111  t=2.400897095468  24% completed  (24% total)   LightIoTNetwork.cloud (CloudServer, id=23)
[INFO]	[CloudServer] Received message ID=400001 | Delay: 0.001s
** Event #112  t=2.4319480489  24% completed  (24% total)   LightIoTNetwork.sensor[5] (SensorNode, id=7)
** Event #113  t=2.4319480489  24% completed  (24% total)   LightIoTNetwork.gateway (GatewayNode, id=22)
** Event #114  t=2.4329480489  24% completed  (24% total)   LightIoTNetwork.cloud (CloudServer, id=23)
[INFO]	[CloudServer] Received message ID=600001 | Delay: 0.001s
** Event #115  t=2.46579045197  24% completed  (24% total)   LightIoTNetwork.sensor[14] (SensorNode, id=16)
** Event #116  t=2.46579045197  24% completed  (24% total)   LightIoTNetwork.gateway (GatewayNode, id=22)
** Event #117  t=2.46679045197  24% completed  (24% total)   LightIoTNetwork.cloud (CloudServer, id=23)
[INFO]	[CloudServer] Received message ID=1500001 | Delay: 0.001s
** Event #118  t=2.559386432637  25% completed  (25% total)   LightIoTNetwork.sensor[16] (SensorNode, id=18)
** Event #119  t=2.559386432637  25% completed  (25% total)   LightIoTNetwork.gateway (GatewayNode, id=22)
** Event #120  t=2.560386432637  25% completed  (25% total)   LightIoTNetwork.cloud (CloudServer, id=23)
[INFO]	[CloudServer] Received message ID=1700001 | Delay: 0.001s
** Event #121  t=2.613868329023  26% completed  (26% total)   LightIoTNetwork.sensor[15] (SensorNode, id=17)
** Event #122  t=2.613868329023  26% completed  (26% total)   LightIoTNetwork.gateway (GatewayNode, id=22)
** Event #123  t=2.614868329023  26% completed  (26% total)   LightIoTNetwork.cloud (CloudServer, id=23)
[INFO]	[CloudServer] Received message ID=1600002 | Delay: 0.001s
** Event #124  t=2.791725033429  27% completed  (27% total)   LightIoTNetwork.fakeNode (FakeNode, id=24)
** Event #125  t=2.791725033429  27% completed  (27% total)   LightIoTNetwork.gateway (GatewayNode, id=22)
[INFO]	[GatewayNode] Security check failed -> Dropped (HMAC=BAD, fresh=OLD, seen=NO)
** Event #126  t=2.83826699159  28% completed  (28% total)   LightIoTNetwork.sensor[17] (SensorNode, id=19)
** Event #127  t=2.83826699159  28% completed  (28% total)   LightIoTNetwork.gateway (GatewayNode, id=22)
** Event #128  t=2.83926699159  28% completed  (28% total)   LightIoTNetwork.cloud (CloudServer, id=23)
[INFO]	[CloudServer] Received message ID=1800002 | Delay: 0.001s
** Event #129  t=2.853712190035  28% completed  (28% total)   LightIoTNetwork.sensor[13] (SensorNode, id=15)
** Event #130  t=2.853712190035  28% completed  (28% total)   LightIoTNetwork.gateway (GatewayNode, id=22)
** Event #131  t=2.854712190035  28% completed  (28% total)   LightIoTNetwork.cloud (CloudServer, id=23)
[INFO]	[CloudServer] Received message ID=1400002 | Delay: 0.001s
** Event #132  t=2.855234539416  28% completed  (28% total)   LightIoTNetwork.sensor[11] (SensorNode, id=13)
** Event #133  t=2.855234539416  28% completed  (28% total)   LightIoTNetwork.gateway (GatewayNode, id=22)
** Event #134  t=2.856234539416  28% completed  (28% total)   LightIoTNetwork.cloud (CloudServer, id=23)
[INFO]	[CloudServer] Received message ID=1200002 | Delay: 0.001s
** Event #135  t=2.895967819495  28% completed  (28% total)   LightIoTNetwork.sensor[19] (SensorNode, id=21)
** Event #136  t=2.895967819495  28% completed  (28% total)   LightIoTNetwork.gateway (GatewayNode, id=22)
** Event #137  t=2.896967819495  28% completed  (28% total)   LightIoTNetwork.cloud (CloudServer, id=23)
[INFO]	[CloudServer] Received message ID=2000002 | Delay: 0.001s
** Event #138  t=2.928457848495  29% completed  (29% total)   LightIoTNetwork.sensor[12] (SensorNode, id=14)
** Event #139  t=2.928457848495  29% completed  (29% total)   LightIoTNetwork.gateway (GatewayNode, id=22)
** Event #140  t=2.929457848495  29% completed  (29% total)   LightIoTNetwork.cloud (CloudServer, id=23)
[INFO]	[CloudServer] Received message ID=1300002 | Delay: 0.001s
** Event #141  t=2.953156269201  29% completed  (29% total)   LightIoTNetwork.sensor[18] (SensorNode, id=20)
** Event #142  t=2.953156269201  29% completed  (29% total)   LightIoTNetwork.gateway (GatewayNode, id=22)
** Event #143  t=2.954156269201  29% completed  (29% total)   LightIoTNetwork.cloud (CloudServer, id=23)
[INFO]	[CloudServer] Received message ID=1900002 | Delay: 0.001s
** Event #144  t=3.00201526843  30% completed  (30% total)   LightIoTNetwork.sensor[0] (SensorNode, id=2)
** Event #145  t=3.00201526843  30% completed  (30% total)   LightIoTNetwork.gateway (GatewayNode, id=22)
** Event #146  t=3.00301526843  30% completed  (30% total)   LightIoTNetwork.cloud (CloudServer, id=23)
[INFO]	[CloudServer] Received message ID=100002 | Delay: 0.001s
** Event #147  t=3.025882660969  30% completed  (30% total)   LightIoTNetwork.sensor[9] (SensorNode, id=11)
** Event #148  t=3.025882660969  30% completed  (30% total)   LightIoTNetwork.gateway (GatewayNode, id=22)
** Event #149  t=3.026882660969  30% completed  (30% total)   LightIoTNetwork.cloud (CloudServer, id=23)
[INFO]	[CloudServer] Received message ID=1000002 | Delay: 0.001s
** Event #150  t=3.028766367957  30% completed  (30% total)   LightIoTNetwork.sensor[6] (SensorNode, id=8)
** Event #151  t=3.028766367957  30% completed  (30% total)   LightIoTNetwork.gateway (GatewayNode, id=22)
** Event #152  t=3.029766367957  30% completed  (30% total)   LightIoTNetwork.cloud (CloudServer, id=23)
[INFO]	[CloudServer] Received message ID=700002 | Delay: 0.001s
** Event #153  t=3.036758326832  30% completed  (30% total)   LightIoTNetwork.sensor[8] (SensorNode, id=10)
** Event #154  t=3.036758326832  30% completed  (30% total)   LightIoTNetwork.gateway (GatewayNode, id=22)
** Event #155  t=3.037758326832  30% completed  (30% total)   LightIoTNetwork.cloud (CloudServer, id=23)
[INFO]	[CloudServer] Received message ID=900002 | Delay: 0.001s
** Event #156  t=3.05093358052  30% completed  (30% total)   LightIoTNetwork.sensor[4] (SensorNode, id=6)
** Event #157  t=3.05093358052  30% completed  (30% total)   LightIoTNetwork.gateway (GatewayNode, id=22)
** Event #158  t=3.05193358052  30% completed  (30% total)   LightIoTNetwork.cloud (CloudServer, id=23)
[INFO]	[CloudServer] Received message ID=500002 | Delay: 0.001s
** Event #159  t=3.129953637346  31% completed  (31% total)   LightIoTNetwork.sensor[1] (SensorNode, id=3)
** Event #160  t=3.129953637346  31% completed  (31% total)   LightIoTNetwork.gateway (GatewayNode, id=22)
** Event #161  t=3.130953637346  31% completed  (31% total)   LightIoTNetwork.cloud (CloudServer, id=23)
[INFO]	[CloudServer] Received message ID=200002 | Delay: 0.001s
** Event #162  t=3.301351867383  33% completed  (33% total)   LightIoTNetwork.sensor[10] (SensorNode, id=12)
** Event #163  t=3.301351867383  33% completed  (33% total)   LightIoTNetwork.gateway (GatewayNode, id=22)
** Event #164  t=3.302351867383  33% completed  (33% total)   LightIoTNetwork.cloud (CloudServer, id=23)
[INFO]	[CloudServer] Received message ID=1100002 | Delay: 0.001s
** Event #165  t=3.310990061472  33% completed  (33% total)   LightIoTNetwork.sensor[2] (SensorNode, id=4)
** Event #166  t=3.310990061472  33% completed  (33% total)   LightIoTNetwork.gateway (GatewayNode, id=22)
** Event #167  t=3.311990061472  33% completed  (33% total)   LightIoTNetwork.cloud (CloudServer, id=23)
[INFO]	[CloudServer] Received message ID=300002 | Delay: 0.001s
** Event #168  t=3.321078616753  33% completed  (33% total)   LightIoTNetwork.sensor[3] (SensorNode, id=5)
** Event #169  t=3.321078616753  33% completed  (33% total)   LightIoTNetwork.gateway (GatewayNode, id=22)
** Event #170  t=3.322078616753  33% completed  (33% total)   LightIoTNetwork.cloud (CloudServer, id=23)
[INFO]	[CloudServer] Received message ID=400002 | Delay: 0.001s
** Event #171  t=3.327045016829  33% completed  (33% total)   LightIoTNetwork.sensor[7] (SensorNode, id=9)
** Event #172  t=3.327045016829  33% completed  (33% total)   LightIoTNetwork.gateway (GatewayNode, id=22)
** Event #173  t=3.328045016829  33% completed  (33% total)   LightIoTNetwork.cloud (CloudServer, id=23)
[INFO]	[CloudServer] Received message ID=800002 | Delay: 0.001s
** Event #174  t=3.414880437124  34% completed  (34% total)   LightIoTNetwork.sensor[5] (SensorNode, id=7)
** Event #175  t=3.414880437124  34% completed  (34% total)   LightIoTNetwork.gateway (GatewayNode, id=22)
** Event #176  t=3.415880437124  34% completed  (34% total)   LightIoTNetwork.cloud (CloudServer, id=23)
[INFO]	[CloudServer] Received message ID=600002 | Delay: 0.001s
** Event #177  t=3.460510536516  34% completed  (34% total)   LightIoTNetwork.sensor[14] (SensorNode, id=16)
** Event #178  t=3.460510536516  34% completed  (34% total)   LightIoTNetwork.gateway (GatewayNode, id=22)
** Event #179  t=3.461510536516  34% completed  (34% total)   LightIoTNetwork.cloud (CloudServer, id=23)
[INFO]	[CloudServer] Received message ID=1500002 | Delay: 0.001s
** Event #180  t=3.51229755492  35% completed  (35% total)   LightIoTNetwork.sensor[16] (SensorNode, id=18)
** Event #181  t=3.51229755492  35% completed  (35% total)   LightIoTNetwork.gateway (GatewayNode, id=22)
** Event #182  t=3.51329755492  35% completed  (35% total)   LightIoTNetwork.cloud (CloudServer, id=23)
[INFO]	[CloudServer] Received message ID=1700002 | Delay: 0.001s
** Event #183  t=3.551134797932  35% completed  (35% total)   LightIoTNetwork.sensor[15] (SensorNode, id=17)
** Event #184  t=3.551134797932  35% completed  (35% total)   LightIoTNetwork.gateway (GatewayNode, id=22)
** Event #185  t=3.552134797932  35% completed  (35% total)   LightIoTNetwork.cloud (CloudServer, id=23)
[INFO]	[CloudServer] Received message ID=1600003 | Delay: 0.001s
** Event #186  t=3.839277890837  38% completed  (38% total)   LightIoTNetwork.sensor[19] (SensorNode, id=21)
** Event #187  t=3.839277890837  38% completed  (38% total)   LightIoTNetwork.gateway (GatewayNode, id=22)
** Event #188  t=3.840277890837  38% completed  (38% total)   LightIoTNetwork.cloud (CloudServer, id=23)
[INFO]	[CloudServer] Received message ID=2000003 | Delay: 0.001s
** Event #189  t=3.846464606608  38% completed  (38% total)   LightIoTNetwork.sensor[11] (SensorNode, id=13)
** Event #190  t=3.846464606608  38% completed  (38% total)   LightIoTNetwork.gateway (GatewayNode, id=22)
** Event #191  t=3.847464606608  38% completed  (38% total)   LightIoTNetwork.cloud (CloudServer, id=23)
[INFO]	[CloudServer] Received message ID=1200003 | Delay: 0.001s
** Event #192  t=3.880199903854  38% completed  (38% total)   LightIoTNetwork.sensor[18] (SensorNode, id=20)
** Event #193  t=3.880199903854  38% completed  (38% total)   LightIoTNetwork.gateway (GatewayNode, id=22)
** Event #194  t=3.881199903854  38% completed  (38% total)   LightIoTNetwork.cloud (CloudServer, id=23)
[INFO]	[CloudServer] Received message ID=1900003 | Delay: 0.001s
** Event #195  t=3.893113728891  38% completed  (38% total)   LightIoTNetwork.sensor[17] (SensorNode, id=19)
** Event #196  t=3.893113728891  38% completed  (38% total)   LightIoTNetwork.gateway (GatewayNode, id=22)
** Event #197  t=3.894113728891  38% completed  (38% total)   LightIoTNetwork.cloud (CloudServer, id=23)
[INFO]	[CloudServer] Received message ID=1800003 | Delay: 0.001s
** Event #198  t=3.901095825619  39% completed  (39% total)   LightIoTNetwork.sensor[13] (SensorNode, id=15)
** Event #199  t=3.901095825619  39% completed  (39% total)   LightIoTNetwork.gateway (GatewayNode, id=22)
** Event #200  t=3.902095825619  39% completed  (39% total)   LightIoTNetwork.cloud (CloudServer, id=23)
[INFO]	[CloudServer] Received message ID=1400003 | Delay: 0.001s
** Event #201  t=3.905773228034  39% completed  (39% total)   LightIoTNetwork.sensor[0] (SensorNode, id=2)
** Event #202  t=3.905773228034  39% completed  (39% total)   LightIoTNetwork.gateway (GatewayNode, id=22)
** Event #203  t=3.906773228034  39% completed  (39% total)   LightIoTNetwork.cloud (CloudServer, id=23)
[INFO]	[CloudServer] Received message ID=100003 | Delay: 0.001s
** Event #204  t=3.94214463816  39% completed  (39% total)   LightIoTNetwork.sensor[12] (SensorNode, id=14)
** Event #205  t=3.94214463816  39% completed  (39% total)   LightIoTNetwork.gateway (GatewayNode, id=22)
** Event #206  t=3.94314463816  39% completed  (39% total)   LightIoTNetwork.cloud (CloudServer, id=23)
[INFO]	[CloudServer] Received message ID=1300003 | Delay: 0.001s
** Event #207  t=3.966693299589  39% completed  (39% total)   LightIoTNetwork.sensor[8] (SensorNode, id=10)
** Event #208  t=3.966693299589  39% completed  (39% total)   LightIoTNetwork.gateway (GatewayNode, id=22)
** Event #209  t=3.967693299589  39% completed  (39% total)   LightIoTNetwork.cloud (CloudServer, id=23)
[INFO]	[CloudServer] Received message ID=900003 | Delay: 0.001s
** Event #210  t=3.990710861794  39% completed  (39% total)   LightIoTNetwork.sensor[9] (SensorNode, id=11)
** Event #211  t=3.990710861794  39% completed  (39% total)   LightIoTNetwork.gateway (GatewayNode, id=22)
** Event #212  t=3.991710861794  39% completed  (39% total)   LightIoTNetwork.cloud (CloudServer, id=23)
[INFO]	[CloudServer] Received message ID=1000003 | Delay: 0.001s
** Event #213  t=4.052293468127  40% completed  (40% total)   LightIoTNetwork.sensor[6] (SensorNode, id=8)
** Event #214  t=4.052293468127  40% completed  (40% total)   LightIoTNetwork.gateway (GatewayNode, id=22)
** Event #215  t=4.053293468127  40% completed  (40% total)   LightIoTNetwork.cloud (CloudServer, id=23)
[INFO]	[CloudServer] Received message ID=700003 | Delay: 0.001s
** Event #216  t=4.073352725013  40% completed  (40% total)   LightIoTNetwork.sensor[4] (SensorNode, id=6)
** Event #217  t=4.073352725013  40% completed  (40% total)   LightIoTNetwork.gateway (GatewayNode, id=22)
** Event #218  t=4.074352725013  40% completed  (40% total)   LightIoTNetwork.cloud (CloudServer, id=23)
[INFO]	[CloudServer] Received message ID=500003 | Delay: 0.001s
** Event #219  t=4.07441791445  40% completed  (40% total)   LightIoTNetwork.sensor[1] (SensorNode, id=3)
** Event #220  t=4.07441791445  40% completed  (40% total)   LightIoTNetwork.gateway (GatewayNode, id=22)
** Event #221  t=4.07541791445  40% completed  (40% total)   LightIoTNetwork.cloud (CloudServer, id=23)
[INFO]	[CloudServer] Received message ID=200003 | Delay: 0.001s
** Event #222  t=4.288287857083  42% completed  (42% total)   LightIoTNetwork.sensor[2] (SensorNode, id=4)
** Event #223  t=4.288287857083  42% completed  (42% total)   LightIoTNetwork.gateway (GatewayNode, id=22)
** Event #224  t=4.289287857083  42% completed  (42% total)   LightIoTNetwork.cloud (CloudServer, id=23)
[INFO]	[CloudServer] Received message ID=300003 | Delay: 0.001s
** Event #225  t=4.324738667113  43% completed  (43% total)   LightIoTNetwork.sensor[10] (SensorNode, id=12)
** Event #226  t=4.324738667113  43% completed  (43% total)   LightIoTNetwork.gateway (GatewayNode, id=22)
** Event #227  t=4.325738667113  43% completed  (43% total)   LightIoTNetwork.cloud (CloudServer, id=23)
[INFO]	[CloudServer] Received message ID=1100003 | Delay: 0.001s
** Event #228  t=4.407564711105  44% completed  (44% total)   LightIoTNetwork.sensor[7] (SensorNode, id=9)
** Event #229  t=4.407564711105  44% completed  (44% total)   LightIoTNetwork.gateway (GatewayNode, id=22)
** Event #230  t=4.408564711105  44% completed  (44% total)   LightIoTNetwork.cloud (CloudServer, id=23)
[INFO]	[CloudServer] Received message ID=800003 | Delay: 0.001s
** Event #231  t=4.409828231809  44% completed  (44% total)   LightIoTNetwork.sensor[3] (SensorNode, id=5)
** Event #232  t=4.409828231809  44% completed  (44% total)   LightIoTNetwork.gateway (GatewayNode, id=22)
** Event #233  t=4.410828231809  44% completed  (44% total)   LightIoTNetwork.cloud (CloudServer, id=23)
[INFO]	[CloudServer] Received message ID=400003 | Delay: 0.001s
** Event #234  t=4.450500534428  44% completed  (44% total)   LightIoTNetwork.sensor[14] (SensorNode, id=16)
** Event #235  t=4.450500534428  44% completed  (44% total)   LightIoTNetwork.gateway (GatewayNode, id=22)
** Event #236  t=4.451244496693  44% completed  (44% total)   LightIoTNetwork.sensor[5] (SensorNode, id=7)
** Event #237  t=4.451244496693  44% completed  (44% total)   LightIoTNetwork.gateway (GatewayNode, id=22)
** Event #238  t=4.451500534428  44% completed  (44% total)   LightIoTNetwork.cloud (CloudServer, id=23)
[INFO]	[CloudServer] Received message ID=1500003 | Delay: 0.001s
** Event #239  t=4.452244496693  44% completed  (44% total)   LightIoTNetwork.cloud (CloudServer, id=23)
[INFO]	[CloudServer] Received message ID=600003 | Delay: 0.001s
** Event #240  t=4.484199135332  44% completed  (44% total)   LightIoTNetwork.sensor[16] (SensorNode, id=18)
** Event #241  t=4.484199135332  44% completed  (44% total)   LightIoTNetwork.gateway (GatewayNode, id=22)
** Event #242  t=4.485199135332  44% completed  (44% total)   LightIoTNetwork.cloud (CloudServer, id=23)
[INFO]	[CloudServer] Received message ID=1700003 | Delay: 0.001s
** Event #243  t=4.573747490301  45% completed  (45% total)   LightIoTNetwork.sensor[15] (SensorNode, id=17)
** Event #244  t=4.573747490301  45% completed  (45% total)   LightIoTNetwork.gateway (GatewayNode, id=22)
** Event #245  t=4.574747490301  45% completed  (45% total)   LightIoTNetwork.cloud (CloudServer, id=23)
[INFO]	[CloudServer] Received message ID=1600004 | Delay: 0.001s
** Event #246  t=4.812969799199  48% completed  (48% total)   LightIoTNetwork.sensor[17] (SensorNode, id=19)
** Event #247  t=4.812969799199  48% completed  (48% total)   LightIoTNetwork.gateway (GatewayNode, id=22)
** Event #248  t=4.813140918919  48% completed  (48% total)   LightIoTNetwork.sensor[13] (SensorNode, id=15)
** Event #249  t=4.813140918919  48% completed  (48% total)   LightIoTNetwork.gateway (GatewayNode, id=22)
** Event #250  t=4.813969799199  48% completed  (48% total)   LightIoTNetwork.cloud (CloudServer, id=23)
[INFO]	[CloudServer] Received message ID=1800004 | Delay: 0.001s
** Event #251  t=4.814140918919  48% completed  (48% total)   LightIoTNetwork.cloud (CloudServer, id=23)
[INFO]	[CloudServer] Received message ID=1400004 | Delay: 0.001s
** Event #252  t=4.82668428137  48% completed  (48% total)   LightIoTNetwork.sensor[19] (SensorNode, id=21)
** Event #253  t=4.82668428137  48% completed  (48% total)   LightIoTNetwork.gateway (GatewayNode, id=22)
** Event #254  t=4.82768428137  48% completed  (48% total)   LightIoTNetwork.cloud (CloudServer, id=23)
[INFO]	[CloudServer] Received message ID=2000004 | Delay: 0.001s
** Event #255  t=4.919726142938  49% completed  (49% total)   LightIoTNetwork.sensor[18] (SensorNode, id=20)
** Event #256  t=4.919726142938  49% completed  (49% total)   LightIoTNetwork.gateway (GatewayNode, id=22)
** Event #257  t=4.920726142938  49% completed  (49% total)   LightIoTNetwork.cloud (CloudServer, id=23)
[INFO]	[CloudServer] Received message ID=1900004 | Delay: 0.001s
** Event #258  t=4.92693432225  49% completed  (49% total)   LightIoTNetwork.sensor[11] (SensorNode, id=13)
** Event #259  t=4.92693432225  49% completed  (49% total)   LightIoTNetwork.gateway (GatewayNode, id=22)
** Event #260  t=4.92793432225  49% completed  (49% total)   LightIoTNetwork.cloud (CloudServer, id=23)
[INFO]	[CloudServer] Received message ID=1200004 | Delay: 0.001s
** Event #261  t=4.975497980416  49% completed  (49% total)   LightIoTNetwork.sensor[12] (SensorNode, id=14)
** Event #262  t=4.975497980416  49% completed  (49% total)   LightIoTNetwork.gateway (GatewayNode, id=22)
** Event #263  t=4.976497980416  49% completed  (49% total)   LightIoTNetwork.cloud (CloudServer, id=23)
[INFO]	[CloudServer] Received message ID=1300004 | Delay: 0.001s
** Event #264  t=4.986475385353  49% completed  (49% total)   LightIoTNetwork.sensor[6] (SensorNode, id=8)
** Event #265  t=4.986475385353  49% completed  (49% total)   LightIoTNetwork.gateway (GatewayNode, id=22)
** Event #266  t=4.987475385353  49% completed  (49% total)   LightIoTNetwork.cloud (CloudServer, id=23)
[INFO]	[CloudServer] Received message ID=700004 | Delay: 0.001s
** Event #267  t=4.997321306029  49% completed  (49% total)   LightIoTNetwork.sensor[8] (SensorNode, id=10)
** Event #268  t=4.997321306029  49% completed  (49% total)   LightIoTNetwork.gateway (GatewayNode, id=22)
** Event #269  t=4.998321306029  49% completed  (49% total)   LightIoTNetwork.cloud (CloudServer, id=23)
[INFO]	[CloudServer] Received message ID=900004 | Delay: 0.001s
** Event #270  t=4.999735041754  49% completed  (49% total)   LightIoTNetwork.sensor[0] (SensorNode, id=2)
** Event #271  t=4.999735041754  49% completed  (49% total)   LightIoTNetwork.gateway (GatewayNode, id=22)
** Event #272  t=5.000735041754  50% completed  (50% total)   LightIoTNetwork.cloud (CloudServer, id=23)
[INFO]	[CloudServer] Received message ID=100004 | Delay: 0.001s
** Event #273  t=5.015429237346  50% completed  (50% total)   LightIoTNetwork.sensor[4] (SensorNode, id=6)
** Event #274  t=5.015429237346  50% completed  (50% total)   LightIoTNetwork.gateway (GatewayNode, id=22)
** Event #275  t=5.016429237346  50% completed  (50% total)   LightIoTNetwork.cloud (CloudServer, id=23)
[INFO]	[CloudServer] Received message ID=500004 | Delay: 0.001s
** Event #276  t=5.024838436534  50% completed  (50% total)   LightIoTNetwork.sensor[9] (SensorNode, id=11)
** Event #277  t=5.024838436534  50% completed  (50% total)   LightIoTNetwork.gateway (GatewayNode, id=22)
** Event #278  t=5.025838436534  50% completed  (50% total)   LightIoTNetwork.cloud (CloudServer, id=23)
[INFO]	[CloudServer] Received message ID=1000004 | Delay: 0.001s
** Event #279  t=5.04604834849  50% completed  (50% total)   LightIoTNetwork.sensor[1] (SensorNode, id=3)
** Event #280  t=5.04604834849  50% completed  (50% total)   LightIoTNetwork.gateway (GatewayNode, id=22)
** Event #281  t=5.04704834849  50% completed  (50% total)   LightIoTNetwork.cloud (CloudServer, id=23)
[INFO]	[CloudServer] Received message ID=200004 | Delay: 0.001s
** Event #282  t=5.214073116753  52% completed  (52% total)   LightIoTNetwork.sensor[2] (SensorNode, id=4)
** Event #283  t=5.214073116753  52% completed  (52% total)   LightIoTNetwork.gateway (GatewayNode, id=22)
** Event #284  t=5.215073116753  52% completed  (52% total)   LightIoTNetwork.cloud (CloudServer, id=23)
[INFO]	[CloudServer] Received message ID=300004 | Delay: 0.001s
** Event #285  t=5.291725033429  52% completed  (52% total)   LightIoTNetwork.fakeNode (FakeNode, id=24)
** Event #286  t=5.291725033429  52% completed  (52% total)   LightIoTNetwork.gateway (GatewayNode, id=22)
[INFO]	[GatewayNode] Security check failed -> Dropped (HMAC=BAD, fresh=OLD, seen=NO)
** Event #287  t=5.370650381036  53% completed  (53% total)   LightIoTNetwork.sensor[7] (SensorNode, id=9)
** Event #288  t=5.370650381036  53% completed  (53% total)   LightIoTNetwork.gateway (GatewayNode, id=22)
** Event #289  t=5.371650381036  53% completed  (53% total)   LightIoTNetwork.cloud (CloudServer, id=23)
[INFO]	[CloudServer] Received message ID=800004 | Delay: 0.001s
** Event #290  t=5.374875894887  53% completed  (53% total)   LightIoTNetwork.sensor[10] (SensorNode, id=12)
** Event #291  t=5.374875894887  53% completed  (53% total)   LightIoTNetwork.gateway (GatewayNode, id=22)
** Event #292  t=5.375875894887  53% completed  (53% total)   LightIoTNetwork.cloud (CloudServer, id=23)
[INFO]	[CloudServer] Received message ID=1100004 | Delay: 0.001s
** Event #293  t=5.416253942204  54% completed  (54% total)   LightIoTNetwork.sensor[5] (SensorNode, id=7)
** Event #294  t=5.416253942204  54% completed  (54% total)   LightIoTNetwork.gateway (GatewayNode, id=22)
** Event #295  t=5.417253942204  54% completed  (54% total)   LightIoTNetwork.cloud (CloudServer, id=23)
[INFO]	[CloudServer] Received message ID=600004 | Delay: 0.001s
** Event #296  t=5.42324268911  54% completed  (54% total)   LightIoTNetwork.sensor[14] (SensorNode, id=16)
** Event #297  t=5.42324268911  54% completed  (54% total)   LightIoTNetwork.gateway (GatewayNode, id=22)
** Event #298  t=5.42424268911  54% completed  (54% total)   LightIoTNetwork.cloud (CloudServer, id=23)
[INFO]	[CloudServer] Received message ID=1500004 | Delay: 0.001s
** Event #299  t=5.43139436515  54% completed  (54% total)   LightIoTNetwork.sensor[3] (SensorNode, id=5)
** Event #300  t=5.43139436515  54% completed  (54% total)   LightIoTNetwork.gateway (GatewayNode, id=22)
** Event #301  t=5.43239436515  54% completed  (54% total)   LightIoTNetwork.cloud (CloudServer, id=23)
[INFO]	[CloudServer] Received message ID=400004 | Delay: 0.001s
** Event #302  t=5.481432575408  54% completed  (54% total)   LightIoTNetwork.sensor[15] (SensorNode, id=17)
** Event #303  t=5.481432575408  54% completed  (54% total)   LightIoTNetwork.gateway (GatewayNode, id=22)
** Event #304  t=5.482432575408  54% completed  (54% total)   LightIoTNetwork.cloud (CloudServer, id=23)
[INFO]	[CloudServer] Received message ID=1600005 | Delay: 0.001s
** Event #305  t=5.498238490522  54% completed  (54% total)   LightIoTNetwork.sensor[16] (SensorNode, id=18)
** Event #306  t=5.498238490522  54% completed  (54% total)   LightIoTNetwork.gateway (GatewayNode, id=22)
** Event #307  t=5.499238490522  54% completed  (54% total)   LightIoTNetwork.cloud (CloudServer, id=23)
[INFO]	[CloudServer] Received message ID=1700004 | Delay: 0.001s
** Event #308  t=5.800690101878  58% completed  (58% total)   LightIoTNetwork.sensor[17] (SensorNode, id=19)
** Event #309  t=5.800690101878  58% completed  (58% total)   LightIoTNetwork.gateway (GatewayNode, id=22)
** Event #310  t=5.801690101878  58% completed  (58% total)   LightIoTNetwork.cloud (CloudServer, id=23)
[INFO]	[CloudServer] Received message ID=1800005 | Delay: 0.001s
** Event #311  t=5.83999572955  58% completed  (58% total)   LightIoTNetwork.sensor[13] (SensorNode, id=15)
** Event #312  t=5.83999572955  58% completed  (58% total)   LightIoTNetwork.gateway (GatewayNode, id=22)
** Event #313  t=5.84099572955  58% completed  (58% total)   LightIoTNetwork.cloud (CloudServer, id=23)
[INFO]	[CloudServer] Received message ID=1400005 | Delay: 0.001s
** Event #314  t=5.847343283613  58% completed  (58% total)   LightIoTNetwork.sensor[11] (SensorNode, id=13)
** Event #315  t=5.847343283613  58% completed  (58% total)   LightIoTNetwork.gateway (GatewayNode, id=22)
** Event #316  t=5.848343283613  58% completed  (58% total)   LightIoTNetwork.cloud (CloudServer, id=23)
[INFO]	[CloudServer] Received message ID=1200005 | Delay: 0.001s
** Event #317  t=5.924359047739  59% completed  (59% total)   LightIoTNetwork.sensor[19] (SensorNode, id=21)
** Event #318  t=5.924359047739  59% completed  (59% total)   LightIoTNetwork.gateway (GatewayNode, id=22)
** Event #319  t=5.925359047739  59% completed  (59% total)   LightIoTNetwork.cloud (CloudServer, id=23)
[INFO]	[CloudServer] Received message ID=2000005 | Delay: 0.001s
** Event #320  t=5.928250737069  59% completed  (59% total)   LightIoTNetwork.sensor[6] (SensorNode, id=8)
** Event #321  t=5.928250737069  59% completed  (59% total)   LightIoTNetwork.gateway (GatewayNode, id=22)
** Event #322  t=5.929250737069  59% completed  (59% total)   LightIoTNetwork.cloud (CloudServer, id=23)
[INFO]	[CloudServer] Received message ID=700005 | Delay: 0.001s
** Event #323  t=5.931996943988  59% completed  (59% total)   LightIoTNetwork.sensor[0] (SensorNode, id=2)
** Event #324  t=5.931996943988  59% completed  (59% total)   LightIoTNetwork.gateway (GatewayNode, id=22)
** Event #325  t=5.932996943988  59% completed  (59% total)   LightIoTNetwork.cloud (CloudServer, id=23)
[INFO]	[CloudServer] Received message ID=100005 | Delay: 0.001s
** Event #326  t=6.006056044204  60% completed  (60% total)   LightIoTNetwork.sensor[12] (SensorNode, id=14)
** Event #327  t=6.006056044204  60% completed  (60% total)   LightIoTNetwork.gateway (GatewayNode, id=22)
** Event #328  t=6.007056044204  60% completed  (60% total)   LightIoTNetwork.cloud (CloudServer, id=23)
[INFO]	[CloudServer] Received message ID=1300005 | Delay: 0.001s
** Event #329  t=6.01151599679  60% completed  (60% total)   LightIoTNetwork.sensor[18] (SensorNode, id=20)
** Event #330  t=6.01151599679  60% completed  (60% total)   LightIoTNetwork.gateway (GatewayNode, id=22)
** Event #331  t=6.01251599679  60% completed  (60% total)   LightIoTNetwork.cloud (CloudServer, id=23)
[INFO]	[CloudServer] Received message ID=1900005 | Delay: 0.001s
** Event #332  t=6.024333081441  60% completed  (60% total)   LightIoTNetwork.sensor[8] (SensorNode, id=10)
** Event #333  t=6.024333081441  60% completed  (60% total)   LightIoTNetwork.gateway (GatewayNode, id=22)
** Event #334  t=6.025333081441  60% completed  (60% total)   LightIoTNetwork.cloud (CloudServer, id=23)
[INFO]	[CloudServer] Received message ID=900005 | Delay: 0.001s
** Event #335  t=6.055460100946  60% completed  (60% total)   LightIoTNetwork.sensor[9] (SensorNode, id=11)
** Event #336  t=6.055460100946  60% completed  (60% total)   LightIoTNetwork.gateway (GatewayNode, id=22)
** Event #337  t=6.056460100946  60% completed  (60% total)   LightIoTNetwork.cloud (CloudServer, id=23)
[INFO]	[CloudServer] Received message ID=1000005 | Delay: 0.001s
** Event #338  t=6.062418414932  60% completed  (60% total)   LightIoTNetwork.sensor[1] (SensorNode, id=3)
** Event #339  t=6.062418414932  60% completed  (60% total)   LightIoTNetwork.gateway (GatewayNode, id=22)
** Event #340  t=6.063418414932  60% completed  (60% total)   LightIoTNetwork.cloud (CloudServer, id=23)
[INFO]	[CloudServer] Received message ID=200005 | Delay: 0.001s
** Event #341  t=6.114489150467  61% completed  (61% total)   LightIoTNetwork.sensor[4] (SensorNode, id=6)
** Event #342  t=6.114489150467  61% completed  (61% total)   LightIoTNetwork.gateway (GatewayNode, id=22)
** Event #343  t=6.115489150467  61% completed  (61% total)   LightIoTNetwork.cloud (CloudServer, id=23)
[INFO]	[CloudServer] Received message ID=500005 | Delay: 0.001s
** Event #344  t=6.164731437016  61% completed  (61% total)   LightIoTNetwork.sensor[2] (SensorNode, id=4)
** Event #345  t=6.164731437016  61% completed  (61% total)   LightIoTNetwork.gateway (GatewayNode, id=22)
** Event #346  t=6.165731437016  61% completed  (61% total)   LightIoTNetwork.cloud (CloudServer, id=23)
[INFO]	[CloudServer] Received message ID=300005 | Delay: 0.001s
** Event #347  t=6.353524098638  63% completed  (63% total)   LightIoTNetwork.sensor[7] (SensorNode, id=9)
** Event #348  t=6.353524098638  63% completed  (63% total)   LightIoTNetwork.gateway (GatewayNode, id=22)
** Event #349  t=6.354524098638  63% completed  (63% total)   LightIoTNetwork.cloud (CloudServer, id=23)
[INFO]	[CloudServer] Received message ID=800005 | Delay: 0.001s
** Event #350  t=6.368138049449  63% completed  (63% total)   LightIoTNetwork.sensor[10] (SensorNode, id=12)
** Event #351  t=6.368138049449  63% completed  (63% total)   LightIoTNetwork.gateway (GatewayNode, id=22)
** Event #352  t=6.369138049449  63% completed  (63% total)   LightIoTNetwork.cloud (CloudServer, id=23)
[INFO]	[CloudServer] Received message ID=1100005 | Delay: 0.001s
** Event #353  t=6.372127806721  63% completed  (63% total)   LightIoTNetwork.sensor[14] (SensorNode, id=16)
** Event #354  t=6.372127806721  63% completed  (63% total)   LightIoTNetwork.gateway (GatewayNode, id=22)
** Event #355  t=6.373127806721  63% completed  (63% total)   LightIoTNetwork.cloud (CloudServer, id=23)
[INFO]	[CloudServer] Received message ID=1500005 | Delay: 0.001s
** Event #356  t=6.411193443229  64% completed  (64% total)   LightIoTNetwork.sensor[5] (SensorNode, id=7)
** Event #357  t=6.411193443229  64% completed  (64% total)   LightIoTNetwork.gateway (GatewayNode, id=22)
** Event #358  t=6.412193443229  64% completed  (64% total)   LightIoTNetwork.cloud (CloudServer, id=23)
[INFO]	[CloudServer] Received message ID=600005 | Delay: 0.001s
** Event #359  t=6.413226492704  64% completed  (64% total)   LightIoTNetwork.sensor[15] (SensorNode, id=17)
** Event #360  t=6.413226492704  64% completed  (64% total)   LightIoTNetwork.gateway (GatewayNode, id=22)
** Event #361  t=6.414226492704  64% completed  (64% total)   LightIoTNetwork.cloud (CloudServer, id=23)
[INFO]	[CloudServer] Received message ID=1600006 | Delay: 0.001s
** Event #362  t=6.45609638635  64% completed  (64% total)   LightIoTNetwork.sensor[3] (SensorNode, id=5)
** Event #363  t=6.45609638635  64% completed  (64% total)   LightIoTNetwork.gateway (GatewayNode, id=22)
** Event #364  t=6.45709638635  64% completed  (64% total)   LightIoTNetwork.cloud (CloudServer, id=23)
[INFO]	[CloudServer] Received message ID=400005 | Delay: 0.001s
** Event #365  t=6.465840014024  64% completed  (64% total)   LightIoTNetwork.sensor[16] (SensorNode, id=18)
** Event #366  t=6.465840014024  64% completed  (64% total)   LightIoTNetwork.gateway (GatewayNode, id=22)
** Event #367  t=6.466840014024  64% completed  (64% total)   LightIoTNetwork.cloud (CloudServer, id=23)
[INFO]	[CloudServer] Received message ID=1700005 | Delay: 0.001s
** Event #368  t=6.722765129711  67% completed  (67% total)   LightIoTNetwork.sensor[17] (SensorNode, id=19)
** Event #369  t=6.722765129711  67% completed  (67% total)   LightIoTNetwork.gateway (GatewayNode, id=22)
** Event #370  t=6.723765129711  67% completed  (67% total)   LightIoTNetwork.cloud (CloudServer, id=23)
[INFO]	[CloudServer] Received message ID=1800006 | Delay: 0.001s
** Event #371  t=6.855887326971  68% completed  (68% total)   LightIoTNetwork.sensor[6] (SensorNode, id=8)
** Event #372  t=6.855887326971  68% completed  (68% total)   LightIoTNetwork.gateway (GatewayNode, id=22)
** Event #373  t=6.856887326971  68% completed  (68% total)   LightIoTNetwork.cloud (CloudServer, id=23)
[INFO]	[CloudServer] Received message ID=700006 | Delay: 0.001s
** Event #374  t=6.874946194002  68% completed  (68% total)   LightIoTNetwork.sensor[13] (SensorNode, id=15)
** Event #375  t=6.874946194002  68% completed  (68% total)   LightIoTNetwork.gateway (GatewayNode, id=22)
** Event #376  t=6.875946194002  68% completed  (68% total)   LightIoTNetwork.cloud (CloudServer, id=23)
[INFO]	[CloudServer] Received message ID=1400006 | Delay: 0.001s
** Event #377  t=6.878609202011  68% completed  (68% total)   LightIoTNetwork.sensor[11] (SensorNode, id=13)
** Event #378  t=6.878609202011  68% completed  (68% total)   LightIoTNetwork.gateway (GatewayNode, id=22)
** Event #379  t=6.879609202011  68% completed  (68% total)   LightIoTNetwork.cloud (CloudServer, id=23)
[INFO]	[CloudServer] Received message ID=1200006 | Delay: 0.001s
** Event #380  t=6.887799396692  68% completed  (68% total)   LightIoTNetwork.sensor[19] (SensorNode, id=21)
** Event #381  t=6.887799396692  68% completed  (68% total)   LightIoTNetwork.gateway (GatewayNode, id=22)
** Event #382  t=6.888799396692  68% completed  (68% total)   LightIoTNetwork.cloud (CloudServer, id=23)
[INFO]	[CloudServer] Received message ID=2000006 | Delay: 0.001s
** Event #383  t=6.945372515544  69% completed  (69% total)   LightIoTNetwork.sensor[12] (SensorNode, id=14)
** Event #384  t=6.945372515544  69% completed  (69% total)   LightIoTNetwork.gateway (GatewayNode, id=22)
** Event #385  t=6.946372515544  69% completed  (69% total)   LightIoTNetwork.cloud (CloudServer, id=23)
[INFO]	[CloudServer] Received message ID=1300006 | Delay: 0.001s
** Event #386  t=6.987666040333  69% completed  (69% total)   LightIoTNetwork.sensor[0] (SensorNode, id=2)
** Event #387  t=6.987666040333  69% completed  (69% total)   LightIoTNetwork.gateway (GatewayNode, id=22)
** Event #388  t=6.988666040333  69% completed  (69% total)   LightIoTNetwork.cloud (CloudServer, id=23)
[INFO]	[CloudServer] Received message ID=100006 | Delay: 0.001s
** Event #389  t=6.998078114586  69% completed  (69% total)   LightIoTNetwork.sensor[8] (SensorNode, id=10)
** Event #390  t=6.998078114586  69% completed  (69% total)   LightIoTNetwork.gateway (GatewayNode, id=22)
** Event #391  t=6.999078114586  69% completed  (69% total)   LightIoTNetwork.cloud (CloudServer, id=23)
[INFO]	[CloudServer] Received message ID=900006 | Delay: 0.001s
** Event #392  t=7.017203478842  70% completed  (70% total)   LightIoTNetwork.sensor[4] (SensorNode, id=6)
** Event #393  t=7.017203478842  70% completed  (70% total)   LightIoTNetwork.gateway (GatewayNode, id=22)
** Event #394  t=7.018203478842  70% completed  (70% total)   LightIoTNetwork.cloud (CloudServer, id=23)
[INFO]	[CloudServer] Received message ID=500006 | Delay: 0.001s
** Event #395  t=7.084151691246  70% completed  (70% total)   LightIoTNetwork.sensor[2] (SensorNode, id=4)
** Event #396  t=7.084151691246  70% completed  (70% total)   LightIoTNetwork.gateway (GatewayNode, id=22)
** Event #397  t=7.085151691246  70% completed  (70% total)   LightIoTNetwork.cloud (CloudServer, id=23)
[INFO]	[CloudServer] Received message ID=300006 | Delay: 0.001s
** Event #398  t=7.087965474556  70% completed  (70% total)   LightIoTNetwork.sensor[9] (SensorNode, id=11)
** Event #399  t=7.087965474556  70% completed  (70% total)   LightIoTNetwork.gateway (GatewayNode, id=22)
** Event #400  t=7.088965474556  70% completed  (70% total)   LightIoTNetwork.cloud (CloudServer, id=23)
[INFO]	[CloudServer] Received message ID=1000006 | Delay: 0.001s
** Event #401  t=7.10143020707  71% completed  (71% total)   LightIoTNetwork.sensor[18] (SensorNode, id=20)
** Event #402  t=7.10143020707  71% completed  (71% total)   LightIoTNetwork.gateway (GatewayNode, id=22)
** Event #403  t=7.10243020707  71% completed  (71% total)   LightIoTNetwork.cloud (CloudServer, id=23)
[INFO]	[CloudServer] Received message ID=1900006 | Delay: 0.001s
** Event #404  t=7.126617061114  71% completed  (71% total)   LightIoTNetwork.sensor[1] (SensorNode, id=3)
** Event #405  t=7.126617061114  71% completed  (71% total)   LightIoTNetwork.gateway (GatewayNode, id=22)
** Event #406  t=7.127617061114  71% completed  (71% total)   LightIoTNetwork.cloud (CloudServer, id=23)
[INFO]	[CloudServer] Received message ID=200006 | Delay: 0.001s
** Event #407  t=7.330413123453  73% completed  (73% total)   LightIoTNetwork.sensor[5] (SensorNode, id=7)
** Event #408  t=7.330413123453  73% completed  (73% total)   LightIoTNetwork.gateway (GatewayNode, id=22)
** Event #409  t=7.331413123453  73% completed  (73% total)   LightIoTNetwork.cloud (CloudServer, id=23)
[INFO]	[CloudServer] Received message ID=600006 | Delay: 0.001s
** Event #410  t=7.37809331729  73% completed  (73% total)   LightIoTNetwork.sensor[7] (SensorNode, id=9)
** Event #411  t=7.37809331729  73% completed  (73% total)   LightIoTNetwork.gateway (GatewayNode, id=22)
** Event #412  t=7.37909331729  73% completed  (73% total)   LightIoTNetwork.cloud (CloudServer, id=23)
[INFO]	[CloudServer] Received message ID=800006 | Delay: 0.001s
** Event #413  t=7.406859732931  74% completed  (74% total)   LightIoTNetwork.sensor[14] (SensorNode, id=16)
** Event #414  t=7.406859732931  74% completed  (74% total)   LightIoTNetwork.gateway (GatewayNode, id=22)
** Event #415  t=7.407859732931  74% completed  (74% total)   LightIoTNetwork.cloud (CloudServer, id=23)
[INFO]	[CloudServer] Received message ID=1500006 | Delay: 0.001s
** Event #416  t=7.435727030783  74% completed  (74% total)   LightIoTNetwork.sensor[10] (SensorNode, id=12)
** Event #417  t=7.435727030783  74% completed  (74% total)   LightIoTNetwork.gateway (GatewayNode, id=22)
** Event #418  t=7.436727030783  74% completed  (74% total)   LightIoTNetwork.cloud (CloudServer, id=23)
[INFO]	[CloudServer] Received message ID=1100006 | Delay: 0.001s
** Event #419  t=7.507615492494  75% completed  (75% total)   LightIoTNetwork.sensor[15] (SensorNode, id=17)
** Event #420  t=7.507615492494  75% completed  (75% total)   LightIoTNetwork.gateway (GatewayNode, id=22)
** Event #421  t=7.508615492494  75% completed  (75% total)   LightIoTNetwork.cloud (CloudServer, id=23)
[INFO]	[CloudServer] Received message ID=1600007 | Delay: 0.001s
** Event #422  t=7.541478707735  75% completed  (75% total)   LightIoTNetwork.sensor[16] (SensorNode, id=18)
** Event #423  t=7.541478707735  75% completed  (75% total)   LightIoTNetwork.gateway (GatewayNode, id=22)
** Event #424  t=7.542478707735  75% completed  (75% total)   LightIoTNetwork.cloud (CloudServer, id=23)
[INFO]	[CloudServer] Received message ID=1700006 | Delay: 0.001s
** Event #425  t=7.551388279394  75% completed  (75% total)   LightIoTNetwork.sensor[3] (SensorNode, id=5)
** Event #426  t=7.551388279394  75% completed  (75% total)   LightIoTNetwork.gateway (GatewayNode, id=22)
** Event #427  t=7.552388279394  75% completed  (75% total)   LightIoTNetwork.cloud (CloudServer, id=23)
[INFO]	[CloudServer] Received message ID=400006 | Delay: 0.001s
** Event #428  t=7.716495369374  77% completed  (77% total)   LightIoTNetwork.sensor[17] (SensorNode, id=19)
** Event #429  t=7.716495369374  77% completed  (77% total)   LightIoTNetwork.gateway (GatewayNode, id=22)
** Event #430  t=7.717495369374  77% completed  (77% total)   LightIoTNetwork.cloud (CloudServer, id=23)
[INFO]	[CloudServer] Received message ID=1800007 | Delay: 0.001s
** Event #431  t=7.789752140595  77% completed  (77% total)   LightIoTNetwork.sensor[11] (SensorNode, id=13)
** Event #432  t=7.789752140595  77% completed  (77% total)   LightIoTNetwork.gateway (GatewayNode, id=22)
** Event #433  t=7.790752140595  77% completed  (77% total)   LightIoTNetwork.cloud (CloudServer, id=23)
[INFO]	[CloudServer] Received message ID=1200007 | Delay: 0.001s
** Event #434  t=7.791725033429  77% completed  (77% total)   LightIoTNetwork.fakeNode (FakeNode, id=24)
** Event #435  t=7.791725033429  77% completed  (77% total)   LightIoTNetwork.gateway (GatewayNode, id=22)
[INFO]	[GatewayNode] Security check failed -> Dropped (HMAC=BAD, fresh=OLD, seen=NO)
** Event #436  t=7.857812201325  78% completed  (78% total)   LightIoTNetwork.sensor[6] (SensorNode, id=8)
** Event #437  t=7.857812201325  78% completed  (78% total)   LightIoTNetwork.gateway (GatewayNode, id=22)
** Event #438  t=7.858812201325  78% completed  (78% total)   LightIoTNetwork.cloud (CloudServer, id=23)
[INFO]	[CloudServer] Received message ID=700007 | Delay: 0.001s
** Event #439  t=7.902075649053  79% completed  (79% total)   LightIoTNetwork.sensor[8] (SensorNode, id=10)
** Event #440  t=7.902075649053  79% completed  (79% total)   LightIoTNetwork.gateway (GatewayNode, id=22)
** Event #441  t=7.903075649053  79% completed  (79% total)   LightIoTNetwork.cloud (CloudServer, id=23)
[INFO]	[CloudServer] Received message ID=900007 | Delay: 0.001s
** Event #442  t=7.908768500295  79% completed  (79% total)   LightIoTNetwork.sensor[19] (SensorNode, id=21)
** Event #443  t=7.908768500295  79% completed  (79% total)   LightIoTNetwork.gateway (GatewayNode, id=22)
** Event #444  t=7.909768500295  79% completed  (79% total)   LightIoTNetwork.cloud (CloudServer, id=23)
[INFO]	[CloudServer] Received message ID=2000007 | Delay: 0.001s
** Event #445  t=7.925041036635  79% completed  (79% total)   LightIoTNetwork.sensor[4] (SensorNode, id=6)
** Event #446  t=7.925041036635  79% completed  (79% total)   LightIoTNetwork.gateway (GatewayNode, id=22)
** Event #447  t=7.926041036635  79% completed  (79% total)   LightIoTNetwork.cloud (CloudServer, id=23)
[INFO]	[CloudServer] Received message ID=500007 | Delay: 0.001s
** Event #448  t=7.935604358324  79% completed  (79% total)   LightIoTNetwork.sensor[12] (SensorNode, id=14)
** Event #449  t=7.935604358324  79% completed  (79% total)   LightIoTNetwork.gateway (GatewayNode, id=22)
** Event #450  t=7.936604358324  79% completed  (79% total)   LightIoTNetwork.cloud (CloudServer, id=23)
[INFO]	[CloudServer] Received message ID=1300007 | Delay: 0.001s
** Event #451  t=7.970298412162  79% completed  (79% total)   LightIoTNetwork.sensor[13] (SensorNode, id=15)
** Event #452  t=7.970298412162  79% completed  (79% total)   LightIoTNetwork.gateway (GatewayNode, id=22)
** Event #453  t=7.971298412162  79% completed  (79% total)   LightIoTNetwork.cloud (CloudServer, id=23)
[INFO]	[CloudServer] Received message ID=1400007 | Delay: 0.001s
** Event #454  t=8.035518756602  80% completed  (80% total)   LightIoTNetwork.sensor[0] (SensorNode, id=2)
** Event #455  t=8.035518756602  80% completed  (80% total)   LightIoTNetwork.gateway (GatewayNode, id=22)
** Event #456  t=8.036518756602  80% completed  (80% total)   LightIoTNetwork.cloud (CloudServer, id=23)
[INFO]	[CloudServer] Received message ID=100007 | Delay: 0.001s
** Event #457  t=8.04452686645  80% completed  (80% total)   LightIoTNetwork.sensor[9] (SensorNode, id=11)
** Event #458  t=8.04452686645  80% completed  (80% total)   LightIoTNetwork.gateway (GatewayNode, id=22)
** Event #459  t=8.04552686645  80% completed  (80% total)   LightIoTNetwork.cloud (CloudServer, id=23)
[INFO]	[CloudServer] Received message ID=1000007 | Delay: 0.001s
** Event #460  t=8.050656374032  80% completed  (80% total)   LightIoTNetwork.sensor[1] (SensorNode, id=3)
** Event #461  t=8.050656374032  80% completed  (80% total)   LightIoTNetwork.gateway (GatewayNode, id=22)
** Event #462  t=8.051656374032  80% completed  (80% total)   LightIoTNetwork.cloud (CloudServer, id=23)
[INFO]	[CloudServer] Received message ID=200007 | Delay: 0.001s
** Event #463  t=8.07249387554  80% completed  (80% total)   LightIoTNetwork.sensor[2] (SensorNode, id=4)
** Event #464  t=8.07249387554  80% completed  (80% total)   LightIoTNetwork.gateway (GatewayNode, id=22)
** Event #465  t=8.07349387554  80% completed  (80% total)   LightIoTNetwork.cloud (CloudServer, id=23)
[INFO]	[CloudServer] Received message ID=300007 | Delay: 0.001s
** Event #466  t=8.197347553166  81% completed  (81% total)   LightIoTNetwork.sensor[18] (SensorNode, id=20)
** Event #467  t=8.197347553166  81% completed  (81% total)   LightIoTNetwork.gateway (GatewayNode, id=22)
** Event #468  t=8.198347553166  81% completed  (81% total)   LightIoTNetwork.cloud (CloudServer, id=23)
[INFO]	[CloudServer] Received message ID=1900007 | Delay: 0.001s
** Event #469  t=8.302302017249  83% completed  (83% total)   LightIoTNetwork.sensor[5] (SensorNode, id=7)
** Event #470  t=8.302302017249  83% completed  (83% total)   LightIoTNetwork.gateway (GatewayNode, id=22)
** Event #471  t=8.303302017249  83% completed  (83% total)   LightIoTNetwork.cloud (CloudServer, id=23)
[INFO]	[CloudServer] Received message ID=600007 | Delay: 0.001s
** Event #472  t=8.337321357149  83% completed  (83% total)   LightIoTNetwork.sensor[7] (SensorNode, id=9)
** Event #473  t=8.337321357149  83% completed  (83% total)   LightIoTNetwork.gateway (GatewayNode, id=22)
** Event #474  t=8.338321357149  83% completed  (83% total)   LightIoTNetwork.cloud (CloudServer, id=23)
[INFO]	[CloudServer] Received message ID=800007 | Delay: 0.001s
** Event #475  t=8.359472573641  83% completed  (83% total)   LightIoTNetwork.sensor[10] (SensorNode, id=12)
** Event #476  t=8.359472573641  83% completed  (83% total)   LightIoTNetwork.gateway (GatewayNode, id=22)
** Event #477  t=8.360472573641  83% completed  (83% total)   LightIoTNetwork.cloud (CloudServer, id=23)
[INFO]	[CloudServer] Received message ID=1100007 | Delay: 0.001s
** Event #478  t=8.403038440179  84% completed  (84% total)   LightIoTNetwork.sensor[14] (SensorNode, id=16)
** Event #479  t=8.403038440179  84% completed  (84% total)   LightIoTNetwork.gateway (GatewayNode, id=22)
** Event #480  t=8.404038440179  84% completed  (84% total)   LightIoTNetwork.cloud (CloudServer, id=23)
[INFO]	[CloudServer] Received message ID=1500007 | Delay: 0.001s
** Event #481  t=8.505075342395  85% completed  (85% total)   LightIoTNetwork.sensor[16] (SensorNode, id=18)
** Event #482  t=8.505075342395  85% completed  (85% total)   LightIoTNetwork.gateway (GatewayNode, id=22)
** Event #483  t=8.506075342395  85% completed  (85% total)   LightIoTNetwork.cloud (CloudServer, id=23)
[INFO]	[CloudServer] Received message ID=1700007 | Delay: 0.001s
** Event #484  t=8.545347729745  85% completed  (85% total)   LightIoTNetwork.sensor[15] (SensorNode, id=17)
** Event #485  t=8.545347729745  85% completed  (85% total)   LightIoTNetwork.gateway (GatewayNode, id=22)
** Event #486  t=8.546347729745  85% completed  (85% total)   LightIoTNetwork.cloud (CloudServer, id=23)
[INFO]	[CloudServer] Received message ID=1600008 | Delay: 0.001s
** Event #487  t=8.627483458024  86% completed  (86% total)   LightIoTNetwork.sensor[3] (SensorNode, id=5)
** Event #488  t=8.627483458024  86% completed  (86% total)   LightIoTNetwork.gateway (GatewayNode, id=22)
** Event #489  t=8.628483458024  86% completed  (86% total)   LightIoTNetwork.cloud (CloudServer, id=23)
[INFO]	[CloudServer] Received message ID=400007 | Delay: 0.001s
** Event #490  t=8.699347967048  86% completed  (86% total)   LightIoTNetwork.sensor[17] (SensorNode, id=19)
** Event #491  t=8.699347967048  86% completed  (86% total)   LightIoTNetwork.gateway (GatewayNode, id=22)
** Event #492  t=8.700347967048  87% completed  (87% total)   LightIoTNetwork.cloud (CloudServer, id=23)
[INFO]	[CloudServer] Received message ID=1800008 | Delay: 0.001s
** Event #493  t=8.770641701529  87% completed  (87% total)   LightIoTNetwork.sensor[6] (SensorNode, id=8)
** Event #494  t=8.770641701529  87% completed  (87% total)   LightIoTNetwork.gateway (GatewayNode, id=22)
** Event #495  t=8.771641701529  87% completed  (87% total)   LightIoTNetwork.cloud (CloudServer, id=23)
[INFO]	[CloudServer] Received message ID=700008 | Delay: 0.001s
** Event #496  t=8.845440075686  88% completed  (88% total)   LightIoTNetwork.sensor[8] (SensorNode, id=10)
** Event #497  t=8.845440075686  88% completed  (88% total)   LightIoTNetwork.gateway (GatewayNode, id=22)
** Event #498  t=8.846440075686  88% completed  (88% total)   LightIoTNetwork.cloud (CloudServer, id=23)
[INFO]	[CloudServer] Received message ID=900008 | Delay: 0.001s
** Event #499  t=8.873399235169  88% completed  (88% total)   LightIoTNetwork.sensor[11] (SensorNode, id=13)
** Event #500  t=8.873399235169  88% completed  (88% total)   LightIoTNetwork.gateway (GatewayNode, id=22)
** Event #501  t=8.874399235169  88% completed  (88% total)   LightIoTNetwork.cloud (CloudServer, id=23)
[INFO]	[CloudServer] Received message ID=1200008 | Delay: 0.001s
** Event #502  t=8.938078809764  89% completed  (89% total)   LightIoTNetwork.sensor[4] (SensorNode, id=6)
** Event #503  t=8.938078809764  89% completed  (89% total)   LightIoTNetwork.gateway (GatewayNode, id=22)
** Event #504  t=8.939078809764  89% completed  (89% total)   LightIoTNetwork.cloud (CloudServer, id=23)
[INFO]	[CloudServer] Received message ID=500008 | Delay: 0.001s
** Event #505  t=8.947262924165  89% completed  (89% total)   LightIoTNetwork.sensor[19] (SensorNode, id=21)
** Event #506  t=8.947262924165  89% completed  (89% total)   LightIoTNetwork.gateway (GatewayNode, id=22)
** Event #507  t=8.948262924165  89% completed  (89% total)   LightIoTNetwork.cloud (CloudServer, id=23)
[INFO]	[CloudServer] Received message ID=2000008 | Delay: 0.001s
** Event #508  t=8.948924648016  89% completed  (89% total)   LightIoTNetwork.sensor[12] (SensorNode, id=14)
** Event #509  t=8.948924648016  89% completed  (89% total)   LightIoTNetwork.gateway (GatewayNode, id=22)
** Event #510  t=8.949924648016  89% completed  (89% total)   LightIoTNetwork.cloud (CloudServer, id=23)
[INFO]	[CloudServer] Received message ID=1300008 | Delay: 0.001s
** Event #511  t=8.988596654823  89% completed  (89% total)   LightIoTNetwork.sensor[0] (SensorNode, id=2)
** Event #512  t=8.988596654823  89% completed  (89% total)   LightIoTNetwork.gateway (GatewayNode, id=22)
** Event #513  t=8.989596654823  89% completed  (89% total)   LightIoTNetwork.cloud (CloudServer, id=23)
[INFO]	[CloudServer] Received message ID=100008 | Delay: 0.001s
** Event #514  t=9.043318924959  90% completed  (90% total)   LightIoTNetwork.sensor[13] (SensorNode, id=15)
** Event #515  t=9.043318924959  90% completed  (90% total)   LightIoTNetwork.gateway (GatewayNode, id=22)
** Event #516  t=9.044318924959  90% completed  (90% total)   LightIoTNetwork.cloud (CloudServer, id=23)
[INFO]	[CloudServer] Received message ID=1400008 | Delay: 0.001s
** Event #517  t=9.046320658642  90% completed  (90% total)   LightIoTNetwork.sensor[9] (SensorNode, id=11)
** Event #518  t=9.046320658642  90% completed  (90% total)   LightIoTNetwork.gateway (GatewayNode, id=22)
** Event #519  t=9.047320658642  90% completed  (90% total)   LightIoTNetwork.cloud (CloudServer, id=23)
[INFO]	[CloudServer] Received message ID=1000008 | Delay: 0.001s
** Event #520  t=9.055305984617  90% completed  (90% total)   LightIoTNetwork.sensor[1] (SensorNode, id=3)
** Event #521  t=9.055305984617  90% completed  (90% total)   LightIoTNetwork.gateway (GatewayNode, id=22)
** Event #522  t=9.056305984617  90% completed  (90% total)   LightIoTNetwork.cloud (CloudServer, id=23)
[INFO]	[CloudServer] Received message ID=200008 | Delay: 0.001s
** Event #523  t=9.116135654364  91% completed  (91% total)   LightIoTNetwork.sensor[18] (SensorNode, id=20)
** Event #524  t=9.116135654364  91% completed  (91% total)   LightIoTNetwork.gateway (GatewayNode, id=22)
** Event #525  t=9.117135654364  91% completed  (91% total)   LightIoTNetwork.cloud (CloudServer, id=23)
[INFO]	[CloudServer] Received message ID=1900008 | Delay: 0.001s
** Event #526  t=9.155838466856  91% completed  (91% total)   LightIoTNetwork.sensor[2] (SensorNode, id=4)
** Event #527  t=9.155838466856  91% completed  (91% total)   LightIoTNetwork.gateway (GatewayNode, id=22)
** Event #528  t=9.156838466856  91% completed  (91% total)   LightIoTNetwork.cloud (CloudServer, id=23)
[INFO]	[CloudServer] Received message ID=300008 | Delay: 0.001s
** Event #529  t=9.276095070969  92% completed  (92% total)   LightIoTNetwork.sensor[10] (SensorNode, id=12)
** Event #530  t=9.276095070969  92% completed  (92% total)   LightIoTNetwork.gateway (GatewayNode, id=22)
** Event #531  t=9.277095070969  92% completed  (92% total)   LightIoTNetwork.cloud (CloudServer, id=23)
[INFO]	[CloudServer] Received message ID=1100008 | Delay: 0.001s
** Event #532  t=9.352510656183  93% completed  (93% total)   LightIoTNetwork.sensor[7] (SensorNode, id=9)
** Event #533  t=9.352510656183  93% completed  (93% total)   LightIoTNetwork.gateway (GatewayNode, id=22)
** Event #534  t=9.353510656183  93% completed  (93% total)   LightIoTNetwork.cloud (CloudServer, id=23)
[INFO]	[CloudServer] Received message ID=800008 | Delay: 0.001s
** Event #535  t=9.386533539649  93% completed  (93% total)   LightIoTNetwork.sensor[5] (SensorNode, id=7)
** Event #536  t=9.386533539649  93% completed  (93% total)   LightIoTNetwork.gateway (GatewayNode, id=22)
** Event #537  t=9.387533539649  93% completed  (93% total)   LightIoTNetwork.cloud (CloudServer, id=23)
[INFO]	[CloudServer] Received message ID=600008 | Delay: 0.001s
** Event #538  t=9.460619055201  94% completed  (94% total)   LightIoTNetwork.sensor[16] (SensorNode, id=18)
** Event #539  t=9.460619055201  94% completed  (94% total)   LightIoTNetwork.gateway (GatewayNode, id=22)
** Event #540  t=9.461619055201  94% completed  (94% total)   LightIoTNetwork.cloud (CloudServer, id=23)
[INFO]	[CloudServer] Received message ID=1700008 | Delay: 0.001s
** Event #541  t=9.488897679746  94% completed  (94% total)   LightIoTNetwork.sensor[14] (SensorNode, id=16)
** Event #542  t=9.488897679746  94% completed  (94% total)   LightIoTNetwork.gateway (GatewayNode, id=22)
** Event #543  t=9.489897679746  94% completed  (94% total)   LightIoTNetwork.cloud (CloudServer, id=23)
[INFO]	[CloudServer] Received message ID=1500008 | Delay: 0.001s
** Event #544  t=9.509061520734  95% completed  (95% total)   LightIoTNetwork.sensor[15] (SensorNode, id=17)
** Event #545  t=9.509061520734  95% completed  (95% total)   LightIoTNetwork.gateway (GatewayNode, id=22)
** Event #546  t=9.510061520734  95% completed  (95% total)   LightIoTNetwork.cloud (CloudServer, id=23)
[INFO]	[CloudServer] Received message ID=1600009 | Delay: 0.001s
** Event #547  t=9.529354798373  95% completed  (95% total)   LightIoTNetwork.sensor[3] (SensorNode, id=5)
** Event #548  t=9.529354798373  95% completed  (95% total)   LightIoTNetwork.gateway (GatewayNode, id=22)
** Event #549  t=9.530354798373  95% completed  (95% total)   LightIoTNetwork.cloud (CloudServer, id=23)
[INFO]	[CloudServer] Received message ID=400008 | Delay: 0.001s
** Event #550  t=9.732830042298  97% completed  (97% total)   LightIoTNetwork.sensor[17] (SensorNode, id=19)
** Event #551  t=9.732830042298  97% completed  (97% total)   LightIoTNetwork.gateway (GatewayNode, id=22)
** Event #552  t=9.733830042298  97% completed  (97% total)   LightIoTNetwork.cloud (CloudServer, id=23)
[INFO]	[CloudServer] Received message ID=1800009 | Delay: 0.001s
** Event #553  t=9.771799648087  97% completed  (97% total)   LightIoTNetwork.sensor[8] (SensorNode, id=10)
** Event #554  t=9.771799648087  97% completed  (97% total)   LightIoTNetwork.gateway (GatewayNode, id=22)
** Event #555  t=9.772799648087  97% completed  (97% total)   LightIoTNetwork.cloud (CloudServer, id=23)
[INFO]	[CloudServer] Received message ID=900009 | Delay: 0.001s
** Event #556  t=9.839110117359  98% completed  (98% total)   LightIoTNetwork.sensor[6] (SensorNode, id=8)
** Event #557  t=9.839110117359  98% completed  (98% total)   LightIoTNetwork.gateway (GatewayNode, id=22)
** Event #558  t=9.840110117359  98% completed  (98% total)   LightIoTNetwork.cloud (CloudServer, id=23)
[INFO]	[CloudServer] Received message ID=700009 | Delay: 0.001s
** Event #559  t=9.902834062884  99% completed  (99% total)   LightIoTNetwork.sensor[11] (SensorNode, id=13)
** Event #560  t=9.902834062884  99% completed  (99% total)   LightIoTNetwork.gateway (GatewayNode, id=22)
** Event #561  t=9.903834062884  99% completed  (99% total)   LightIoTNetwork.cloud (CloudServer, id=23)
[INFO]	[CloudServer] Received message ID=1200009 | Delay: 0.001s
** Event #562  t=9.906805866211  99% completed  (99% total)   LightIoTNetwork.sensor[12] (SensorNode, id=14)
** Event #563  t=9.906805866211  99% completed  (99% total)   LightIoTNetwork.gateway (GatewayNode, id=22)
** Event #564  t=9.907805866211  99% completed  (99% total)   LightIoTNetwork.cloud (CloudServer, id=23)
[INFO]	[CloudServer] Received message ID=1300009 | Delay: 0.001s
** Event #565  t=9.941542687686  99% completed  (99% total)   LightIoTNetwork.sensor[0] (SensorNode, id=2)
** Event #566  t=9.941542687686  99% completed  (99% total)   LightIoTNetwork.gateway (GatewayNode, id=22)
** Event #567  t=9.942542687686  99% completed  (99% total)   LightIoTNetwork.cloud (CloudServer, id=23)
[INFO]	[CloudServer] Received message ID=100009 | Delay: 0.001s
** Event #568  t=9.979957197652  99% completed  (99% total)   LightIoTNetwork.sensor[13] (SensorNode, id=15)
** Event #569  t=9.979957197652  99% completed  (99% total)   LightIoTNetwork.gateway (GatewayNode, id=22)
** Event #570  t=9.980957197652  99% completed  (99% total)   LightIoTNetwork.cloud (CloudServer, id=23)
[INFO]	[CloudServer] Received message ID=1400009 | Delay: 0.001s
** Event #571  t=9.981344249334  99% completed  (99% total)   LightIoTNetwork.sensor[4] (SensorNode, id=6)
** Event #572  t=9.981344249334  99% completed  (99% total)   LightIoTNetwork.gateway (GatewayNode, id=22)
** Event #573  t=9.982344249334  99% completed  (99% total)   LightIoTNetwork.cloud (CloudServer, id=23)
[INFO]	[CloudServer] Received message ID=500009 | Delay: 0.001s
** Event #574  t=10  100% completed  (100% total)   

<!> Simulation time limit reached -- at t=10s, event #574

Calling finish() at end of Run #0...
[INFO]	[SensorNode] Energy Remaining: 4800 mJ (96%)
[INFO]	[SensorNode] Energy Remaining: 4820 mJ (96.4%)
[INFO]	[SensorNode] Energy Remaining: 4820 mJ (96.4%)
[INFO]	[SensorNode] Energy Remaining: 4820 mJ (96.4%)
[INFO]	[SensorNode] Energy Remaining: 4800 mJ (96%)
[INFO]	[SensorNode] Energy Remaining: 4820 mJ (96.4%)
[INFO]	[SensorNode] Energy Remaining: 4800 mJ (96%)
[INFO]	[SensorNode] Energy Remaining: 4820 mJ (96.4%)
[INFO]	[SensorNode] Energy Remaining: 4800 mJ (96%)
[INFO]	[SensorNode] Energy Remaining: 4820 mJ (96.4%)
[INFO]	[SensorNode] Energy Remaining: 4820 mJ (96.4%)
[INFO]	[SensorNode] Energy Remaining: 4800 mJ (96%)
[INFO]	[SensorNode] Energy Remaining: 4800 mJ (96%)
[INFO]	[SensorNode] Energy Remaining: 4800 mJ (96%)
[INFO]	[SensorNode] Energy Remaining: 4820 mJ (96.4%)
[INFO]	[SensorNode] Energy Remaining: 4800 mJ (96%)
[INFO]	[SensorNode] Energy Remaining: 4820 mJ (96.4%)
[INFO]	[SensorNode] Energy Remaining: 4800 mJ (96%)
[INFO]	[SensorNode] Energy Remaining: 4820 mJ (96.4%)
[INFO]	[SensorNode] Energy Remaining: 4820 mJ (96.4%)
[INFO]	[GatewayNode] Received=192, Forwarded=189, Dropped=3
[INFO]	[GatewayNode] Energy Remaining: 3095 mJ (61.9%)
[INFO]	[CloudServer] Total Messages Received: 189
[INFO]	[CloudServer] Average End-to-End Delay: 0.001 seconds
[INFO]	[FakeNode] Attack simulation completed.

End.
