OMNeT++ Discrete Event Simulation  (C) 1992-2024 Andras Varga, OpenSim Ltd.
Version: 6.1, build: 241008-f7568267cd, edition: Academic Public License -- NOT FOR COMMERCIAL USE
See the license for distribution terms and warranty disclaimer

Setting up Cmdenv...

Loading NED files from .:  5
Loading NED files from ned:  5
Loading NED files from /home/ubuntu/Desktop/theis/project_g_f/thesis-main:  5
Loading NED files from /home/ubuntu/Desktop/theis/project_g_f/thesis-main/ned:  5

Preparing for running configuration NoSec_5, run #0...
Assigned runID=NoSec_5-0-20250818-17:39:27-5522
Setting up network "ned.LightIoTNetwork"...
Recording eventlog to file `results/NoSec_5-#0.elog'...
Initializing...
Initializing module LightIoTNetwork, stage 0
Initializing module LightIoTNetwork.sensor[0], stage 0
Initializing module LightIoTNetwork.sensor[1], stage 0
Initializing module LightIoTNetwork.sensor[2], stage 0
Initializing module LightIoTNetwork.sensor[3], stage 0
Initializing module LightIoTNetwork.sensor[4], stage 0
Initializing module LightIoTNetwork.gateway, stage 0
Initializing module LightIoTNetwork.cloud, stage 0
Initializing module LightIoTNetwork.fakeNode, stage 0

Running simulation...
** Event #1  t=1.048813502304  10% completed  (10% total)   LightIoTNetwork.sensor[0] (SensorNode, id=2)
** Event #2  t=1.048813502304  10% completed  (10% total)   LightIoTNetwork.gateway (GatewayNode, id=7)
** Event #3  t=1.048813502304  10% completed  (10% total)   LightIoTNetwork.cloud (CloudServer, id=8)
[INFO]	[CloudServer] Received message ID=100000 | Delay: 0s
** Event #4  t=1.092844616389  10% completed  (10% total)   LightIoTNetwork.sensor[1] (SensorNode, id=3)
** Event #5  t=1.092844616389  10% completed  (10% total)   LightIoTNetwork.gateway (GatewayNode, id=7)
** Event #6  t=1.092844616389  10% completed  (10% total)   LightIoTNetwork.cloud (CloudServer, id=8)
[INFO]	[CloudServer] Received message ID=200000 | Delay: 0s
** Event #7  t=1.102763370378  11% completed  (11% total)   LightIoTNetwork.sensor[4] (SensorNode, id=6)
** Event #8  t=1.102763370378  11% completed  (11% total)   LightIoTNetwork.gateway (GatewayNode, id=7)
** Event #9  t=1.102763370378  11% completed  (11% total)   LightIoTNetwork.cloud (CloudServer, id=8)
[INFO]	[CloudServer] Received message ID=500000 | Delay: 0s
** Event #10  t=1.215189364972  12% completed  (12% total)   LightIoTNetwork.sensor[2] (SensorNode, id=4)
** Event #11  t=1.215189364972  12% completed  (12% total)   LightIoTNetwork.gateway (GatewayNode, id=7)
** Event #12  t=1.215189364972  12% completed  (12% total)   LightIoTNetwork.cloud (CloudServer, id=8)
[INFO]	[CloudServer] Received message ID=300000 | Delay: 0s
** Event #13  t=1.34426574409  13% completed  (13% total)   LightIoTNetwork.sensor[3] (SensorNode, id=5)
** Event #14  t=1.34426574409  13% completed  (13% total)   LightIoTNetwork.gateway (GatewayNode, id=7)
** Event #15  t=1.34426574409  13% completed  (13% total)   LightIoTNetwork.cloud (CloudServer, id=8)
[INFO]	[CloudServer] Received message ID=400000 | Delay: 0s
** Event #16  t=2.057790137781  20% completed  (20% total)   LightIoTNetwork.sensor[0] (SensorNode, id=2)
** Event #17  t=2.057790137781  20% completed  (20% total)   LightIoTNetwork.gateway (GatewayNode, id=7)
** Event #18  t=2.057790137781  20% completed  (20% total)   LightIoTNetwork.cloud (CloudServer, id=8)
[INFO]	[CloudServer] Received message ID=100001 | Delay: 0s
** Event #19  t=2.087494329736  20% completed  (20% total)   LightIoTNetwork.sensor[4] (SensorNode, id=6)
** Event #20  t=2.087494329736  20% completed  (20% total)   LightIoTNetwork.gateway (GatewayNode, id=7)
** Event #21  t=2.087494329736  20% completed  (20% total)   LightIoTNetwork.cloud (CloudServer, id=8)
[INFO]	[CloudServer] Received message ID=500001 | Delay: 0s
** Event #22  t=2.16229496384  21% completed  (21% total)   LightIoTNetwork.sensor[1] (SensorNode, id=3)
** Event #23  t=2.16229496384  21% completed  (21% total)   LightIoTNetwork.gateway (GatewayNode, id=7)
** Event #24  t=2.16229496384  21% completed  (21% total)   LightIoTNetwork.cloud (CloudServer, id=8)
[INFO]	[CloudServer] Received message ID=200001 | Delay: 0s
** Event #25  t=2.239902104251  22% completed  (22% total)   LightIoTNetwork.sensor[2] (SensorNode, id=4)
** Event #26  t=2.239902104251  22% completed  (22% total)   LightIoTNetwork.gateway (GatewayNode, id=7)
** Event #27  t=2.239902104251  22% completed  (22% total)   LightIoTNetwork.cloud (CloudServer, id=8)
[INFO]	[CloudServer] Received message ID=300001 | Delay: 0s
** Event #28  t=2.373444567108  23% completed  (23% total)   LightIoTNetwork.sensor[3] (SensorNode, id=5)
** Event #29  t=2.373444567108  23% completed  (23% total)   LightIoTNetwork.gateway (GatewayNode, id=7)
** Event #30  t=2.373444567108  23% completed  (23% total)   LightIoTNetwork.cloud (CloudServer, id=8)
[INFO]	[CloudServer] Received message ID=400001 | Delay: 0s
** Event #31  t=2.857945619849  28% completed  (28% total)   LightIoTNetwork.fakeNode (FakeNode, id=9)
** Event #32  t=2.857945619849  28% completed  (28% total)   LightIoTNetwork.gateway (GatewayNode, id=7)
** Event #33  t=2.857945619849  28% completed  (28% total)   LightIoTNetwork.cloud (CloudServer, id=8)
[INFO]	[CloudServer] Received message ID=1000 | Delay: 2s
** Event #34  t=3.034666479426  30% completed  (30% total)   LightIoTNetwork.sensor[0] (SensorNode, id=2)
** Event #35  t=3.034666479426  30% completed  (30% total)   LightIoTNetwork.gateway (GatewayNode, id=7)
** Event #36  t=3.034666479426  30% completed  (30% total)   LightIoTNetwork.cloud (CloudServer, id=8)
[INFO]	[CloudServer] Received message ID=100002 | Delay: 0s
** Event #37  t=3.075011771731  30% completed  (30% total)   LightIoTNetwork.sensor[4] (SensorNode, id=6)
** Event #38  t=3.075011771731  30% completed  (30% total)   LightIoTNetwork.gateway (GatewayNode, id=7)
** Event #39  t=3.075011771731  30% completed  (30% total)   LightIoTNetwork.cloud (CloudServer, id=8)
[INFO]	[CloudServer] Received message ID=500002 | Delay: 0s
** Event #40  t=3.121801884891  31% completed  (31% total)   LightIoTNetwork.sensor[1] (SensorNode, id=3)
** Event #41  t=3.121801884891  31% completed  (31% total)   LightIoTNetwork.gateway (GatewayNode, id=7)
** Event #42  t=3.121801884891  31% completed  (31% total)   LightIoTNetwork.cloud (CloudServer, id=8)
[INFO]	[CloudServer] Received message ID=200002 | Delay: 0s
** Event #43  t=3.284787162253  32% completed  (32% total)   LightIoTNetwork.sensor[3] (SensorNode, id=5)
** Event #44  t=3.284787162253  32% completed  (32% total)   LightIoTNetwork.gateway (GatewayNode, id=7)
** Event #45  t=3.284787162253  32% completed  (32% total)   LightIoTNetwork.cloud (CloudServer, id=8)
[INFO]	[CloudServer] Received message ID=400002 | Delay: 0s
** Event #46  t=3.318256704602  33% completed  (33% total)   LightIoTNetwork.sensor[2] (SensorNode, id=4)
** Event #47  t=3.318256704602  33% completed  (33% total)   LightIoTNetwork.gateway (GatewayNode, id=7)
** Event #48  t=3.318256704602  33% completed  (33% total)   LightIoTNetwork.cloud (CloudServer, id=8)
[INFO]	[CloudServer] Received message ID=300002 | Delay: 0s
** Event #49  t=4.029543030634  40% completed  (40% total)   LightIoTNetwork.sensor[4] (SensorNode, id=6)
** Event #50  t=4.029543030634  40% completed  (40% total)   LightIoTNetwork.gateway (GatewayNode, id=7)
** Event #51  t=4.029543030634  40% completed  (40% total)   LightIoTNetwork.cloud (CloudServer, id=8)
[INFO]	[CloudServer] Received message ID=500003 | Delay: 0s
** Event #52  t=4.098490189155  40% completed  (40% total)   LightIoTNetwork.sensor[1] (SensorNode, id=3)
** Event #53  t=4.098490189155  40% completed  (40% total)   LightIoTNetwork.gateway (GatewayNode, id=7)
** Event #54  t=4.098490189155  40% completed  (40% total)   LightIoTNetwork.cloud (CloudServer, id=8)
[INFO]	[CloudServer] Received message ID=200003 | Delay: 0s
** Event #55  t=4.127399032238  41% completed  (41% total)   LightIoTNetwork.sensor[0] (SensorNode, id=2)
** Event #56  t=4.127399032238  41% completed  (41% total)   LightIoTNetwork.gateway (GatewayNode, id=7)
** Event #57  t=4.127399032238  41% completed  (41% total)   LightIoTNetwork.cloud (CloudServer, id=8)
[INFO]	[CloudServer] Received message ID=100003 | Delay: 0s
** Event #58  t=4.280320184584  42% completed  (42% total)   LightIoTNetwork.sensor[3] (SensorNode, id=5)
** Event #59  t=4.280320184584  42% completed  (42% total)   LightIoTNetwork.gateway (GatewayNode, id=7)
** Event #60  t=4.280320184584  42% completed  (42% total)   LightIoTNetwork.cloud (CloudServer, id=8)
[INFO]	[CloudServer] Received message ID=400003 | Delay: 0s
** Event #61  t=4.376601711288  43% completed  (43% total)   LightIoTNetwork.sensor[2] (SensorNode, id=4)
** Event #62  t=4.376601711288  43% completed  (43% total)   LightIoTNetwork.gateway (GatewayNode, id=7)
** Event #63  t=4.376601711288  43% completed  (43% total)   LightIoTNetwork.cloud (CloudServer, id=8)
[INFO]	[CloudServer] Received message ID=300003 | Delay: 0s
** Event #64  t=5.091976775927  50% completed  (50% total)   LightIoTNetwork.sensor[4] (SensorNode, id=6)
** Event #65  t=5.091976775927  50% completed  (50% total)   LightIoTNetwork.gateway (GatewayNode, id=7)
** Event #66  t=5.091976775927  50% completed  (50% total)   LightIoTNetwork.cloud (CloudServer, id=8)
[INFO]	[CloudServer] Received message ID=500004 | Delay: 0s
** Event #67  t=5.104269173461  51% completed  (51% total)   LightIoTNetwork.sensor[1] (SensorNode, id=3)
** Event #68  t=5.104269173461  51% completed  (51% total)   LightIoTNetwork.gateway (GatewayNode, id=7)
** Event #69  t=5.104269173461  51% completed  (51% total)   LightIoTNetwork.cloud (CloudServer, id=8)
[INFO]	[CloudServer] Received message ID=200004 | Delay: 0s
** Event #70  t=5.123394466518  51% completed  (51% total)   LightIoTNetwork.sensor[0] (SensorNode, id=2)
** Event #71  t=5.123394466518  51% completed  (51% total)   LightIoTNetwork.gateway (GatewayNode, id=7)
** Event #72  t=5.123394466518  51% completed  (51% total)   LightIoTNetwork.cloud (CloudServer, id=8)
[INFO]	[CloudServer] Received message ID=100004 | Delay: 0s
** Event #73  t=5.293929097335  52% completed  (52% total)   LightIoTNetwork.sensor[3] (SensorNode, id=5)
** Event #74  t=5.293929097335  52% completed  (52% total)   LightIoTNetwork.gateway (GatewayNode, id=7)
** Event #75  t=5.293929097335  52% completed  (52% total)   LightIoTNetwork.cloud (CloudServer, id=8)
[INFO]	[CloudServer] Received message ID=400004 | Delay: 0s
** Event #76  t=5.355158669921  53% completed  (53% total)   LightIoTNetwork.sensor[2] (SensorNode, id=4)
** Event #77  t=5.355158669921  53% completed  (53% total)   LightIoTNetwork.gateway (GatewayNode, id=7)
** Event #78  t=5.355158669921  53% completed  (53% total)   LightIoTNetwork.cloud (CloudServer, id=8)
[INFO]	[CloudServer] Received message ID=300004 | Delay: 0s
** Event #79  t=5.357945619849  53% completed  (53% total)   LightIoTNetwork.fakeNode (FakeNode, id=9)
** Event #80  t=5.357945619849  53% completed  (53% total)   LightIoTNetwork.gateway (GatewayNode, id=7)
** Event #81  t=5.357945619849  53% completed  (53% total)   LightIoTNetwork.cloud (CloudServer, id=8)
[INFO]	[CloudServer] Received message ID=1001 | Delay: 2s
** Event #82  t=6.03760167826  60% completed  (60% total)   LightIoTNetwork.sensor[0] (SensorNode, id=2)
** Event #83  t=6.03760167826  60% completed  (60% total)   LightIoTNetwork.gateway (GatewayNode, id=7)
** Event #84  t=6.03760167826  60% completed  (60% total)   LightIoTNetwork.cloud (CloudServer, id=8)
[INFO]	[CloudServer] Received message ID=100005 | Delay: 0s
** Event #85  t=6.171484927227  61% completed  (61% total)   LightIoTNetwork.sensor[1] (SensorNode, id=3)
** Event #86  t=6.171484927227  61% completed  (61% total)   LightIoTNetwork.gateway (GatewayNode, id=7)
** Event #87  t=6.171484927227  61% completed  (61% total)   LightIoTNetwork.cloud (CloudServer, id=8)
[INFO]	[CloudServer] Received message ID=200005 | Delay: 0s
** Event #88  t=6.177096102573  61% completed  (61% total)   LightIoTNetwork.sensor[4] (SensorNode, id=6)
** Event #89  t=6.177096102573  61% completed  (61% total)   LightIoTNetwork.gateway (GatewayNode, id=7)
** Event #90  t=6.177096102573  61% completed  (61% total)   LightIoTNetwork.cloud (CloudServer, id=8)
[INFO]	[CloudServer] Received message ID=500005 | Delay: 0s
** Event #91  t=6.261408329661  62% completed  (62% total)   LightIoTNetwork.sensor[3] (SensorNode, id=5)
** Event #92  t=6.261408329661  62% completed  (62% total)   LightIoTNetwork.gateway (GatewayNode, id=7)
** Event #93  t=6.261408329661  62% completed  (62% total)   LightIoTNetwork.cloud (CloudServer, id=8)
[INFO]	[CloudServer] Received message ID=400005 | Delay: 0s
** Event #94  t=6.272584529315  62% completed  (62% total)   LightIoTNetwork.sensor[2] (SensorNode, id=4)
** Event #95  t=6.272584529315  62% completed  (62% total)   LightIoTNetwork.gateway (GatewayNode, id=7)
** Event #96  t=6.272584529315  62% completed  (62% total)   LightIoTNetwork.cloud (CloudServer, id=8)
[INFO]	[CloudServer] Received message ID=300005 | Delay: 0s
** Event #97  t=7.067236053571  70% completed  (70% total)   LightIoTNetwork.sensor[0] (SensorNode, id=2)
** Event #98  t=7.067236053571  70% completed  (70% total)   LightIoTNetwork.gateway (GatewayNode, id=7)
** Event #99  t=7.067236053571  70% completed  (70% total)   LightIoTNetwork.cloud (CloudServer, id=8)
[INFO]	[CloudServer] Received message ID=100006 | Delay: 0s
** Event #100  t=7.075528607051  70% completed  (70% total)   LightIoTNetwork.sensor[1] (SensorNode, id=3)
** Event #101  t=7.075528607051  70% completed  (70% total)   LightIoTNetwork.gateway (GatewayNode, id=7)
** Event #102  t=7.075528607051  70% completed  (70% total)   LightIoTNetwork.cloud (CloudServer, id=8)
[INFO]	[CloudServer] Received message ID=200006 | Delay: 0s
** Event #103  t=7.150744410045  71% completed  (71% total)   LightIoTNetwork.sensor[4] (SensorNode, id=6)
** Event #104  t=7.150744410045  71% completed  (71% total)   LightIoTNetwork.gateway (GatewayNode, id=7)
** Event #105  t=7.150744410045  71% completed  (71% total)   LightIoTNetwork.cloud (CloudServer, id=8)
[INFO]	[CloudServer] Received message ID=500006 | Delay: 0s
** Event #106  t=7.327932298229  73% completed  (73% total)   LightIoTNetwork.sensor[3] (SensorNode, id=5)
** Event #107  t=7.327932298229  73% completed  (73% total)   LightIoTNetwork.gateway (GatewayNode, id=7)
** Event #108  t=7.327932298229  73% completed  (73% total)   LightIoTNetwork.cloud (CloudServer, id=8)
[INFO]	[CloudServer] Received message ID=400006 | Delay: 0s
** Event #109  t=7.364015560179  73% completed  (73% total)   LightIoTNetwork.sensor[2] (SensorNode, id=4)
** Event #110  t=7.364015560179  73% completed  (73% total)   LightIoTNetwork.gateway (GatewayNode, id=7)
** Event #111  t=7.364015560179  73% completed  (73% total)   LightIoTNetwork.cloud (CloudServer, id=8)
[INFO]	[CloudServer] Received message ID=300006 | Delay: 0s
** Event #112  t=7.857945619849  78% completed  (78% total)   LightIoTNetwork.fakeNode (FakeNode, id=9)
** Event #113  t=7.857945619849  78% completed  (78% total)   LightIoTNetwork.gateway (GatewayNode, id=7)
** Event #114  t=7.857945619849  78% completed  (78% total)   LightIoTNetwork.cloud (CloudServer, id=8)
[INFO]	[CloudServer] Received message ID=1002 | Delay: 2s
** Event #115  t=8.003598762536  80% completed  (80% total)   LightIoTNetwork.sensor[1] (SensorNode, id=3)
** Event #116  t=8.003598762536  80% completed  (80% total)   LightIoTNetwork.gateway (GatewayNode, id=7)
** Event #117  t=8.003598762536  80% completed  (80% total)   LightIoTNetwork.cloud (CloudServer, id=8)
[INFO]	[CloudServer] Received message ID=200007 | Delay: 0s
** Event #118  t=8.122867404949  81% completed  (81% total)   LightIoTNetwork.sensor[0] (SensorNode, id=2)
** Event #119  t=8.122867404949  81% completed  (81% total)   LightIoTNetwork.gateway (GatewayNode, id=7)
** Event #120  t=8.122867404949  81% completed  (81% total)   LightIoTNetwork.cloud (CloudServer, id=8)
[INFO]	[CloudServer] Received message ID=100007 | Delay: 0s
** Event #121  t=8.224746839096  82% completed  (82% total)   LightIoTNetwork.sensor[4] (SensorNode, id=6)
** Event #122  t=8.224746839096  82% completed  (82% total)   LightIoTNetwork.gateway (GatewayNode, id=7)
** Event #123  t=8.224746839096  82% completed  (82% total)   LightIoTNetwork.cloud (CloudServer, id=8)
[INFO]	[CloudServer] Received message ID=500007 | Delay: 0s
** Event #124  t=8.401949748442  84% completed  (84% total)   LightIoTNetwork.sensor[3] (SensorNode, id=5)
** Event #125  t=8.401949748442  84% completed  (84% total)   LightIoTNetwork.gateway (GatewayNode, id=7)
** Event #126  t=8.401949748442  84% completed  (84% total)   LightIoTNetwork.cloud (CloudServer, id=8)
[INFO]	[CloudServer] Received message ID=400007 | Delay: 0s
** Event #127  t=8.459739228758  84% completed  (84% total)   LightIoTNetwork.sensor[2] (SensorNode, id=4)
** Event #128  t=8.459739228758  84% completed  (84% total)   LightIoTNetwork.gateway (GatewayNode, id=7)
** Event #129  t=8.459739228758  84% completed  (84% total)   LightIoTNetwork.cloud (CloudServer, id=8)
[INFO]	[CloudServer] Received message ID=300007 | Delay: 0s
** Event #130  t=8.99832037054  89% completed  (89% total)   LightIoTNetwork.sensor[1] (SensorNode, id=3)
** Event #131  t=8.99832037054  89% completed  (89% total)   LightIoTNetwork.gateway (GatewayNode, id=7)
** Event #132  t=8.99832037054  89% completed  (89% total)   LightIoTNetwork.cloud (CloudServer, id=8)
[INFO]	[CloudServer] Received message ID=200008 | Delay: 0s
** Event #133  t=9.182699117716  91% completed  (91% total)   LightIoTNetwork.sensor[0] (SensorNode, id=2)
** Event #134  t=9.182699117716  91% completed  (91% total)   LightIoTNetwork.gateway (GatewayNode, id=7)
** Event #135  t=9.182699117716  91% completed  (91% total)   LightIoTNetwork.cloud (CloudServer, id=8)
[INFO]	[CloudServer] Received message ID=100008 | Delay: 0s
** Event #136  t=9.284928989596  92% completed  (92% total)   LightIoTNetwork.sensor[4] (SensorNode, id=6)
** Event #137  t=9.284928989596  92% completed  (92% total)   LightIoTNetwork.gateway (GatewayNode, id=7)
** Event #138  t=9.284928989596  92% completed  (92% total)   LightIoTNetwork.cloud (CloudServer, id=8)
[INFO]	[CloudServer] Received message ID=500008 | Delay: 0s
** Event #139  t=9.394245621002  93% completed  (93% total)   LightIoTNetwork.sensor[3] (SensorNode, id=5)
** Event #140  t=9.394245621002  93% completed  (93% total)   LightIoTNetwork.gateway (GatewayNode, id=7)
** Event #141  t=9.394245621002  93% completed  (93% total)   LightIoTNetwork.cloud (CloudServer, id=8)
[INFO]	[CloudServer] Received message ID=400008 | Delay: 0s
** Event #142  t=9.463834724856  94% completed  (94% total)   LightIoTNetwork.sensor[2] (SensorNode, id=4)
** Event #143  t=9.463834724856  94% completed  (94% total)   LightIoTNetwork.gateway (GatewayNode, id=7)
** Event #144  t=9.463834724856  94% completed  (94% total)   LightIoTNetwork.cloud (CloudServer, id=8)
[INFO]	[CloudServer] Received message ID=300008 | Delay: 0s
** Event #145  t=10  100% completed  (100% total)   

<!> Simulation time limit reached -- at t=10s, event #145

Calling finish() at end of Run #0...
[INFO]	[SensorNode] Energy Remaining: 4820 mJ (96.4%)
[INFO]	[SensorNode] Energy Remaining: 4820 mJ (96.4%)
[INFO]	[SensorNode] Energy Remaining: 4820 mJ (96.4%)
[INFO]	[SensorNode] Energy Remaining: 4820 mJ (96.4%)
[INFO]	[SensorNode] Energy Remaining: 4820 mJ (96.4%)
[INFO]	[GatewayNode] Received=48, Forwarded=48, Dropped=0
[INFO]	[GatewayNode] Energy Remaining: 4760 mJ (95.2%)
[INFO]	[CloudServer] Total Messages Received: 48
[INFO]	[CloudServer] Average End-to-End Delay: 0.125 seconds
[INFO]	[FakeNode] Attack simulation completed.

End.
