OMNeT++ Discrete Event Simulation  (C) 1992-2024 Andras Varga, OpenSim Ltd.
Version: 6.1, build: 241008-f7568267cd, edition: Academic Public License -- NOT FOR COMMERCIAL USE
See the license for distribution terms and warranty disclaimer

Setting up Cmdenv...

Loading NED files from .:  5
Loading NED files from ned:  5
Loading NED files from /home/ubuntu/Desktop/theis/project_g_f/thesis-main:  5
Loading NED files from /home/ubuntu/Desktop/theis/project_g_f/thesis-main/ned:  5

Preparing for running configuration Secure20_record, run #0...
Assigned runID=Secure20_record-0-20250819-01:19:18-4234
Setting up network "ned.LightIoTNetwork"...
Recording eventlog to file `results/Secure20_record-#0.elog'...
Initializing...
Initializing module LightIoTNetwork, stage 0
Initializing module LightIoTNetwork.sensor[0], stage 0
Initializing module LightIoTNetwork.sensor[1], stage 0
Initializing module LightIoTNetwork.sensor[2], stage 0
Initializing module LightIoTNetwork.sensor[3], stage 0
Initializing module LightIoTNetwork.sensor[4], stage 0
Initializing module LightIoTNetwork.sensor[5], stage 0
Initializing module LightIoTNetwork.sensor[6], stage 0
Initializing module LightIoTNetwork.sensor[7], stage 0
Initializing module LightIoTNetwork.sensor[8], stage 0
Initializing module LightIoTNetwork.sensor[9], stage 0
Initializing module LightIoTNetwork.sensor[10], stage 0
Initializing module LightIoTNetwork.sensor[11], stage 0
Initializing module LightIoTNetwork.sensor[12], stage 0
Initializing module LightIoTNetwork.sensor[13], stage 0
Initializing module LightIoTNetwork.sensor[14], stage 0
Initializing module LightIoTNetwork.sensor[15], stage 0
Initializing module LightIoTNetwork.sensor[16], stage 0
Initializing module LightIoTNetwork.sensor[17], stage 0
Initializing module LightIoTNetwork.sensor[18], stage 0
Initializing module LightIoTNetwork.sensor[19], stage 0
Initializing module LightIoTNetwork.gateway, stage 0
Initializing module LightIoTNetwork.cloud, stage 0
Initializing module LightIoTNetwork.fakeNode, stage 0

Running simulation...
** Event #1  t=0.556712975726  5% completed  (5% total)   LightIoTNetwork.sensor[15] (SensorNode, id=17)
** Event #2  t=0.556712975726  5% completed  (5% total)   LightIoTNetwork.gateway (GatewayNode, id=22)
** Event #3  t=0.557712975726  5% completed  (5% total)   LightIoTNetwork.cloud (CloudServer, id=23)
[INFO]	[CloudServer] Received message ID=1600000 | Delay: 0.001s
** Event #4  t=0.772656294517  7% completed  (7% total)   LightIoTNetwork.sensor[17] (SensorNode, id=19)
** Event #5  t=0.772656294517  7% completed  (7% total)   LightIoTNetwork.gateway (GatewayNode, id=22)
** Event #6  t=0.773656294517  7% completed  (7% total)   LightIoTNetwork.cloud (CloudServer, id=23)
[INFO]	[CloudServer] Received message ID=1800000 | Delay: 0.001s
** Event #7  t=0.797534605255  7% completed  (7% total)   LightIoTNetwork.sensor[13] (SensorNode, id=15)
** Event #8  t=0.797534605255  7% completed  (7% total)   LightIoTNetwork.gateway (GatewayNode, id=22)
** Event #9  t=0.798534605255  7% completed  (7% total)   LightIoTNetwork.cloud (CloudServer, id=23)
[INFO]	[CloudServer] Received message ID=1400000 | Delay: 0.001s
** Event #10  t=0.88344152132  8% completed  (8% total)   LightIoTNetwork.sensor[18] (SensorNode, id=20)
** Event #11  t=0.88344152132  8% completed  (8% total)   LightIoTNetwork.gateway (GatewayNode, id=22)
** Event #12  t=0.884381708223  8% completed  (8% total)   LightIoTNetwork.sensor[11] (SensorNode, id=13)
** Event #13  t=0.884381708223  8% completed  (8% total)   LightIoTNetwork.gateway (GatewayNode, id=22)
** Event #14  t=0.88444152132  8% completed  (8% total)   LightIoTNetwork.cloud (CloudServer, id=23)
[INFO]	[CloudServer] Received message ID=1900000 | Delay: 0.001s
** Event #15  t=0.885381708223  8% completed  (8% total)   LightIoTNetwork.cloud (CloudServer, id=23)
[INFO]	[CloudServer] Received message ID=1200000 | Delay: 0.001s
** Event #16  t=0.923654796788  9% completed  (9% total)   LightIoTNetwork.sensor[8] (SensorNode, id=10)
** Event #17  t=0.923654796788  9% completed  (9% total)   LightIoTNetwork.gateway (GatewayNode, id=22)
** Event #18  t=0.924654796788  9% completed  (9% total)   LightIoTNetwork.cloud (CloudServer, id=23)
[INFO]	[CloudServer] Received message ID=900000 | Delay: 0.001s
** Event #19  t=0.937587209977  9% completed  (9% total)   LightIoTNetwork.sensor[12] (SensorNode, id=14)
** Event #20  t=0.937587209977  9% completed  (9% total)   LightIoTNetwork.gateway (GatewayNode, id=22)
** Event #21  t=0.938587209977  9% completed  (9% total)   LightIoTNetwork.cloud (CloudServer, id=23)
[INFO]	[CloudServer] Received message ID=1300000 | Delay: 0.001s
** Event #22  t=0.977665111655  9% completed  (9% total)   LightIoTNetwork.sensor[19] (SensorNode, id=21)
** Event #23  t=0.977665111655  9% completed  (9% total)   LightIoTNetwork.gateway (GatewayNode, id=22)
** Event #24  t=0.978665111655  9% completed  (9% total)   LightIoTNetwork.cloud (CloudServer, id=23)
[INFO]	[CloudServer] Received message ID=2000000 | Delay: 0.001s
** Event #25  t=1.044883177383  10% completed  (10% total)   LightIoTNetwork.sensor[6] (SensorNode, id=8)
** Event #26  t=1.044883177383  10% completed  (10% total)   LightIoTNetwork.gateway (GatewayNode, id=22)
** Event #27  t=1.045883177383  10% completed  (10% total)   LightIoTNetwork.cloud (CloudServer, id=23)
[INFO]	[CloudServer] Received message ID=700000 | Delay: 0.001s
** Event #28  t=1.048813502304  10% completed  (10% total)   LightIoTNetwork.sensor[0] (SensorNode, id=2)
** Event #29  t=1.048813502304  10% completed  (10% total)   LightIoTNetwork.gateway (GatewayNode, id=22)
** Event #30  t=1.049813502304  10% completed  (10% total)   LightIoTNetwork.cloud (CloudServer, id=23)
[INFO]	[CloudServer] Received message ID=100000 | Delay: 0.001s
** Event #31  t=1.092844616389  10% completed  (10% total)   LightIoTNetwork.sensor[1] (SensorNode, id=3)
** Event #32  t=1.092844616389  10% completed  (10% total)   LightIoTNetwork.gateway (GatewayNode, id=22)
** Event #33  t=1.093844616389  10% completed  (10% total)   LightIoTNetwork.cloud (CloudServer, id=23)
[INFO]	[CloudServer] Received message ID=200000 | Delay: 0.001s
** Event #34  t=1.102763370378  11% completed  (11% total)   LightIoTNetwork.sensor[4] (SensorNode, id=6)
** Event #35  t=1.102763370378  11% completed  (11% total)   LightIoTNetwork.gateway (GatewayNode, id=22)
** Event #36  t=1.103763370378  11% completed  (11% total)   LightIoTNetwork.cloud (CloudServer, id=23)
[INFO]	[CloudServer] Received message ID=500000 | Delay: 0.001s
** Event #37  t=1.123563696397  11% completed  (11% total)   LightIoTNetwork.sensor[9] (SensorNode, id=11)
** Event #38  t=1.123563696397  11% completed  (11% total)   LightIoTNetwork.gateway (GatewayNode, id=22)
** Event #39  t=1.124563696397  11% completed  (11% total)   LightIoTNetwork.cloud (CloudServer, id=23)
[INFO]	[CloudServer] Received message ID=1000000 | Delay: 0.001s
** Event #40  t=1.145894115092  11% completed  (11% total)   LightIoTNetwork.sensor[10] (SensorNode, id=12)
** Event #41  t=1.145894115092  11% completed  (11% total)   LightIoTNetwork.gateway (GatewayNode, id=22)
** Event #42  t=1.146894115092  11% completed  (11% total)   LightIoTNetwork.cloud (CloudServer, id=23)
[INFO]	[CloudServer] Received message ID=1100000 | Delay: 0.001s
** Event #43  t=1.215189364972  12% completed  (12% total)   LightIoTNetwork.sensor[2] (SensorNode, id=4)
** Event #44  t=1.215189364972  12% completed  (12% total)   LightIoTNetwork.gateway (GatewayNode, id=22)
** Event #45  t=1.216189364972  12% completed  (12% total)   LightIoTNetwork.cloud (CloudServer, id=23)
[INFO]	[CloudServer] Received message ID=300000 | Delay: 0.001s
** Event #46  t=1.34426574409  13% completed  (13% total)   LightIoTNetwork.sensor[3] (SensorNode, id=5)
** Event #47  t=1.34426574409  13% completed  (13% total)   LightIoTNetwork.gateway (GatewayNode, id=22)
** Event #48  t=1.34526574409  13% completed  (13% total)   LightIoTNetwork.cloud (CloudServer, id=23)
[INFO]	[CloudServer] Received message ID=400000 | Delay: 0.001s
** Event #49  t=1.347251737257  13% completed  (13% total)   LightIoTNetwork.sensor[7] (SensorNode, id=9)
** Event #50  t=1.347251737257  13% completed  (13% total)   LightIoTNetwork.gateway (GatewayNode, id=22)
** Event #51  t=1.348251737257  13% completed  (13% total)   LightIoTNetwork.cloud (CloudServer, id=23)
[INFO]	[CloudServer] Received message ID=800000 | Delay: 0.001s
** Event #52  t=1.357945619849  13% completed  (13% total)   LightIoTNetwork.sensor[5] (SensorNode, id=7)
** Event #53  t=1.357945619849  13% completed  (13% total)   LightIoTNetwork.gateway (GatewayNode, id=22)
** Event #54  t=1.358945619849  13% completed  (13% total)   LightIoTNetwork.cloud (CloudServer, id=23)
[INFO]	[CloudServer] Received message ID=600000 | Delay: 0.001s
** Event #55  t=1.391773001757  13% completed  (13% total)   LightIoTNetwork.sensor[14] (SensorNode, id=16)
** Event #56  t=1.391773001757  13% completed  (13% total)   LightIoTNetwork.gateway (GatewayNode, id=22)
** Event #57  t=1.392773001757  13% completed  (13% total)   LightIoTNetwork.cloud (CloudServer, id=23)
[INFO]	[CloudServer] Received message ID=1500000 | Delay: 0.001s
** Event #58  t=1.463662764058  14% completed  (14% total)   LightIoTNetwork.sensor[16] (SensorNode, id=18)
** Event #59  t=1.463662764058  14% completed  (14% total)   LightIoTNetwork.gateway (GatewayNode, id=22)
** Event #60  t=1.464662764058  14% completed  (14% total)   LightIoTNetwork.cloud (CloudServer, id=23)
[INFO]	[CloudServer] Received message ID=1700000 | Delay: 0.001s
** Event #61  t=1.615057982412  16% completed  (16% total)   LightIoTNetwork.sensor[15] (SensorNode, id=17)
** Event #62  t=1.615057982412  16% completed  (16% total)   LightIoTNetwork.gateway (GatewayNode, id=22)
** Event #63  t=1.616057982412  16% completed  (16% total)   LightIoTNetwork.cloud (CloudServer, id=23)
[INFO]	[CloudServer] Received message ID=1600001 | Delay: 0.001s
** Event #64  t=1.803313589561  18% completed  (18% total)   LightIoTNetwork.sensor[13] (SensorNode, id=15)
** Event #65  t=1.803313589561  18% completed  (18% total)   LightIoTNetwork.gateway (GatewayNode, id=22)
** Event #66  t=1.804313589561  18% completed  (18% total)   LightIoTNetwork.cloud (CloudServer, id=23)
[INFO]	[CloudServer] Received message ID=1400001 | Delay: 0.001s
** Event #67  t=1.83509003981  18% completed  (18% total)   LightIoTNetwork.sensor[17] (SensorNode, id=19)
** Event #68  t=1.83509003981  18% completed  (18% total)   LightIoTNetwork.gateway (GatewayNode, id=22)
** Event #69  t=1.83609003981  18% completed  (18% total)   LightIoTNetwork.cloud (CloudServer, id=23)
[INFO]	[CloudServer] Received message ID=1800001 | Delay: 0.001s
** Event #70  t=1.8794369556  18% completed  (18% total)   LightIoTNetwork.sensor[18] (SensorNode, id=20)
** Event #71  t=1.8794369556  18% completed  (18% total)   LightIoTNetwork.gateway (GatewayNode, id=22)
** Event #72  t=1.8804369556  18% completed  (18% total)   LightIoTNetwork.cloud (CloudServer, id=23)
[INFO]	[CloudServer] Received message ID=1900001 | Delay: 0.001s
** Event #73  t=1.897990620974  18% completed  (18% total)   LightIoTNetwork.sensor[11] (SensorNode, id=13)
** Event #74  t=1.897990620974  18% completed  (18% total)   LightIoTNetwork.gateway (GatewayNode, id=22)
** Event #75  t=1.898990620974  18% completed  (18% total)   LightIoTNetwork.cloud (CloudServer, id=23)
[INFO]	[CloudServer] Received message ID=1200001 | Delay: 0.001s
** Event #76  t=1.902211755421  19% completed  (19% total)   LightIoTNetwork.sensor[8] (SensorNode, id=10)
** Event #77  t=1.902211755421  19% completed  (19% total)   LightIoTNetwork.gateway (GatewayNode, id=22)
** Event #78  t=1.903211755421  19% completed  (19% total)   LightIoTNetwork.cloud (CloudServer, id=23)
[INFO]	[CloudServer] Received message ID=900001 | Delay: 0.001s
** Event #79  t=1.959090389125  19% completed  (19% total)   LightIoTNetwork.sensor[6] (SensorNode, id=8)
** Event #80  t=1.959090389125  19% completed  (19% total)   LightIoTNetwork.gateway (GatewayNode, id=22)
** Event #81  t=1.960090389125  19% completed  (19% total)   LightIoTNetwork.cloud (CloudServer, id=23)
[INFO]	[CloudServer] Received message ID=700001 | Delay: 0.001s
** Event #82  t=2.010270475783  20% completed  (20% total)   LightIoTNetwork.sensor[1] (SensorNode, id=3)
** Event #83  t=2.010270475783  20% completed  (20% total)   LightIoTNetwork.gateway (GatewayNode, id=22)
** Event #84  t=2.011270475783  20% completed  (20% total)   LightIoTNetwork.cloud (CloudServer, id=23)
[INFO]	[CloudServer] Received message ID=200001 | Delay: 0.001s
** Event #85  t=2.01629273463  20% completed  (20% total)   LightIoTNetwork.sensor[0] (SensorNode, id=2)
** Event #86  t=2.01629273463  20% completed  (20% total)   LightIoTNetwork.gateway (GatewayNode, id=22)
** Event #87  t=2.01729273463  20% completed  (20% total)   LightIoTNetwork.cloud (CloudServer, id=23)
[INFO]	[CloudServer] Received message ID=100001 | Delay: 0.001s
** Event #88  t=2.022706536623  20% completed  (20% total)   LightIoTNetwork.sensor[12] (SensorNode, id=14)
** Event #89  t=2.022706536623  20% completed  (20% total)   LightIoTNetwork.gateway (GatewayNode, id=22)
** Event #90  t=2.023706536623  20% completed  (20% total)   LightIoTNetwork.cloud (CloudServer, id=23)
[INFO]	[CloudServer] Received message ID=1300001 | Delay: 0.001s
** Event #91  t=2.027607376221  20% completed  (20% total)   LightIoTNetwork.sensor[9] (SensorNode, id=11)
** Event #92  t=2.027607376221  20% completed  (20% total)   LightIoTNetwork.gateway (GatewayNode, id=22)
** Event #93  t=2.028607376221  20% completed  (20% total)   LightIoTNetwork.cloud (CloudServer, id=23)
[INFO]	[CloudServer] Received message ID=1000001 | Delay: 0.001s
** Event #94  t=2.044880865421  20% completed  (20% total)   LightIoTNetwork.sensor[19] (SensorNode, id=21)
** Event #95  t=2.044880865421  20% completed  (20% total)   LightIoTNetwork.gateway (GatewayNode, id=22)
** Event #96  t=2.045880865421  20% completed  (20% total)   LightIoTNetwork.cloud (CloudServer, id=23)
[INFO]	[CloudServer] Received message ID=2000001 | Delay: 0.001s
** Event #97  t=2.119542422564  21% completed  (21% total)   LightIoTNetwork.sensor[10] (SensorNode, id=12)
** Event #98  t=2.119542422564  21% completed  (21% total)   LightIoTNetwork.gateway (GatewayNode, id=22)
** Event #99  t=2.120542422564  21% completed  (21% total)   LightIoTNetwork.cloud (CloudServer, id=23)
[INFO]	[CloudServer] Received message ID=1100001 | Delay: 0.001s
** Event #100  t=2.132397745689  21% completed  (21% total)   LightIoTNetwork.sensor[4] (SensorNode, id=6)
** Event #101  t=2.132397745689  21% completed  (21% total)   LightIoTNetwork.gateway (GatewayNode, id=22)
** Event #102  t=2.133397745689  21% completed  (21% total)   LightIoTNetwork.cloud (CloudServer, id=23)
[INFO]	[CloudServer] Received message ID=500001 | Delay: 0.001s
** Event #103  t=2.28171333354  22% completed  (22% total)   LightIoTNetwork.sensor[2] (SensorNode, id=4)
** Event #104  t=2.28171333354  22% completed  (22% total)   LightIoTNetwork.gateway (GatewayNode, id=22)
** Event #105  t=2.28271333354  22% completed  (22% total)   LightIoTNetwork.cloud (CloudServer, id=23)
[INFO]	[CloudServer] Received message ID=300001 | Delay: 0.001s
** Event #106  t=2.286015775334  22% completed  (22% total)   LightIoTNetwork.sensor[5] (SensorNode, id=7)
** Event #107  t=2.286015775334  22% completed  (22% total)   LightIoTNetwork.gateway (GatewayNode, id=22)
** Event #108  t=2.287015775334  22% completed  (22% total)   LightIoTNetwork.cloud (CloudServer, id=23)
[INFO]	[CloudServer] Received message ID=600001 | Delay: 0.001s
** Event #109  t=2.402883088635  24% completed  (24% total)   LightIoTNetwork.sensor[7] (SensorNode, id=9)
** Event #110  t=2.402883088635  24% completed  (24% total)   LightIoTNetwork.gateway (GatewayNode, id=22)
** Event #111  t=2.403883088635  24% completed  (24% total)   LightIoTNetwork.cloud (CloudServer, id=23)
[INFO]	[CloudServer] Received message ID=800001 | Delay: 0.001s
** Event #112  t=2.435696774954  24% completed  (24% total)   LightIoTNetwork.sensor[3] (SensorNode, id=5)
** Event #113  t=2.435696774954  24% completed  (24% total)   LightIoTNetwork.gateway (GatewayNode, id=22)
** Event #114  t=2.436696774954  24% completed  (24% total)   LightIoTNetwork.cloud (CloudServer, id=23)
[INFO]	[CloudServer] Received message ID=400001 | Delay: 0.001s
** Event #115  t=2.465775430808  24% completed  (24% total)   LightIoTNetwork.sensor[14] (SensorNode, id=16)
** Event #116  t=2.465775430808  24% completed  (24% total)   LightIoTNetwork.gateway (GatewayNode, id=22)
** Event #117  t=2.466775430808  24% completed  (24% total)   LightIoTNetwork.cloud (CloudServer, id=23)
[INFO]	[CloudServer] Received message ID=1500001 | Delay: 0.001s
** Event #118  t=2.537680214271  25% completed  (25% total)   LightIoTNetwork.sensor[16] (SensorNode, id=18)
** Event #119  t=2.537680214271  25% completed  (25% total)   LightIoTNetwork.gateway (GatewayNode, id=22)
** Event #120  t=2.538680214271  25% completed  (25% total)   LightIoTNetwork.cloud (CloudServer, id=23)
[INFO]	[CloudServer] Received message ID=1700001 | Delay: 0.001s
** Event #121  t=2.710781650991  27% completed  (27% total)   LightIoTNetwork.sensor[15] (SensorNode, id=17)
** Event #122  t=2.710781650991  27% completed  (27% total)   LightIoTNetwork.gateway (GatewayNode, id=22)
** Event #123  t=2.711781650991  27% completed  (27% total)   LightIoTNetwork.cloud (CloudServer, id=23)
[INFO]	[CloudServer] Received message ID=1600002 | Delay: 0.001s
** Event #124  t=2.798035197565  27% completed  (27% total)   LightIoTNetwork.sensor[13] (SensorNode, id=15)
** Event #125  t=2.798035197565  27% completed  (27% total)   LightIoTNetwork.gateway (GatewayNode, id=22)
** Event #126  t=2.799035197565  27% completed  (27% total)   LightIoTNetwork.cloud (CloudServer, id=23)
[INFO]	[CloudServer] Received message ID=1400002 | Delay: 0.001s
** Event #127  t=2.890286493534  28% completed  (28% total)   LightIoTNetwork.sensor[11] (SensorNode, id=13)
** Event #128  t=2.890286493534  28% completed  (28% total)   LightIoTNetwork.gateway (GatewayNode, id=22)
** Event #129  t=2.891286493534  28% completed  (28% total)   LightIoTNetwork.cloud (CloudServer, id=23)
[INFO]	[CloudServer] Received message ID=1200002 | Delay: 0.001s
** Event #130  t=2.894921752577  28% completed  (28% total)   LightIoTNetwork.sensor[17] (SensorNode, id=19)
** Event #131  t=2.894921752577  28% completed  (28% total)   LightIoTNetwork.gateway (GatewayNode, id=22)
** Event #132  t=2.895921752577  28% completed  (28% total)   LightIoTNetwork.cloud (CloudServer, id=23)
[INFO]	[CloudServer] Received message ID=1800002 | Delay: 0.001s
** Event #133  t=2.906307251519  29% completed  (29% total)   LightIoTNetwork.sensor[8] (SensorNode, id=10)
** Event #134  t=2.906307251519  29% completed  (29% total)   LightIoTNetwork.gateway (GatewayNode, id=22)
** Event #135  t=2.907307251519  29% completed  (29% total)   LightIoTNetwork.cloud (CloudServer, id=23)
[INFO]	[CloudServer] Received message ID=900002 | Delay: 0.001s
** Event #136  t=2.9396191061  29% completed  (29% total)   LightIoTNetwork.sensor[18] (SensorNode, id=20)
** Event #137  t=2.9396191061  29% completed  (29% total)   LightIoTNetwork.gateway (GatewayNode, id=22)
** Event #138  t=2.939947619382  29% completed  (29% total)   LightIoTNetwork.sensor[0] (SensorNode, id=2)
** Event #139  t=2.939947619382  29% completed  (29% total)   LightIoTNetwork.gateway (GatewayNode, id=22)
** Event #140  t=2.9406191061  29% completed  (29% total)   LightIoTNetwork.cloud (CloudServer, id=23)
[INFO]	[CloudServer] Received message ID=1900002 | Delay: 0.001s
** Event #141  t=2.940947619382  29% completed  (29% total)   LightIoTNetwork.cloud (CloudServer, id=23)
[INFO]	[CloudServer] Received message ID=100002 | Delay: 0.001s
** Event #142  t=3.015196224255  30% completed  (30% total)   LightIoTNetwork.sensor[6] (SensorNode, id=8)
** Event #143  t=3.015196224255  30% completed  (30% total)   LightIoTNetwork.gateway (GatewayNode, id=22)
** Event #144  t=3.016196224255  30% completed  (30% total)   LightIoTNetwork.cloud (CloudServer, id=23)
[INFO]	[CloudServer] Received message ID=700002 | Delay: 0.001s
** Event #145  t=3.046046382515  30% completed  (30% total)   LightIoTNetwork.sensor[1] (SensorNode, id=3)
** Event #146  t=3.046046382515  30% completed  (30% total)   LightIoTNetwork.gateway (GatewayNode, id=22)
** Event #147  t=3.047046382515  30% completed  (30% total)   LightIoTNetwork.cloud (CloudServer, id=23)
[INFO]	[CloudServer] Received message ID=200002 | Delay: 0.001s
** Event #148  t=3.048213079664  30% completed  (30% total)   LightIoTNetwork.sensor[10] (SensorNode, id=12)
** Event #149  t=3.048213079664  30% completed  (30% total)   LightIoTNetwork.gateway (GatewayNode, id=22)
** Event #150  t=3.049213079664  30% completed  (30% total)   LightIoTNetwork.cloud (CloudServer, id=23)
[INFO]	[CloudServer] Received message ID=1100002 | Delay: 0.001s
** Event #151  t=3.055591579619  30% completed  (30% total)   LightIoTNetwork.sensor[9] (SensorNode, id=11)
** Event #152  t=3.055591579619  30% completed  (30% total)   LightIoTNetwork.gateway (GatewayNode, id=22)
** Event #153  t=3.056591579619  30% completed  (30% total)   LightIoTNetwork.cloud (CloudServer, id=23)
[INFO]	[CloudServer] Received message ID=1000002 | Delay: 0.001s
** Event #154  t=3.061284823669  30% completed  (30% total)   LightIoTNetwork.sensor[19] (SensorNode, id=21)
** Event #155  t=3.061284823669  30% completed  (30% total)   LightIoTNetwork.gateway (GatewayNode, id=22)
** Event #156  t=3.062284823669  30% completed  (30% total)   LightIoTNetwork.cloud (CloudServer, id=23)
[INFO]	[CloudServer] Received message ID=2000002 | Delay: 0.001s
** Event #157  t=3.066833066941  30% completed  (30% total)   LightIoTNetwork.sensor[12] (SensorNode, id=14)
** Event #158  t=3.066833066941  30% completed  (30% total)   LightIoTNetwork.gateway (GatewayNode, id=22)
** Event #159  t=3.067833066941  30% completed  (30% total)   LightIoTNetwork.cloud (CloudServer, id=23)
[INFO]	[CloudServer] Received message ID=1300002 | Delay: 0.001s
** Event #160  t=3.139872391335  31% completed  (31% total)   LightIoTNetwork.sensor[4] (SensorNode, id=6)
** Event #161  t=3.139872391335  31% completed  (31% total)   LightIoTNetwork.gateway (GatewayNode, id=22)
** Event #162  t=3.140872391335  31% completed  (31% total)   LightIoTNetwork.cloud (CloudServer, id=23)
[INFO]	[CloudServer] Received message ID=500002 | Delay: 0.001s
** Event #163  t=3.337738899421  33% completed  (33% total)   LightIoTNetwork.sensor[5] (SensorNode, id=7)
** Event #164  t=3.337738899421  33% completed  (33% total)   LightIoTNetwork.gateway (GatewayNode, id=22)
** Event #165  t=3.338738899421  33% completed  (33% total)   LightIoTNetwork.cloud (CloudServer, id=23)
[INFO]	[CloudServer] Received message ID=600002 | Delay: 0.001s
** Event #166  t=3.356878296239  33% completed  (33% total)   LightIoTNetwork.sensor[3] (SensorNode, id=5)
** Event #167  t=3.356878296239  33% completed  (33% total)   LightIoTNetwork.gateway (GatewayNode, id=22)
** Event #168  t=3.357878296239  33% completed  (33% total)   LightIoTNetwork.cloud (CloudServer, id=23)
[INFO]	[CloudServer] Received message ID=400002 | Delay: 0.001s
** Event #169  t=3.370647117263  33% completed  (33% total)   LightIoTNetwork.sensor[2] (SensorNode, id=4)
** Event #170  t=3.370647117263  33% completed  (33% total)   LightIoTNetwork.gateway (GatewayNode, id=22)
** Event #171  t=3.371647117263  33% completed  (33% total)   LightIoTNetwork.cloud (CloudServer, id=23)
[INFO]	[CloudServer] Received message ID=300002 | Delay: 0.001s
** Event #172  t=3.407252754271  34% completed  (34% total)   LightIoTNetwork.sensor[7] (SensorNode, id=9)
** Event #173  t=3.407252754271  34% completed  (34% total)   LightIoTNetwork.gateway (GatewayNode, id=22)
** Event #174  t=3.408252754271  34% completed  (34% total)   LightIoTNetwork.cloud (CloudServer, id=23)
[INFO]	[CloudServer] Received message ID=800002 | Delay: 0.001s
** Event #175  t=3.448707819032  34% completed  (34% total)   LightIoTNetwork.sensor[14] (SensorNode, id=16)
** Event #176  t=3.448707819032  34% completed  (34% total)   LightIoTNetwork.gateway (GatewayNode, id=22)
** Event #177  t=3.449707819032  34% completed  (34% total)   LightIoTNetwork.cloud (CloudServer, id=23)
[INFO]	[CloudServer] Received message ID=1500002 | Delay: 0.001s
** Event #178  t=3.532400298817  35% completed  (35% total)   LightIoTNetwork.sensor[16] (SensorNode, id=18)
** Event #179  t=3.532400298817  35% completed  (35% total)   LightIoTNetwork.gateway (GatewayNode, id=22)
** Event #180  t=3.533400298817  35% completed  (35% total)   LightIoTNetwork.cloud (CloudServer, id=23)
[INFO]	[CloudServer] Received message ID=1700002 | Delay: 0.001s
** Event #181  t=3.663692773274  36% completed  (36% total)   LightIoTNetwork.sensor[15] (SensorNode, id=17)
** Event #182  t=3.663692773274  36% completed  (36% total)   LightIoTNetwork.gateway (GatewayNode, id=22)
** Event #183  t=3.664692773274  36% completed  (36% total)   LightIoTNetwork.cloud (CloudServer, id=23)
[INFO]	[CloudServer] Received message ID=1600003 | Delay: 0.001s
** Event #184  t=3.735301666474  37% completed  (37% total)   LightIoTNetwork.sensor[13] (SensorNode, id=15)
** Event #185  t=3.735301666474  37% completed  (37% total)   LightIoTNetwork.gateway (GatewayNode, id=22)
** Event #186  t=3.736301666474  37% completed  (37% total)   LightIoTNetwork.cloud (CloudServer, id=23)
[INFO]	[CloudServer] Received message ID=1400003 | Delay: 0.001s
** Event #187  t=3.882929177442  38% completed  (38% total)   LightIoTNetwork.sensor[18] (SensorNode, id=20)
** Event #188  t=3.882929177442  38% completed  (38% total)   LightIoTNetwork.gateway (GatewayNode, id=22)
** Event #189  t=3.883929177442  38% completed  (38% total)   LightIoTNetwork.cloud (CloudServer, id=23)
[INFO]	[CloudServer] Received message ID=1900003 | Delay: 0.001s
** Event #190  t=3.897537318711  38% completed  (38% total)   LightIoTNetwork.sensor[8] (SensorNode, id=10)
** Event #191  t=3.897537318711  38% completed  (38% total)   LightIoTNetwork.gateway (GatewayNode, id=22)
** Event #192  t=3.898537318711  38% completed  (38% total)   LightIoTNetwork.cloud (CloudServer, id=23)
[INFO]	[CloudServer] Received message ID=900003 | Delay: 0.001s
** Event #193  t=3.942239858908  39% completed  (39% total)   LightIoTNetwork.sensor[6] (SensorNode, id=8)
** Event #194  t=3.942239858908  39% completed  (39% total)   LightIoTNetwork.gateway (GatewayNode, id=22)
** Event #195  t=3.942305388161  39% completed  (39% total)   LightIoTNetwork.sensor[17] (SensorNode, id=19)
** Event #196  t=3.942305388161  39% completed  (39% total)   LightIoTNetwork.gateway (GatewayNode, id=22)
** Event #197  t=3.943239858908  39% completed  (39% total)   LightIoTNetwork.cloud (CloudServer, id=23)
[INFO]	[CloudServer] Received message ID=700003 | Delay: 0.001s
** Event #198  t=3.943305388161  39% completed  (39% total)   LightIoTNetwork.cloud (CloudServer, id=23)
[INFO]	[CloudServer] Received message ID=1800003 | Delay: 0.001s
** Event #199  t=3.945133230835  39% completed  (39% total)   LightIoTNetwork.sensor[11] (SensorNode, id=13)
** Event #200  t=3.945133230835  39% completed  (39% total)   LightIoTNetwork.gateway (GatewayNode, id=22)
** Event #201  t=3.946133230835  39% completed  (39% total)   LightIoTNetwork.cloud (CloudServer, id=23)
[INFO]	[CloudServer] Received message ID=1200003 | Delay: 0.001s
** Event #202  t=3.949804342119  39% completed  (39% total)   LightIoTNetwork.sensor[1] (SensorNode, id=3)
** Event #203  t=3.949804342119  39% completed  (39% total)   LightIoTNetwork.gateway (GatewayNode, id=22)
** Event #204  t=3.950804342119  39% completed  (39% total)   LightIoTNetwork.cloud (CloudServer, id=23)
[INFO]	[CloudServer] Received message ID=200003 | Delay: 0.001s
** Event #205  t=3.953634409047  39% completed  (39% total)   LightIoTNetwork.sensor[0] (SensorNode, id=2)
** Event #206  t=3.953634409047  39% completed  (39% total)   LightIoTNetwork.gateway (GatewayNode, id=22)
** Event #207  t=3.954634409047  39% completed  (39% total)   LightIoTNetwork.cloud (CloudServer, id=23)
[INFO]	[CloudServer] Received message ID=100003 | Delay: 0.001s
** Event #208  t=3.991219796426  39% completed  (39% total)   LightIoTNetwork.sensor[19] (SensorNode, id=21)
** Event #209  t=3.991219796426  39% completed  (39% total)   LightIoTNetwork.gateway (GatewayNode, id=22)
** Event #210  t=3.992219796426  39% completed  (39% total)   LightIoTNetwork.cloud (CloudServer, id=23)
[INFO]	[CloudServer] Received message ID=2000003 | Delay: 0.001s
** Event #211  t=4.013041280489  40% completed  (40% total)   LightIoTNetwork.sensor[10] (SensorNode, id=12)
** Event #212  t=4.013041280489  40% completed  (40% total)   LightIoTNetwork.gateway (GatewayNode, id=22)
** Event #213  t=4.014041280489  40% completed  (40% total)   LightIoTNetwork.cloud (CloudServer, id=23)
[INFO]	[CloudServer] Received message ID=1100003 | Delay: 0.001s
** Event #214  t=4.079118679789  40% completed  (40% total)   LightIoTNetwork.sensor[9] (SensorNode, id=11)
** Event #215  t=4.079118679789  40% completed  (40% total)   LightIoTNetwork.gateway (GatewayNode, id=22)
** Event #216  t=4.080118679789  40% completed  (40% total)   LightIoTNetwork.cloud (CloudServer, id=23)
[INFO]	[CloudServer] Received message ID=1000003 | Delay: 0.001s
** Event #217  t=4.084336668439  40% completed  (40% total)   LightIoTNetwork.sensor[4] (SensorNode, id=6)
** Event #218  t=4.084336668439  40% completed  (40% total)   LightIoTNetwork.gateway (GatewayNode, id=22)
** Event #219  t=4.085336668439  40% completed  (40% total)   LightIoTNetwork.cloud (CloudServer, id=23)
[INFO]	[CloudServer] Received message ID=500003 | Delay: 0.001s
** Event #220  t=4.089252211434  40% completed  (40% total)   LightIoTNetwork.sensor[12] (SensorNode, id=14)
** Event #221  t=4.089252211434  40% completed  (40% total)   LightIoTNetwork.gateway (GatewayNode, id=22)
** Event #222  t=4.090252211434  40% completed  (40% total)   LightIoTNetwork.cloud (CloudServer, id=23)
[INFO]	[CloudServer] Received message ID=1300003 | Delay: 0.001s
** Event #223  t=4.33417609185  43% completed  (43% total)   LightIoTNetwork.sensor[3] (SensorNode, id=5)
** Event #224  t=4.33417609185  43% completed  (43% total)   LightIoTNetwork.gateway (GatewayNode, id=22)
** Event #225  t=4.33517609185  43% completed  (43% total)   LightIoTNetwork.cloud (CloudServer, id=23)
[INFO]	[CloudServer] Received message ID=400003 | Delay: 0.001s
** Event #226  t=4.361125699151  43% completed  (43% total)   LightIoTNetwork.sensor[5] (SensorNode, id=7)
** Event #227  t=4.361125699151  43% completed  (43% total)   LightIoTNetwork.gateway (GatewayNode, id=22)
** Event #228  t=4.362125699151  43% completed  (43% total)   LightIoTNetwork.cloud (CloudServer, id=23)
[INFO]	[CloudServer] Received message ID=600003 | Delay: 0.001s
** Event #229  t=4.459396732319  44% completed  (44% total)   LightIoTNetwork.sensor[2] (SensorNode, id=4)
** Event #230  t=4.459396732319  44% completed  (44% total)   LightIoTNetwork.gateway (GatewayNode, id=22)
** Event #231  t=4.460396732319  44% completed  (44% total)   LightIoTNetwork.cloud (CloudServer, id=23)
[INFO]	[CloudServer] Received message ID=300003 | Delay: 0.001s
** Event #232  t=4.485071878601  44% completed  (44% total)   LightIoTNetwork.sensor[14] (SensorNode, id=16)
** Event #233  t=4.485071878601  44% completed  (44% total)   LightIoTNetwork.gateway (GatewayNode, id=22)
** Event #234  t=4.486071878601  44% completed  (44% total)   LightIoTNetwork.cloud (CloudServer, id=23)
[INFO]	[CloudServer] Received message ID=1500003 | Delay: 0.001s
** Event #235  t=4.487772448547  44% completed  (44% total)   LightIoTNetwork.sensor[7] (SensorNode, id=9)
** Event #236  t=4.487772448547  44% completed  (44% total)   LightIoTNetwork.gateway (GatewayNode, id=22)
** Event #237  t=4.488772448547  44% completed  (44% total)   LightIoTNetwork.cloud (CloudServer, id=23)
[INFO]	[CloudServer] Received message ID=800003 | Delay: 0.001s
** Event #238  t=4.522390296729  45% completed  (45% total)   LightIoTNetwork.sensor[16] (SensorNode, id=18)
** Event #239  t=4.522390296729  45% completed  (45% total)   LightIoTNetwork.gateway (GatewayNode, id=22)
** Event #240  t=4.523390296729  45% completed  (45% total)   LightIoTNetwork.cloud (CloudServer, id=23)
[INFO]	[CloudServer] Received message ID=1700003 | Delay: 0.001s
** Event #241  t=4.635594353686  46% completed  (46% total)   LightIoTNetwork.sensor[15] (SensorNode, id=17)
** Event #242  t=4.635594353686  46% completed  (46% total)   LightIoTNetwork.gateway (GatewayNode, id=22)
** Event #243  t=4.636594353686  46% completed  (46% total)   LightIoTNetwork.cloud (CloudServer, id=23)
[INFO]	[CloudServer] Received message ID=1600004 | Delay: 0.001s
** Event #244  t=4.757914358843  47% completed  (47% total)   LightIoTNetwork.sensor[13] (SensorNode, id=15)
** Event #245  t=4.757914358843  47% completed  (47% total)   LightIoTNetwork.gateway (GatewayNode, id=22)
** Event #246  t=4.758914358843  47% completed  (47% total)   LightIoTNetwork.cloud (CloudServer, id=23)
[INFO]	[CloudServer] Received message ID=1400004 | Delay: 0.001s
** Event #247  t=4.857178324135  48% completed  (48% total)   LightIoTNetwork.sensor[11] (SensorNode, id=13)
** Event #248  t=4.857178324135  48% completed  (48% total)   LightIoTNetwork.gateway (GatewayNode, id=22)
** Event #249  t=4.858178324135  48% completed  (48% total)   LightIoTNetwork.cloud (CloudServer, id=23)
[INFO]	[CloudServer] Received message ID=1200004 | Delay: 0.001s
** Event #250  t=4.862161458469  48% completed  (48% total)   LightIoTNetwork.sensor[17] (SensorNode, id=19)
** Event #251  t=4.862161458469  48% completed  (48% total)   LightIoTNetwork.gateway (GatewayNode, id=22)
** Event #252  t=4.863161458469  48% completed  (48% total)   LightIoTNetwork.cloud (CloudServer, id=23)
[INFO]	[CloudServer] Received message ID=1800004 | Delay: 0.001s
** Event #253  t=4.870335567975  48% completed  (48% total)   LightIoTNetwork.sensor[18] (SensorNode, id=20)
** Event #254  t=4.870335567975  48% completed  (48% total)   LightIoTNetwork.gateway (GatewayNode, id=22)
** Event #255  t=4.871335567975  48% completed  (48% total)   LightIoTNetwork.cloud (CloudServer, id=23)
[INFO]	[CloudServer] Received message ID=1900004 | Delay: 0.001s
** Event #256  t=4.978007034353  49% completed  (49% total)   LightIoTNetwork.sensor[8] (SensorNode, id=10)
** Event #257  t=4.978007034353  49% completed  (49% total)   LightIoTNetwork.gateway (GatewayNode, id=22)
** Event #258  t=4.979007034353  49% completed  (49% total)   LightIoTNetwork.cloud (CloudServer, id=23)
[INFO]	[CloudServer] Received message ID=900004 | Delay: 0.001s
** Event #259  t=4.981766097992  49% completed  (49% total)   LightIoTNetwork.sensor[6] (SensorNode, id=8)
** Event #260  t=4.981766097992  49% completed  (49% total)   LightIoTNetwork.gateway (GatewayNode, id=22)
** Event #261  t=4.982766097992  49% completed  (49% total)   LightIoTNetwork.cloud (CloudServer, id=23)
[INFO]	[CloudServer] Received message ID=700004 | Delay: 0.001s
** Event #262  t=4.986987751303  49% completed  (49% total)   LightIoTNetwork.sensor[0] (SensorNode, id=2)
** Event #263  t=4.986987751303  49% completed  (49% total)   LightIoTNetwork.gateway (GatewayNode, id=22)
** Event #264  t=4.987987751303  49% completed  (49% total)   LightIoTNetwork.cloud (CloudServer, id=23)
[INFO]	[CloudServer] Received message ID=100004 | Delay: 0.001s
** Event #265  t=5.013300597015  50% completed  (50% total)   LightIoTNetwork.sensor[9] (SensorNode, id=11)
** Event #266  t=5.013300597015  50% completed  (50% total)   LightIoTNetwork.gateway (GatewayNode, id=22)
** Event #267  t=5.014300597015  50% completed  (50% total)   LightIoTNetwork.cloud (CloudServer, id=23)
[INFO]	[CloudServer] Received message ID=1000004 | Delay: 0.001s
** Event #268  t=5.021847802866  50% completed  (50% total)   LightIoTNetwork.sensor[19] (SensorNode, id=21)
** Event #269  t=5.021847802866  50% completed  (50% total)   LightIoTNetwork.gateway (GatewayNode, id=22)
** Event #270  t=5.022847802866  50% completed  (50% total)   LightIoTNetwork.cloud (CloudServer, id=23)
[INFO]	[CloudServer] Received message ID=2000004 | Delay: 0.001s
** Event #271  t=5.026413180772  50% completed  (50% total)   LightIoTNetwork.sensor[4] (SensorNode, id=6)
** Event #272  t=5.026413180772  50% completed  (50% total)   LightIoTNetwork.gateway (GatewayNode, id=22)
** Event #273  t=5.027413180772  50% completed  (50% total)   LightIoTNetwork.cloud (CloudServer, id=23)
[INFO]	[CloudServer] Received message ID=500004 | Delay: 0.001s
** Event #274  t=5.043766155839  50% completed  (50% total)   LightIoTNetwork.sensor[1] (SensorNode, id=3)
** Event #275  t=5.043766155839  50% completed  (50% total)   LightIoTNetwork.gateway (GatewayNode, id=22)
** Event #276  t=5.044766155839  50% completed  (50% total)   LightIoTNetwork.cloud (CloudServer, id=23)
[INFO]	[CloudServer] Received message ID=200004 | Delay: 0.001s
** Event #277  t=5.047168855229  50% completed  (50% total)   LightIoTNetwork.sensor[10] (SensorNode, id=12)
** Event #278  t=5.047168855229  50% completed  (50% total)   LightIoTNetwork.gateway (GatewayNode, id=22)
** Event #279  t=5.048168855229  50% completed  (50% total)   LightIoTNetwork.cloud (CloudServer, id=23)
[INFO]	[CloudServer] Received message ID=1100004 | Delay: 0.001s
** Event #280  t=5.060882645474  50% completed  (50% total)   LightIoTNetwork.sensor[12] (SensorNode, id=14)
** Event #281  t=5.060882645474  50% completed  (50% total)   LightIoTNetwork.gateway (GatewayNode, id=22)
** Event #282  t=5.061882645474  50% completed  (50% total)   LightIoTNetwork.cloud (CloudServer, id=23)
[INFO]	[CloudServer] Received message ID=1300004 | Delay: 0.001s
** Event #283  t=5.25996135152  52% completed  (52% total)   LightIoTNetwork.sensor[3] (SensorNode, id=5)
** Event #284  t=5.25996135152  52% completed  (52% total)   LightIoTNetwork.gateway (GatewayNode, id=22)
** Event #285  t=5.26096135152  52% completed  (52% total)   LightIoTNetwork.cloud (CloudServer, id=23)
[INFO]	[CloudServer] Received message ID=400004 | Delay: 0.001s
** Event #286  t=5.411262926925  54% completed  (54% total)   LightIoTNetwork.sensor[5] (SensorNode, id=7)
** Event #287  t=5.411262926925  54% completed  (54% total)   LightIoTNetwork.gateway (GatewayNode, id=22)
** Event #288  t=5.412262926925  54% completed  (54% total)   LightIoTNetwork.cloud (CloudServer, id=23)
[INFO]	[CloudServer] Received message ID=600004 | Delay: 0.001s
** Event #289  t=5.42248240225  54% completed  (54% total)   LightIoTNetwork.sensor[2] (SensorNode, id=4)
** Event #290  t=5.42248240225  54% completed  (54% total)   LightIoTNetwork.gateway (GatewayNode, id=22)
** Event #291  t=5.42348240225  54% completed  (54% total)   LightIoTNetwork.cloud (CloudServer, id=23)
[INFO]	[CloudServer] Received message ID=300004 | Delay: 0.001s
** Event #292  t=5.460514603229  54% completed  (54% total)   LightIoTNetwork.sensor[7] (SensorNode, id=9)
** Event #293  t=5.460514603229  54% completed  (54% total)   LightIoTNetwork.gateway (GatewayNode, id=22)
** Event #294  t=5.461514603229  54% completed  (54% total)   LightIoTNetwork.cloud (CloudServer, id=23)
[INFO]	[CloudServer] Received message ID=800004 | Delay: 0.001s
** Event #295  t=5.48739974224  54% completed  (54% total)   LightIoTNetwork.sensor[16] (SensorNode, id=18)
** Event #296  t=5.48739974224  54% completed  (54% total)   LightIoTNetwork.gateway (GatewayNode, id=22)
** Event #297  t=5.48839974224  54% completed  (54% total)   LightIoTNetwork.cloud (CloudServer, id=23)
[INFO]	[CloudServer] Received message ID=1700004 | Delay: 0.001s
** Event #298  t=5.506638011942  55% completed  (55% total)   LightIoTNetwork.sensor[14] (SensorNode, id=16)
** Event #299  t=5.506638011942  55% completed  (55% total)   LightIoTNetwork.gateway (GatewayNode, id=22)
** Event #300  t=5.507638011942  55% completed  (55% total)   LightIoTNetwork.cloud (CloudServer, id=23)
[INFO]	[CloudServer] Received message ID=1500004 | Delay: 0.001s
** Event #301  t=5.649633708876  56% completed  (56% total)   LightIoTNetwork.sensor[15] (SensorNode, id=17)
** Event #302  t=5.649633708876  56% completed  (56% total)   LightIoTNetwork.gateway (GatewayNode, id=22)
** Event #303  t=5.650633708876  56% completed  (56% total)   LightIoTNetwork.cloud (CloudServer, id=23)
[INFO]	[CloudServer] Received message ID=1600005 | Delay: 0.001s
** Event #304  t=5.66559944395  56% completed  (56% total)   LightIoTNetwork.sensor[13] (SensorNode, id=15)
** Event #305  t=5.66559944395  56% completed  (56% total)   LightIoTNetwork.gateway (GatewayNode, id=22)
** Event #306  t=5.66659944395  56% completed  (56% total)   LightIoTNetwork.cloud (CloudServer, id=23)
[INFO]	[CloudServer] Received message ID=1400005 | Delay: 0.001s
** Event #307  t=5.844898626814  58% completed  (58% total)   LightIoTNetwork.sensor[11] (SensorNode, id=13)
** Event #308  t=5.844898626814  58% completed  (58% total)   LightIoTNetwork.gateway (GatewayNode, id=22)
** Event #309  t=5.845898626814  58% completed  (58% total)   LightIoTNetwork.cloud (CloudServer, id=23)
[INFO]	[CloudServer] Received message ID=1200005 | Delay: 0.001s
** Event #310  t=5.8890162691  58% completed  (58% total)   LightIoTNetwork.sensor[17] (SensorNode, id=19)
** Event #311  t=5.8890162691  58% completed  (58% total)   LightIoTNetwork.gateway (GatewayNode, id=22)
** Event #312  t=5.8900162691  58% completed  (58% total)   LightIoTNetwork.cloud (CloudServer, id=23)
[INFO]	[CloudServer] Received message ID=1800005 | Delay: 0.001s
** Event #313  t=5.902175059355  59% completed  (59% total)   LightIoTNetwork.sensor[6] (SensorNode, id=8)
** Event #314  t=5.902175059355  59% completed  (59% total)   LightIoTNetwork.gateway (GatewayNode, id=22)
** Event #315  t=5.903175059355  59% completed  (59% total)   LightIoTNetwork.cloud (CloudServer, id=23)
[INFO]	[CloudServer] Received message ID=700005 | Delay: 0.001s
** Event #316  t=5.955075948731  59% completed  (59% total)   LightIoTNetwork.sensor[9] (SensorNode, id=11)
** Event #317  t=5.955075948731  59% completed  (59% total)   LightIoTNetwork.gateway (GatewayNode, id=22)
** Event #318  t=5.956075948731  59% completed  (59% total)   LightIoTNetwork.cloud (CloudServer, id=23)
[INFO]	[CloudServer] Received message ID=1000005 | Delay: 0.001s
** Event #319  t=5.958675083006  59% completed  (59% total)   LightIoTNetwork.sensor[4] (SensorNode, id=6)
** Event #320  t=5.958675083006  59% completed  (59% total)   LightIoTNetwork.gateway (GatewayNode, id=22)
** Event #321  t=5.959675083006  59% completed  (59% total)   LightIoTNetwork.cloud (CloudServer, id=23)
[INFO]	[CloudServer] Received message ID=500005 | Delay: 0.001s
** Event #322  t=5.968010334344  59% completed  (59% total)   LightIoTNetwork.sensor[18] (SensorNode, id=20)
** Event #323  t=5.968010334344  59% completed  (59% total)   LightIoTNetwork.gateway (GatewayNode, id=22)
** Event #324  t=5.969010334344  59% completed  (59% total)   LightIoTNetwork.cloud (CloudServer, id=23)
[INFO]	[CloudServer] Received message ID=1900005 | Delay: 0.001s
** Event #325  t=6.017545815091  60% completed  (60% total)   LightIoTNetwork.sensor[0] (SensorNode, id=2)
** Event #326  t=6.017545815091  60% completed  (60% total)   LightIoTNetwork.gateway (GatewayNode, id=22)
** Event #327  t=6.018545815091  60% completed  (60% total)   LightIoTNetwork.cloud (CloudServer, id=23)
[INFO]	[CloudServer] Received message ID=100005 | Delay: 0.001s
** Event #328  t=6.048859578278  60% completed  (60% total)   LightIoTNetwork.sensor[19] (SensorNode, id=21)
** Event #329  t=6.048859578278  60% completed  (60% total)   LightIoTNetwork.gateway (GatewayNode, id=22)
** Event #330  t=6.049859578278  60% completed  (60% total)   LightIoTNetwork.cloud (CloudServer, id=23)
[INFO]	[CloudServer] Received message ID=2000005 | Delay: 0.001s
** Event #331  t=6.069796888205  60% completed  (60% total)   LightIoTNetwork.sensor[8] (SensorNode, id=10)
** Event #332  t=6.069796888205  60% completed  (60% total)   LightIoTNetwork.gateway (GatewayNode, id=22)
** Event #333  t=6.070796888205  60% completed  (60% total)   LightIoTNetwork.cloud (CloudServer, id=23)
[INFO]	[CloudServer] Received message ID=900005 | Delay: 0.001s
** Event #334  t=6.077252711916  60% completed  (60% total)   LightIoTNetwork.sensor[12] (SensorNode, id=14)
** Event #335  t=6.077252711916  60% completed  (60% total)   LightIoTNetwork.gateway (GatewayNode, id=22)
** Event #336  t=6.077790519641  60% completed  (60% total)   LightIoTNetwork.sensor[10] (SensorNode, id=12)
** Event #337  t=6.077790519641  60% completed  (60% total)   LightIoTNetwork.gateway (GatewayNode, id=22)
** Event #338  t=6.078252711916  60% completed  (60% total)   LightIoTNetwork.cloud (CloudServer, id=23)
[INFO]	[CloudServer] Received message ID=1300005 | Delay: 0.001s
** Event #339  t=6.078790519641  60% completed  (60% total)   LightIoTNetwork.cloud (CloudServer, id=23)
[INFO]	[CloudServer] Received message ID=1100005 | Delay: 0.001s
** Event #340  t=6.14282606896  61% completed  (61% total)   LightIoTNetwork.sensor[1] (SensorNode, id=3)
** Event #341  t=6.14282606896  61% completed  (61% total)   LightIoTNetwork.gateway (GatewayNode, id=22)
** Event #342  t=6.14382606896  61% completed  (61% total)   LightIoTNetwork.cloud (CloudServer, id=23)
[INFO]	[CloudServer] Received message ID=200005 | Delay: 0.001s
** Event #343  t=6.210619671783  62% completed  (62% total)   LightIoTNetwork.sensor[3] (SensorNode, id=5)
** Event #344  t=6.210619671783  62% completed  (62% total)   LightIoTNetwork.gateway (GatewayNode, id=22)
** Event #345  t=6.211619671783  62% completed  (62% total)   LightIoTNetwork.cloud (CloudServer, id=23)
[INFO]	[CloudServer] Received message ID=400005 | Delay: 0.001s
** Event #346  t=6.394136644527  63% completed  (63% total)   LightIoTNetwork.sensor[5] (SensorNode, id=7)
** Event #347  t=6.394136644527  63% completed  (63% total)   LightIoTNetwork.gateway (GatewayNode, id=22)
** Event #348  t=6.395136644527  63% completed  (63% total)   LightIoTNetwork.cloud (CloudServer, id=23)
[INFO]	[CloudServer] Received message ID=600005 | Delay: 0.001s
** Event #349  t=6.415744556812  64% completed  (64% total)   LightIoTNetwork.sensor[2] (SensorNode, id=4)
** Event #350  t=6.415744556812  64% completed  (64% total)   LightIoTNetwork.gateway (GatewayNode, id=22)
** Event #351  t=6.416744556812  64% completed  (64% total)   LightIoTNetwork.cloud (CloudServer, id=23)
[INFO]	[CloudServer] Received message ID=300005 | Delay: 0.001s
** Event #352  t=6.436284859851  64% completed  (64% total)   LightIoTNetwork.sensor[16] (SensorNode, id=18)
** Event #353  t=6.436284859851  64% completed  (64% total)   LightIoTNetwork.gateway (GatewayNode, id=22)
** Event #354  t=6.437284859851  64% completed  (64% total)   LightIoTNetwork.cloud (CloudServer, id=23)
[INFO]	[CloudServer] Received message ID=1700005 | Delay: 0.001s
** Event #355  t=6.455454104254  64% completed  (64% total)   LightIoTNetwork.sensor[7] (SensorNode, id=9)
** Event #356  t=6.455454104254  64% completed  (64% total)   LightIoTNetwork.gateway (GatewayNode, id=22)
** Event #357  t=6.456454104254  64% completed  (64% total)   LightIoTNetwork.cloud (CloudServer, id=23)
[INFO]	[CloudServer] Received message ID=800005 | Delay: 0.001s
** Event #358  t=6.531340033142  65% completed  (65% total)   LightIoTNetwork.sensor[14] (SensorNode, id=16)
** Event #359  t=6.531340033142  65% completed  (65% total)   LightIoTNetwork.gateway (GatewayNode, id=22)
** Event #360  t=6.532340033142  65% completed  (65% total)   LightIoTNetwork.cloud (CloudServer, id=23)
[INFO]	[CloudServer] Received message ID=1500005 | Delay: 0.001s
** Event #361  t=6.581427626172  65% completed  (65% total)   LightIoTNetwork.sensor[15] (SensorNode, id=17)
** Event #362  t=6.581427626172  65% completed  (65% total)   LightIoTNetwork.gateway (GatewayNode, id=22)
** Event #363  t=6.582427626172  65% completed  (65% total)   LightIoTNetwork.cloud (CloudServer, id=23)
[INFO]	[CloudServer] Received message ID=1600006 | Delay: 0.001s
** Event #364  t=6.633200967452  66% completed  (66% total)   LightIoTNetwork.sensor[13] (SensorNode, id=15)
** Event #365  t=6.633200967452  66% completed  (66% total)   LightIoTNetwork.gateway (GatewayNode, id=22)
** Event #366  t=6.634200967452  66% completed  (66% total)   LightIoTNetwork.cloud (CloudServer, id=23)
[INFO]	[CloudServer] Received message ID=1400006 | Delay: 0.001s
** Event #367  t=6.766973654647  67% completed  (67% total)   LightIoTNetwork.sensor[11] (SensorNode, id=13)
** Event #368  t=6.766973654647  67% completed  (67% total)   LightIoTNetwork.gateway (GatewayNode, id=22)
** Event #369  t=6.767973654647  67% completed  (67% total)   LightIoTNetwork.cloud (CloudServer, id=23)
[INFO]	[CloudServer] Received message ID=1200006 | Delay: 0.001s
** Event #370  t=6.886311672908  68% completed  (68% total)   LightIoTNetwork.sensor[4] (SensorNode, id=6)
** Event #371  t=6.886311672908  68% completed  (68% total)   LightIoTNetwork.gateway (GatewayNode, id=22)
** Event #372  t=6.887311672908  68% completed  (68% total)   LightIoTNetwork.cloud (CloudServer, id=23)
[INFO]	[CloudServer] Received message ID=500006 | Delay: 0.001s
** Event #373  t=6.918516297684  69% completed  (69% total)   LightIoTNetwork.sensor[9] (SensorNode, id=11)
** Event #374  t=6.918516297684  69% completed  (69% total)   LightIoTNetwork.gateway (GatewayNode, id=22)
** Event #375  t=6.919516297684  69% completed  (69% total)   LightIoTNetwork.cloud (CloudServer, id=23)
[INFO]	[CloudServer] Received message ID=1000006 | Delay: 0.001s
** Event #376  t=6.923966733552  69% completed  (69% total)   LightIoTNetwork.sensor[17] (SensorNode, id=19)
** Event #377  t=6.923966733552  69% completed  (69% total)   LightIoTNetwork.gateway (GatewayNode, id=22)
** Event #378  t=6.924966733552  69% completed  (69% total)   LightIoTNetwork.cloud (CloudServer, id=23)
[INFO]	[CloudServer] Received message ID=1800006 | Delay: 0.001s
** Event #379  t=6.933440977753  69% completed  (69% total)   LightIoTNetwork.sensor[6] (SensorNode, id=8)
** Event #380  t=6.933440977753  69% completed  (69% total)   LightIoTNetwork.gateway (GatewayNode, id=22)
** Event #381  t=6.934440977753  69% completed  (69% total)   LightIoTNetwork.cloud (CloudServer, id=23)
[INFO]	[CloudServer] Received message ID=700006 | Delay: 0.001s
** Event #382  t=6.956862286431  69% completed  (69% total)   LightIoTNetwork.sensor[0] (SensorNode, id=2)
** Event #383  t=6.956862286431  69% completed  (69% total)   LightIoTNetwork.gateway (GatewayNode, id=22)
** Event #384  t=6.957862286431  69% completed  (69% total)   LightIoTNetwork.cloud (CloudServer, id=23)
[INFO]	[CloudServer] Received message ID=100006 | Delay: 0.001s
** Event #385  t=7.023679430689  70% completed  (70% total)   LightIoTNetwork.sensor[18] (SensorNode, id=20)
** Event #386  t=7.023679430689  70% completed  (70% total)   LightIoTNetwork.gateway (GatewayNode, id=22)
** Event #387  t=7.024679430689  70% completed  (70% total)   LightIoTNetwork.cloud (CloudServer, id=23)
[INFO]	[CloudServer] Received message ID=1900006 | Delay: 0.001s
** Event #388  t=7.04354192135  70% completed  (70% total)   LightIoTNetwork.sensor[8] (SensorNode, id=10)
** Event #389  t=7.04354192135  70% completed  (70% total)   LightIoTNetwork.gateway (GatewayNode, id=22)
** Event #390  t=7.04454192135  70% completed  (70% total)   LightIoTNetwork.cloud (CloudServer, id=23)
[INFO]	[CloudServer] Received message ID=900006 | Delay: 0.001s
** Event #391  t=7.045540397335  70% completed  (70% total)   LightIoTNetwork.sensor[1] (SensorNode, id=3)
** Event #392  t=7.045540397335  70% completed  (70% total)   LightIoTNetwork.gateway (GatewayNode, id=22)
** Event #393  t=7.046540397335  70% completed  (70% total)   LightIoTNetwork.cloud (CloudServer, id=23)
[INFO]	[CloudServer] Received message ID=200006 | Delay: 0.001s
** Event #394  t=7.109758085526  71% completed  (71% total)   LightIoTNetwork.sensor[12] (SensorNode, id=14)
** Event #395  t=7.109758085526  71% completed  (71% total)   LightIoTNetwork.gateway (GatewayNode, id=22)
** Event #396  t=7.110758085526  71% completed  (71% total)   LightIoTNetwork.cloud (CloudServer, id=23)
[INFO]	[CloudServer] Received message ID=1300006 | Delay: 0.001s
** Event #397  t=7.130039926013  71% completed  (71% total)   LightIoTNetwork.sensor[3] (SensorNode, id=5)
** Event #398  t=7.130039926013  71% completed  (71% total)   LightIoTNetwork.gateway (GatewayNode, id=22)
** Event #399  t=7.131039926013  71% completed  (71% total)   LightIoTNetwork.cloud (CloudServer, id=23)
[INFO]	[CloudServer] Received message ID=400006 | Delay: 0.001s
** Event #400  t=7.138773788558  71% completed  (71% total)   LightIoTNetwork.sensor[19] (SensorNode, id=21)
** Event #401  t=7.138773788558  71% completed  (71% total)   LightIoTNetwork.gateway (GatewayNode, id=22)
** Event #402  t=7.139773788558  71% completed  (71% total)   LightIoTNetwork.cloud (CloudServer, id=23)
[INFO]	[CloudServer] Received message ID=2000006 | Delay: 0.001s
** Event #403  t=7.141989165823  71% completed  (71% total)   LightIoTNetwork.sensor[10] (SensorNode, id=12)
** Event #404  t=7.141989165823  71% completed  (71% total)   LightIoTNetwork.gateway (GatewayNode, id=22)
** Event #405  t=7.142989165823  71% completed  (71% total)   LightIoTNetwork.cloud (CloudServer, id=23)
[INFO]	[CloudServer] Received message ID=1100006 | Delay: 0.001s
** Event #406  t=7.374673784478  73% completed  (73% total)   LightIoTNetwork.sensor[7] (SensorNode, id=9)
** Event #407  t=7.374673784478  73% completed  (73% total)   LightIoTNetwork.gateway (GatewayNode, id=22)
** Event #408  t=7.375673784478  73% completed  (73% total)   LightIoTNetwork.cloud (CloudServer, id=23)
[INFO]	[CloudServer] Received message ID=800006 | Delay: 0.001s
** Event #409  t=7.418705863179  74% completed  (74% total)   LightIoTNetwork.sensor[5] (SensorNode, id=7)
** Event #410  t=7.418705863179  74% completed  (74% total)   LightIoTNetwork.gateway (GatewayNode, id=22)
** Event #411  t=7.419705863179  74% completed  (74% total)   LightIoTNetwork.cloud (CloudServer, id=23)
[INFO]	[CloudServer] Received message ID=600006 | Delay: 0.001s
** Event #412  t=7.471016786061  74% completed  (74% total)   LightIoTNetwork.sensor[16] (SensorNode, id=18)
** Event #413  t=7.471016786061  74% completed  (74% total)   LightIoTNetwork.gateway (GatewayNode, id=22)
** Event #414  t=7.472016786061  74% completed  (74% total)   LightIoTNetwork.cloud (CloudServer, id=23)
[INFO]	[CloudServer] Received message ID=1700006 | Delay: 0.001s
** Event #415  t=7.483333538146  74% completed  (74% total)   LightIoTNetwork.sensor[2] (SensorNode, id=4)
** Event #416  t=7.483333538146  74% completed  (74% total)   LightIoTNetwork.gateway (GatewayNode, id=22)
** Event #417  t=7.484333538146  74% completed  (74% total)   LightIoTNetwork.cloud (CloudServer, id=23)
[INFO]	[CloudServer] Received message ID=300006 | Delay: 0.001s
** Event #418  t=7.625729032932  76% completed  (76% total)   LightIoTNetwork.sensor[14] (SensorNode, id=16)
** Event #419  t=7.625729032932  76% completed  (76% total)   LightIoTNetwork.gateway (GatewayNode, id=22)
** Event #420  t=7.626729032932  76% completed  (76% total)   LightIoTNetwork.cloud (CloudServer, id=23)
[INFO]	[CloudServer] Received message ID=1500006 | Delay: 0.001s
** Event #421  t=7.676719519216  76% completed  (76% total)   LightIoTNetwork.sensor[15] (SensorNode, id=17)
** Event #422  t=7.676719519216  76% completed  (76% total)   LightIoTNetwork.gateway (GatewayNode, id=22)
** Event #423  t=7.677719519216  76% completed  (76% total)   LightIoTNetwork.cloud (CloudServer, id=23)
[INFO]	[CloudServer] Received message ID=1600007 | Delay: 0.001s
** Event #424  t=7.708839661163  77% completed  (77% total)   LightIoTNetwork.sensor[13] (SensorNode, id=15)
** Event #425  t=7.708839661163  77% completed  (77% total)   LightIoTNetwork.gateway (GatewayNode, id=22)
** Event #426  t=7.709839661163  77% completed  (77% total)   LightIoTNetwork.cloud (CloudServer, id=23)
[INFO]	[CloudServer] Received message ID=1400007 | Delay: 0.001s
** Event #427  t=7.76070389431  77% completed  (77% total)   LightIoTNetwork.sensor[11] (SensorNode, id=13)
** Event #428  t=7.76070389431  77% completed  (77% total)   LightIoTNetwork.gateway (GatewayNode, id=22)
** Event #429  t=7.76170389431  77% completed  (77% total)   LightIoTNetwork.cloud (CloudServer, id=23)
[INFO]	[CloudServer] Received message ID=1200007 | Delay: 0.001s
** Event #430  t=7.835109672136  78% completed  (78% total)   LightIoTNetwork.sensor[17] (SensorNode, id=19)
** Event #431  t=7.835109672136  78% completed  (78% total)   LightIoTNetwork.gateway (GatewayNode, id=22)
** Event #432  t=7.836109672136  78% completed  (78% total)   LightIoTNetwork.cloud (CloudServer, id=23)
[INFO]	[CloudServer] Received message ID=1800007 | Delay: 0.001s
** Event #433  t=7.888236547262  78% completed  (78% total)   LightIoTNetwork.sensor[4] (SensorNode, id=6)
** Event #434  t=7.888236547262  78% completed  (78% total)   LightIoTNetwork.gateway (GatewayNode, id=22)
** Event #435  t=7.889236547262  78% completed  (78% total)   LightIoTNetwork.cloud (CloudServer, id=23)
[INFO]	[CloudServer] Received message ID=500007 | Delay: 0.001s
** Event #436  t=7.947094129211  79% completed  (79% total)   LightIoTNetwork.sensor[0] (SensorNode, id=2)
** Event #437  t=7.947094129211  79% completed  (79% total)   LightIoTNetwork.gateway (GatewayNode, id=22)
** Event #438  t=7.947539455817  79% completed  (79% total)   LightIoTNetwork.sensor[8] (SensorNode, id=10)
** Event #439  t=7.947539455817  79% completed  (79% total)   LightIoTNetwork.gateway (GatewayNode, id=22)
** Event #440  t=7.948094129211  79% completed  (79% total)   LightIoTNetwork.cloud (CloudServer, id=23)
[INFO]	[CloudServer] Received message ID=100007 | Delay: 0.001s
** Event #441  t=7.948539455817  79% completed  (79% total)   LightIoTNetwork.cloud (CloudServer, id=23)
[INFO]	[CloudServer] Received message ID=900007 | Delay: 0.001s
** Event #442  t=7.953377955128  79% completed  (79% total)   LightIoTNetwork.sensor[1] (SensorNode, id=3)
** Event #443  t=7.953377955128  79% completed  (79% total)   LightIoTNetwork.gateway (GatewayNode, id=22)
** Event #444  t=7.954377955128  79% completed  (79% total)   LightIoTNetwork.cloud (CloudServer, id=23)
[INFO]	[CloudServer] Received message ID=200007 | Delay: 0.001s
** Event #445  t=7.954410081356  79% completed  (79% total)   LightIoTNetwork.sensor[6] (SensorNode, id=8)
** Event #446  t=7.954410081356  79% completed  (79% total)   LightIoTNetwork.gateway (GatewayNode, id=22)
** Event #447  t=7.955410081356  79% completed  (79% total)   LightIoTNetwork.cloud (CloudServer, id=23)
[INFO]	[CloudServer] Received message ID=700007 | Delay: 0.001s
** Event #448  t=8.013868515844  80% completed  (80% total)   LightIoTNetwork.sensor[9] (SensorNode, id=11)
** Event #449  t=8.013868515844  80% completed  (80% total)   LightIoTNetwork.gateway (GatewayNode, id=22)
** Event #450  t=8.014868515844  80% completed  (80% total)   LightIoTNetwork.cloud (CloudServer, id=23)
[INFO]	[CloudServer] Received message ID=1000007 | Delay: 0.001s
** Event #451  t=8.066028478741  80% completed  (80% total)   LightIoTNetwork.sensor[10] (SensorNode, id=12)
** Event #452  t=8.066028478741  80% completed  (80% total)   LightIoTNetwork.gateway (GatewayNode, id=22)
** Event #453  t=8.067028478741  80% completed  (80% total)   LightIoTNetwork.cloud (CloudServer, id=23)
[INFO]	[CloudServer] Received message ID=1100007 | Delay: 0.001s
** Event #454  t=8.071532146958  80% completed  (80% total)   LightIoTNetwork.sensor[18] (SensorNode, id=20)
** Event #455  t=8.071532146958  80% completed  (80% total)   LightIoTNetwork.gateway (GatewayNode, id=22)
** Event #456  t=8.072532146958  80% completed  (80% total)   LightIoTNetwork.cloud (CloudServer, id=23)
[INFO]	[CloudServer] Received message ID=1900007 | Delay: 0.001s
** Event #457  t=8.086601317907  80% completed  (80% total)   LightIoTNetwork.sensor[3] (SensorNode, id=5)
** Event #458  t=8.086601317907  80% completed  (80% total)   LightIoTNetwork.gateway (GatewayNode, id=22)
** Event #459  t=8.087601317907  80% completed  (80% total)   LightIoTNetwork.cloud (CloudServer, id=23)
[INFO]	[CloudServer] Received message ID=400007 | Delay: 0.001s
** Event #460  t=8.09810026982  80% completed  (80% total)   LightIoTNetwork.sensor[12] (SensorNode, id=14)
** Event #461  t=8.09810026982  80% completed  (80% total)   LightIoTNetwork.gateway (GatewayNode, id=22)
** Event #462  t=8.09910026982  80% completed  (80% total)   LightIoTNetwork.cloud (CloudServer, id=23)
[INFO]	[CloudServer] Received message ID=1300007 | Delay: 0.001s
** Event #463  t=8.234691134654  82% completed  (82% total)   LightIoTNetwork.sensor[19] (SensorNode, id=21)
** Event #464  t=8.234691134654  82% completed  (82% total)   LightIoTNetwork.gateway (GatewayNode, id=22)
** Event #465  t=8.235691134654  82% completed  (82% total)   LightIoTNetwork.cloud (CloudServer, id=23)
[INFO]	[CloudServer] Received message ID=2000007 | Delay: 0.001s
** Event #466  t=8.346562678274  83% completed  (83% total)   LightIoTNetwork.sensor[7] (SensorNode, id=9)
** Event #467  t=8.346562678274  83% completed  (83% total)   LightIoTNetwork.gateway (GatewayNode, id=22)
** Event #468  t=8.347562678274  83% completed  (83% total)   LightIoTNetwork.cloud (CloudServer, id=23)
[INFO]	[CloudServer] Received message ID=800007 | Delay: 0.001s
** Event #469  t=8.377933903038  83% completed  (83% total)   LightIoTNetwork.sensor[5] (SensorNode, id=7)
** Event #470  t=8.377933903038  83% completed  (83% total)   LightIoTNetwork.gateway (GatewayNode, id=22)
** Event #471  t=8.378933903038  83% completed  (83% total)   LightIoTNetwork.cloud (CloudServer, id=23)
[INFO]	[CloudServer] Received message ID=600007 | Delay: 0.001s
** Event #472  t=8.407079081004  84% completed  (84% total)   LightIoTNetwork.sensor[2] (SensorNode, id=4)
** Event #473  t=8.407079081004  84% completed  (84% total)   LightIoTNetwork.gateway (GatewayNode, id=22)
** Event #474  t=8.408079081004  84% completed  (84% total)   LightIoTNetwork.cloud (CloudServer, id=23)
[INFO]	[CloudServer] Received message ID=300007 | Delay: 0.001s
** Event #475  t=8.467195493309  84% completed  (84% total)   LightIoTNetwork.sensor[16] (SensorNode, id=18)
** Event #476  t=8.467195493309  84% completed  (84% total)   LightIoTNetwork.gateway (GatewayNode, id=22)
** Event #477  t=8.468195493309  84% completed  (84% total)   LightIoTNetwork.cloud (CloudServer, id=23)
[INFO]	[CloudServer] Received message ID=1700007 | Delay: 0.001s
** Event #478  t=8.640316153876  86% completed  (86% total)   LightIoTNetwork.sensor[15] (SensorNode, id=17)
** Event #479  t=8.640316153876  86% completed  (86% total)   LightIoTNetwork.gateway (GatewayNode, id=22)
** Event #480  t=8.641316153876  86% completed  (86% total)   LightIoTNetwork.cloud (CloudServer, id=23)
[INFO]	[CloudServer] Received message ID=1600008 | Delay: 0.001s
** Event #481  t=8.663461270183  86% completed  (86% total)   LightIoTNetwork.sensor[14] (SensorNode, id=16)
** Event #482  t=8.663461270183  86% completed  (86% total)   LightIoTNetwork.gateway (GatewayNode, id=22)
** Event #483  t=8.664461270183  86% completed  (86% total)   LightIoTNetwork.cloud (CloudServer, id=23)
[INFO]	[CloudServer] Received message ID=1500007 | Delay: 0.001s
** Event #484  t=8.743556491984  87% completed  (87% total)   LightIoTNetwork.sensor[11] (SensorNode, id=13)
** Event #485  t=8.743556491984  87% completed  (87% total)   LightIoTNetwork.gateway (GatewayNode, id=22)
** Event #486  t=8.744556491984  87% completed  (87% total)   LightIoTNetwork.cloud (CloudServer, id=23)
[INFO]	[CloudServer] Received message ID=1200008 | Delay: 0.001s
** Event #487  t=8.784934839793  87% completed  (87% total)   LightIoTNetwork.sensor[13] (SensorNode, id=15)
** Event #488  t=8.784934839793  87% completed  (87% total)   LightIoTNetwork.gateway (GatewayNode, id=22)
** Event #489  t=8.785934839793  87% completed  (87% total)   LightIoTNetwork.cloud (CloudServer, id=23)
[INFO]	[CloudServer] Received message ID=1400008 | Delay: 0.001s
** Event #490  t=8.801066047466  88% completed  (88% total)   LightIoTNetwork.sensor[4] (SensorNode, id=6)
** Event #491  t=8.801066047466  88% completed  (88% total)   LightIoTNetwork.gateway (GatewayNode, id=22)
** Event #492  t=8.802066047466  88% completed  (88% total)   LightIoTNetwork.cloud (CloudServer, id=23)
[INFO]	[CloudServer] Received message ID=500008 | Delay: 0.001s
** Event #493  t=8.890458555844  88% completed  (88% total)   LightIoTNetwork.sensor[0] (SensorNode, id=2)
** Event #494  t=8.890458555844  88% completed  (88% total)   LightIoTNetwork.gateway (GatewayNode, id=22)
** Event #495  t=8.891458555844  88% completed  (88% total)   LightIoTNetwork.cloud (CloudServer, id=23)
[INFO]	[CloudServer] Received message ID=100008 | Delay: 0.001s
** Event #496  t=8.91875676671  89% completed  (89% total)   LightIoTNetwork.sensor[17] (SensorNode, id=19)
** Event #497  t=8.91875676671  89% completed  (89% total)   LightIoTNetwork.gateway (GatewayNode, id=22)
** Event #498  t=8.91975676671  89% completed  (89% total)   LightIoTNetwork.cloud (CloudServer, id=23)
[INFO]	[CloudServer] Received message ID=1800008 | Delay: 0.001s
** Event #499  t=8.966415728257  89% completed  (89% total)   LightIoTNetwork.sensor[1] (SensorNode, id=3)
** Event #500  t=8.966415728257  89% completed  (89% total)   LightIoTNetwork.gateway (GatewayNode, id=22)
** Event #501  t=8.967415728257  89% completed  (89% total)   LightIoTNetwork.cloud (CloudServer, id=23)
[INFO]	[CloudServer] Received message ID=200008 | Delay: 0.001s
** Event #502  t=8.967730371048  89% completed  (89% total)   LightIoTNetwork.sensor[6] (SensorNode, id=8)
** Event #503  t=8.967730371048  89% completed  (89% total)   LightIoTNetwork.gateway (GatewayNode, id=22)
** Event #504  t=8.968730371048  89% completed  (89% total)   LightIoTNetwork.cloud (CloudServer, id=23)
[INFO]	[CloudServer] Received message ID=700008 | Delay: 0.001s
** Event #505  t=8.986033879687  89% completed  (89% total)   LightIoTNetwork.sensor[8] (SensorNode, id=10)
** Event #506  t=8.986033879687  89% completed  (89% total)   LightIoTNetwork.gateway (GatewayNode, id=22)
** Event #507  t=8.987033879687  89% completed  (89% total)   LightIoTNetwork.cloud (CloudServer, id=23)
[INFO]	[CloudServer] Received message ID=900008 | Delay: 0.001s
** Event #508  t=9.019106376962  90% completed  (90% total)   LightIoTNetwork.sensor[10] (SensorNode, id=12)
** Event #509  t=9.019106376962  90% completed  (90% total)   LightIoTNetwork.gateway (GatewayNode, id=22)
** Event #510  t=9.020106376962  90% completed  (90% total)   LightIoTNetwork.cloud (CloudServer, id=23)
[INFO]	[CloudServer] Received message ID=1100008 | Delay: 0.001s
** Event #511  t=9.07332593915  90% completed  (90% total)   LightIoTNetwork.sensor[18] (SensorNode, id=20)
** Event #512  t=9.07332593915  90% completed  (90% total)   LightIoTNetwork.gateway (GatewayNode, id=22)
** Event #513  t=9.07432593915  90% completed  (90% total)   LightIoTNetwork.cloud (CloudServer, id=23)
[INFO]	[CloudServer] Received message ID=1900008 | Delay: 0.001s
** Event #514  t=9.086889028641  90% completed  (90% total)   LightIoTNetwork.sensor[9] (SensorNode, id=11)
** Event #515  t=9.086889028641  90% completed  (90% total)   LightIoTNetwork.gateway (GatewayNode, id=22)
** Event #516  t=9.087889028641  90% completed  (90% total)   LightIoTNetwork.cloud (CloudServer, id=23)
[INFO]	[CloudServer] Received message ID=1000008 | Delay: 0.001s
** Event #517  t=9.091250928492  90% completed  (90% total)   LightIoTNetwork.sensor[3] (SensorNode, id=5)
** Event #518  t=9.091250928492  90% completed  (90% total)   LightIoTNetwork.gateway (GatewayNode, id=22)
** Event #519  t=9.092250928492  90% completed  (90% total)   LightIoTNetwork.cloud (CloudServer, id=23)
[INFO]	[CloudServer] Received message ID=400008 | Delay: 0.001s
** Event #520  t=9.153479235852  91% completed  (91% total)   LightIoTNetwork.sensor[19] (SensorNode, id=21)
** Event #521  t=9.153479235852  91% completed  (91% total)   LightIoTNetwork.gateway (GatewayNode, id=22)
** Event #522  t=9.154479235852  91% completed  (91% total)   LightIoTNetwork.cloud (CloudServer, id=23)
[INFO]	[CloudServer] Received message ID=2000008 | Delay: 0.001s
** Event #523  t=9.181444861136  91% completed  (91% total)   LightIoTNetwork.sensor[12] (SensorNode, id=14)
** Event #524  t=9.181444861136  91% completed  (91% total)   LightIoTNetwork.gateway (GatewayNode, id=22)
** Event #525  t=9.182444861136  91% completed  (91% total)   LightIoTNetwork.cloud (CloudServer, id=23)
[INFO]	[CloudServer] Received message ID=1300008 | Delay: 0.001s
** Event #526  t=9.323701578332  93% completed  (93% total)   LightIoTNetwork.sensor[2] (SensorNode, id=4)
** Event #527  t=9.323701578332  93% completed  (93% total)   LightIoTNetwork.gateway (GatewayNode, id=22)
** Event #528  t=9.324701578332  93% completed  (93% total)   LightIoTNetwork.cloud (CloudServer, id=23)
[INFO]	[CloudServer] Received message ID=300008 | Delay: 0.001s
** Event #529  t=9.393123202072  93% completed  (93% total)   LightIoTNetwork.sensor[5] (SensorNode, id=7)
** Event #530  t=9.393123202072  93% completed  (93% total)   LightIoTNetwork.gateway (GatewayNode, id=22)
** Event #531  t=9.394123202072  93% completed  (93% total)   LightIoTNetwork.cloud (CloudServer, id=23)
[INFO]	[CloudServer] Received message ID=600008 | Delay: 0.001s
** Event #532  t=9.430794200674  94% completed  (94% total)   LightIoTNetwork.sensor[7] (SensorNode, id=9)
** Event #533  t=9.430794200674  94% completed  (94% total)   LightIoTNetwork.gateway (GatewayNode, id=22)
** Event #534  t=9.431794200674  94% completed  (94% total)   LightIoTNetwork.cloud (CloudServer, id=23)
[INFO]	[CloudServer] Received message ID=800008 | Delay: 0.001s
** Event #535  t=9.553054732876  95% completed  (95% total)   LightIoTNetwork.sensor[16] (SensorNode, id=18)
** Event #536  t=9.553054732876  95% completed  (95% total)   LightIoTNetwork.gateway (GatewayNode, id=22)
** Event #537  t=9.554054732876  95% completed  (95% total)   LightIoTNetwork.cloud (CloudServer, id=23)
[INFO]	[CloudServer] Received message ID=1700008 | Delay: 0.001s
** Event #538  t=9.595859866682  95% completed  (95% total)   LightIoTNetwork.sensor[15] (SensorNode, id=17)
** Event #539  t=9.595859866682  95% completed  (95% total)   LightIoTNetwork.gateway (GatewayNode, id=22)
** Event #540  t=9.596859866682  95% completed  (95% total)   LightIoTNetwork.cloud (CloudServer, id=23)
[INFO]	[CloudServer] Received message ID=1600009 | Delay: 0.001s
** Event #541  t=9.627175061172  96% completed  (96% total)   LightIoTNetwork.sensor[14] (SensorNode, id=16)
** Event #542  t=9.627175061172  96% completed  (96% total)   LightIoTNetwork.gateway (GatewayNode, id=22)
** Event #543  t=9.628175061172  96% completed  (96% total)   LightIoTNetwork.cloud (CloudServer, id=23)
[INFO]	[CloudServer] Received message ID=1500008 | Delay: 0.001s
** Event #544  t=9.645427832333  96% completed  (96% total)   LightIoTNetwork.sensor[11] (SensorNode, id=13)
** Event #545  t=9.645427832333  96% completed  (96% total)   LightIoTNetwork.gateway (GatewayNode, id=22)
** Event #546  t=9.646427832333  96% completed  (96% total)   LightIoTNetwork.cloud (CloudServer, id=23)
[INFO]	[CloudServer] Received message ID=1200009 | Delay: 0.001s
** Event #547  t=9.816818128245  98% completed  (98% total)   LightIoTNetwork.sensor[0] (SensorNode, id=2)
** Event #548  t=9.816818128245  98% completed  (98% total)   LightIoTNetwork.gateway (GatewayNode, id=22)
** Event #549  t=9.817818128245  98% completed  (98% total)   LightIoTNetwork.cloud (CloudServer, id=23)
[INFO]	[CloudServer] Received message ID=100009 | Delay: 0.001s
** Event #550  t=9.818416915043  98% completed  (98% total)   LightIoTNetwork.sensor[13] (SensorNode, id=15)
** Event #551  t=9.818416915043  98% completed  (98% total)   LightIoTNetwork.gateway (GatewayNode, id=22)
** Event #552  t=9.819416915043  98% completed  (98% total)   LightIoTNetwork.cloud (CloudServer, id=23)
[INFO]	[CloudServer] Received message ID=1400009 | Delay: 0.001s
** Event #553  t=9.869534463296  98% completed  (98% total)   LightIoTNetwork.sensor[4] (SensorNode, id=6)
** Event #554  t=9.869534463296  98% completed  (98% total)   LightIoTNetwork.gateway (GatewayNode, id=22)
** Event #555  t=9.870534463296  98% completed  (98% total)   LightIoTNetwork.cloud (CloudServer, id=23)
[INFO]	[CloudServer] Received message ID=500009 | Delay: 0.001s
** Event #556  t=9.943915097882  99% completed  (99% total)   LightIoTNetwork.sensor[8] (SensorNode, id=10)
** Event #557  t=9.943915097882  99% completed  (99% total)   LightIoTNetwork.gateway (GatewayNode, id=22)
** Event #558  t=9.944915097882  99% completed  (99% total)   LightIoTNetwork.cloud (CloudServer, id=23)
[INFO]	[CloudServer] Received message ID=900009 | Delay: 0.001s
** Event #559  t=9.948191594425  99% completed  (99% total)   LightIoTNetwork.sensor[17] (SensorNode, id=19)
** Event #560  t=9.948191594425  99% completed  (99% total)   LightIoTNetwork.gateway (GatewayNode, id=22)
** Event #561  t=9.949191594425  99% completed  (99% total)   LightIoTNetwork.cloud (CloudServer, id=23)
[INFO]	[CloudServer] Received message ID=1800009 | Delay: 0.001s
** Event #562  t=9.972052409825  99% completed  (99% total)   LightIoTNetwork.sensor[10] (SensorNode, id=12)
** Event #563  t=9.972052409825  99% completed  (99% total)   LightIoTNetwork.gateway (GatewayNode, id=22)
** Event #564  t=9.973052409825  99% completed  (99% total)   LightIoTNetwork.cloud (CloudServer, id=23)
[INFO]	[CloudServer] Received message ID=1100009 | Delay: 0.001s
** Event #565  t=10  100% completed  (100% total)   

<!> Simulation time limit reached -- at t=10s, event #565

Calling finish() at end of Run #0...
[INFO]	[SensorNode] Energy Remaining: 4800 mJ (96%)
[INFO]	[SensorNode] Energy Remaining: 4820 mJ (96.4%)
[INFO]	[SensorNode] Energy Remaining: 4820 mJ (96.4%)
[INFO]	[SensorNode] Energy Remaining: 4820 mJ (96.4%)
[INFO]	[SensorNode] Energy Remaining: 4800 mJ (96%)
[INFO]	[SensorNode] Energy Remaining: 4820 mJ (96.4%)
[INFO]	[SensorNode] Energy Remaining: 4820 mJ (96.4%)
[INFO]	[SensorNode] Energy Remaining: 4820 mJ (96.4%)
[INFO]	[SensorNode] Energy Remaining: 4800 mJ (96%)
[INFO]	[SensorNode] Energy Remaining: 4820 mJ (96.4%)
[INFO]	[SensorNode] Energy Remaining: 4800 mJ (96%)
[INFO]	[SensorNode] Energy Remaining: 4800 mJ (96%)
[INFO]	[SensorNode] Energy Remaining: 4820 mJ (96.4%)
[INFO]	[SensorNode] Energy Remaining: 4800 mJ (96%)
[INFO]	[SensorNode] Energy Remaining: 4820 mJ (96.4%)
[INFO]	[SensorNode] Energy Remaining: 4800 mJ (96%)
[INFO]	[SensorNode] Energy Remaining: 4820 mJ (96.4%)
[INFO]	[SensorNode] Energy Remaining: 4800 mJ (96%)
[INFO]	[SensorNode] Energy Remaining: 4820 mJ (96.4%)
[INFO]	[SensorNode] Energy Remaining: 4820 mJ (96.4%)
[INFO]	[GatewayNode] Received=188, Forwarded=188, Dropped=0
[INFO]	[GatewayNode] Energy Remaining: 3120 mJ (62.4%)
[INFO]	[CloudServer] Total Messages Received: 188
[INFO]	[CloudServer] Average End-to-End Delay: 0.001 seconds
[INFO]	[FakeNode] Attack simulation completed.

End.
